2017-12-04 15:51:26,024 [main] INFO  org.mule.module.launcher.application.DefaultMuleApplication - 
++++++++++++++++++++++++++++++++++++++++++++++++++++++++++++
+ Initializing app '74-jms-connector-active-mq'            +
++++++++++++++++++++++++++++++++++++++++++++++++++++++++++++
2017-12-04 15:51:26,920 [main] INFO  org.mule.lifecycle.AbstractLifecycleManager - Initialising RegistryBroker
2017-12-04 15:51:27,311 [main] INFO  org.mule.module.extension.internal.manager.DefaultExtensionManager - Starting discovery of extensions
2017-12-04 15:51:27,780 [main] INFO  org.mule.module.extension.internal.manager.DefaultExtensionManager - Discovered 1 extensions
2017-12-04 15:51:27,780 [main] INFO  org.mule.module.extension.internal.manager.DefaultExtensionManager - Registering extension validation (version 3.9)
2017-12-04 15:51:28,624 [main] INFO  org.mule.config.spring.MuleArtifactContext - Refreshing org.mule.config.spring.MuleArtifactContext@36f1046f: startup date [Mon Dec 04 15:51:28 IST 2017]; root of context hierarchy
2017-12-04 15:51:32,686 [main] INFO  org.mule.config.spring.processors.NoDevkitInjectorProcessor - JSR-330 'javax.inject.Inject' annotation found and supported for autowiring
2017-12-04 15:51:35,800 [main] WARN  org.mule.module.ognl.expression.OgnlExpressionEvaluator - OGNL module is deprecated and will be removed in Mule 4.0. Use MEL expressions instead.
2017-12-04 15:51:37,691 [main] INFO  org.mule.util.journal.TransactionJournal - Using files for tx logs F:\workspace_mulesoft1\.mule\.\.mule\74-jms-connector-active-mq\queue-tx-log\tx1.log and F:\workspace_mulesoft1\.mule\.\.mule\74-jms-connector-active-mq\queue-tx-log\tx2.log
2017-12-04 15:51:37,953 [main] INFO  org.mule.util.journal.TransactionJournal - Using files for tx logs F:\workspace_mulesoft1\.mule\.\.mule\74-jms-connector-active-mq\queue-xa-tx-log\tx1.log and F:\workspace_mulesoft1\.mule\.\.mule\74-jms-connector-active-mq\queue-xa-tx-log\tx2.log
2017-12-04 15:51:37,962 [main] INFO  org.mule.lifecycle.AbstractLifecycleManager - Initialising connector: Active_MQ
2017-12-04 15:51:38,463 [main] INFO  org.mule.lifecycle.AbstractLifecycleManager - Initialising model: _muleSystemModel
2017-12-04 15:51:38,472 [main] INFO  org.mule.construct.FlowConstructLifecycleManager - Initialising flow: 74-jms-connectorFlow
2017-12-04 15:51:38,473 [main] INFO  org.mule.exception.DefaultMessagingExceptionStrategy - Initialising exception listener: org.mule.exception.DefaultMessagingExceptionStrategy@11e17893
2017-12-04 15:51:38,739 [main] INFO  org.mule.processor.SedaStageLifecycleManager - Initialising service: 74-jms-connectorFlow.stage1
2017-12-04 15:51:39,329 [main] INFO  org.mule.config.spring.SpringXmlConfigurationBuilder - Configured Mule using "org.mule.config.spring.SpringXmlConfigurationBuilder" with configuration resource(s): "[ConfigResource{resourceName='F:\workspace_mulesoft1\.mule\apps\74-jms-connector-active-mq\74-jms-connector.xml'}]"
2017-12-04 15:51:39,329 [main] INFO  org.mule.config.builders.AutoConfigurationBuilder - Configured Mule using "org.mule.config.builders.AutoConfigurationBuilder" with configuration resource(s): "[ConfigResource{resourceName='F:\workspace_mulesoft1\.mule\apps\74-jms-connector-active-mq\74-jms-connector.xml'}]"
2017-12-04 15:51:39,341 [main] INFO  org.mule.module.launcher.application.DefaultMuleApplication - 
++++++++++++++++++++++++++++++++++++++++++++++++++++++++++++
+ Starting app '74-jms-connector-active-mq'                +
++++++++++++++++++++++++++++++++++++++++++++++++++++++++++++
2017-12-04 15:51:39,346 [main] INFO  org.mule.util.queue.QueueXaResourceManager - Starting ResourceManager
2017-12-04 15:51:39,346 [main] INFO  org.mule.util.queue.QueueXaResourceManager - Started ResourceManager
2017-12-04 15:51:39,453 [main] INFO  org.mule.module.http.internal.listener.DefaultHttpListenerConfig - Listening for requests on http://0.0.0.0:8083
2017-12-04 15:51:39,489 [main] ERROR org.mule.retry.notifiers.ConnectNotifier - Failed to connect/reconnect: ActiveMQJmsConnector
{
  name=Active_MQ
  lifecycle=initialise
  this=7a358613
  numberOfConcurrentTransactedReceivers=4
  createMultipleTransactedReceivers=true
  connected=false
  supportedProtocols=[jms]
  serviceOverrides=<none>
}
. Root Exception was: org.apache.activemq.ActiveMQConnectionFactory. Type: class java.lang.ClassNotFoundException
2017-12-04 15:51:39,491 [main] ERROR org.mule.module.launcher.application.DefaultMuleApplication - org.apache.activemq.ActiveMQConnectionFactory (java.lang.ClassNotFoundException)
2017-12-04 15:51:39,498 [main] INFO  org.mule.module.launcher.application.DefaultMuleApplication - 
++++++++++++++++++++++++++++++++++++++++++++++++++++++++++++
+ Disposing app '74-jms-connector-active-mq'               +
++++++++++++++++++++++++++++++++++++++++++++++++++++++++++++
2017-12-04 15:51:39,500 [main] INFO  org.mule.construct.FlowConstructLifecycleManager - Stopping flow: 74-jms-connectorFlow
2017-12-04 15:51:39,501 [main] INFO  org.mule.processor.SedaStageLifecycleManager - Stopping service: 74-jms-connectorFlow.stage1
2017-12-04 15:51:39,503 [main] INFO  org.mule.lifecycle.AbstractLifecycleManager - Stopping model: _muleSystemModel
2017-12-04 15:51:39,544 [main] INFO  org.mule.module.http.internal.listener.DefaultHttpListenerConfig - Stopped listener on http://0.0.0.0:8083
2017-12-04 15:51:39,545 [main] INFO  org.mule.util.queue.QueueXaResourceManager - Stopping ResourceManager
2017-12-04 15:51:39,546 [main] INFO  org.mule.util.queue.QueueXaResourceManager - Stopped ResourceManager
2017-12-04 15:51:39,562 [main] ERROR org.mule.DefaultMuleContext - Failed to stop Mule context
org.mule.api.lifecycle.LifecycleException: Failed to invoke lifecycle phase "stop" on object: com.mulesoft.mule.throttling.ThrottlingPhase@2b395581
	at org.mule.lifecycle.phases.DefaultLifecyclePhase.applyLifecycle(DefaultLifecyclePhase.java:243) ~[mule-core-3.9.0.jar:3.9.0]
	at org.mule.lifecycle.RegistryLifecycleCallback.doApplyLifecycle(RegistryLifecycleCallback.java:108) ~[mule-core-3.9.0.jar:3.9.0]
	at org.mule.lifecycle.RegistryLifecycleCallback.onTransition(RegistryLifecycleCallback.java:78) ~[mule-core-3.9.0.jar:3.9.0]
	at org.mule.lifecycle.AbstractLifecycleManager.invokePhase(AbstractLifecycleManager.java:146) ~[mule-core-3.9.0.jar:3.9.0]
	at org.mule.lifecycle.RegistryLifecycleManager.fireLifecycle(RegistryLifecycleManager.java:134) ~[mule-core-3.9.0.jar:3.9.0]
	at org.mule.registry.AbstractRegistryBroker.fireLifecycle(AbstractRegistryBroker.java:88) ~[mule-core-3.9.0.jar:3.9.0]
	at org.mule.registry.MuleRegistryHelper.fireLifecycle(MuleRegistryHelper.java:141) ~[mule-core-3.9.0.jar:3.9.0]
	at org.mule.lifecycle.MuleContextLifecycleManager$MuleContextLifecycleCallback.onTransition(MuleContextLifecycleManager.java:74) ~[mule-core-3.9.0.jar:3.9.0]
	at org.mule.lifecycle.MuleContextLifecycleManager$MuleContextLifecycleCallback.onTransition(MuleContextLifecycleManager.java:70) ~[mule-core-3.9.0.jar:3.9.0]
	at org.mule.lifecycle.AbstractLifecycleManager.invokePhase(AbstractLifecycleManager.java:146) ~[mule-core-3.9.0.jar:3.9.0]
	at org.mule.lifecycle.MuleContextLifecycleManager.fireLifecycle(MuleContextLifecycleManager.java:62) ~[mule-core-3.9.0.jar:3.9.0]
	at org.mule.DefaultMuleContext.stop(DefaultMuleContext.java:413) ~[mule-core-3.9.0.jar:3.9.0]
	at org.mule.DefaultMuleContext.dispose(DefaultMuleContext.java:426) ~[mule-core-3.9.0.jar:3.9.0]
	at org.mule.module.launcher.application.DefaultMuleApplication.doDispose(DefaultMuleApplication.java:439) ~[mule-module-launcher-3.9.0.jar:3.9.0]
	at org.mule.module.launcher.application.DefaultMuleApplication.dispose(DefaultMuleApplication.java:324) ~[mule-module-launcher-3.9.0.jar:3.9.0]
	at org.mule.module.launcher.artifact.ArtifactWrapper$1.execute(ArtifactWrapper.java:41) ~[mule-module-launcher-3.9.0.jar:3.9.0]
	at org.mule.module.launcher.artifact.ArtifactWrapper.executeWithinArtifactClassLoader(ArtifactWrapper.java:137) ~[mule-module-launcher-3.9.0.jar:3.9.0]
	at org.mule.module.launcher.artifact.ArtifactWrapper.dispose(ArtifactWrapper.java:36) ~[mule-module-launcher-3.9.0.jar:3.9.0]
	at org.mule.module.launcher.DefaultArtifactDeployer.deploy(DefaultArtifactDeployer.java:77) ~[mule-module-launcher-3.9.0.jar:3.9.0]
	at org.mule.module.launcher.DefaultArchiveDeployer.deployArtifact(DefaultArchiveDeployer.java:536) ~[mule-module-launcher-3.9.0.jar:3.9.0]
	at org.mule.module.launcher.DefaultArchiveDeployer.deployArtifact(DefaultArchiveDeployer.java:333) ~[mule-module-launcher-3.9.0.jar:3.9.0]
	at org.mule.module.launcher.DefaultArchiveDeployer.deployPackagedArtifact(DefaultArchiveDeployer.java:193) ~[mule-module-launcher-3.9.0.jar:3.9.0]
	at org.mule.module.launcher.DefaultArchiveDeployer.deployPackagedArtifact(DefaultArchiveDeployer.java:282) ~[mule-module-launcher-3.9.0.jar:3.9.0]
	at org.mule.module.launcher.DefaultArchiveDeployer.deployPackagedArtifact(DefaultArchiveDeployer.java:80) ~[mule-module-launcher-3.9.0.jar:3.9.0]
	at org.mule.module.launcher.DefaultArchiveDeployer.deployPackagedArtifact(DefaultArchiveDeployer.java:566) ~[mule-module-launcher-3.9.0.jar:3.9.0]
	at org.mule.module.launcher.DeploymentDirectoryWatcher.deployPackedApps(DeploymentDirectoryWatcher.java:283) ~[mule-module-launcher-3.9.0.jar:3.9.0]
	at org.mule.module.launcher.DeploymentDirectoryWatcher.start(DeploymentDirectoryWatcher.java:155) ~[mule-module-launcher-3.9.0.jar:3.9.0]
	at org.mule.module.launcher.MuleDeploymentService.start(MuleDeploymentService.java:139) ~[mule-module-launcher-3.9.0.jar:3.9.0]
	at org.mule.module.launcher.MuleContainer.start(MuleContainer.java:172) ~[mule-module-launcher-3.9.0.jar:3.9.0]
	at sun.reflect.NativeMethodAccessorImpl.invoke0(Native Method) ~[?:1.8.0_45]
	at sun.reflect.NativeMethodAccessorImpl.invoke(NativeMethodAccessorImpl.java:62) ~[?:1.8.0_45]
	at sun.reflect.DelegatingMethodAccessorImpl.invoke(DelegatingMethodAccessorImpl.java:43) ~[?:1.8.0_45]
	at java.lang.reflect.Method.invoke(Method.java:497) ~[?:1.8.0_45]
	at org.mule.tooling.server.application.ApplicationDeployer.main(ApplicationDeployer.java:33) ~[tooling-support-3.9.0.jar:?]
Caused by: java.lang.NullPointerException
	at com.mulesoft.mule.throttling.ThrottlingPhase.stop(ThrottlingPhase.java:370) ~[mule-module-throttling-ee-3.9.0.jar:3.9.0]
	at sun.reflect.NativeMethodAccessorImpl.invoke0(Native Method) ~[?:1.8.0_45]
	at sun.reflect.NativeMethodAccessorImpl.invoke(NativeMethodAccessorImpl.java:62) ~[?:1.8.0_45]
	at sun.reflect.DelegatingMethodAccessorImpl.invoke(DelegatingMethodAccessorImpl.java:43) ~[?:1.8.0_45]
	at java.lang.reflect.Method.invoke(Method.java:497) ~[?:1.8.0_45]
	at org.mule.lifecycle.phases.DefaultLifecyclePhase.applyLifecycle(DefaultLifecyclePhase.java:230) ~[mule-core-3.9.0.jar:3.9.0]
	... 33 more
2017-12-04 15:51:39,563 [main] INFO  org.mule.lifecycle.AbstractLifecycleManager - Disposing RegistryBroker
2017-12-04 15:51:39,565 [main] INFO  org.mule.construct.FlowConstructLifecycleManager - Disposing flow: 74-jms-connectorFlow
2017-12-04 15:51:39,567 [main] INFO  org.mule.processor.SedaStageLifecycleManager - Disposing service: 74-jms-connectorFlow.stage1
2017-12-04 15:51:39,569 [main] INFO  org.mule.lifecycle.AbstractLifecycleManager - Disposing model: _muleSystemModel
2017-12-04 15:51:39,578 [main] INFO  org.mule.lifecycle.AbstractLifecycleManager - Disposing connector: Active_MQ
2017-12-04 15:51:39,886 [main] INFO  org.mule.config.spring.MuleArtifactContext - Closing org.mule.config.spring.MuleArtifactContext@36f1046f: startup date [Mon Dec 04 15:51:28 IST 2017]; root of context hierarchy
2017-12-04 15:51:39,927 [main] INFO  org.mule.DefaultMuleContext - 
**********************************************************************
* Application "74-jms-connector-active-mq" shut down normally on:    *
* 12/4/17 3:51 PM                                                    *
* Up for: 0 days, 0 hours, 0 mins, 0.581 sec                         *
**********************************************************************
2017-12-04 15:54:36,865 [main] INFO  org.mule.module.launcher.application.DefaultMuleApplication - 
++++++++++++++++++++++++++++++++++++++++++++++++++++++++++++
+ Initializing app '74-jms-connector-active-mq'            +
++++++++++++++++++++++++++++++++++++++++++++++++++++++++++++
2017-12-04 15:54:37,379 [main] INFO  org.mule.lifecycle.AbstractLifecycleManager - Initialising RegistryBroker
2017-12-04 15:54:37,747 [main] INFO  org.mule.module.extension.internal.manager.DefaultExtensionManager - Starting discovery of extensions
2017-12-04 15:54:38,078 [main] INFO  org.mule.module.extension.internal.manager.DefaultExtensionManager - Discovered 1 extensions
2017-12-04 15:54:38,079 [main] INFO  org.mule.module.extension.internal.manager.DefaultExtensionManager - Registering extension validation (version 3.9)
2017-12-04 15:54:38,682 [main] INFO  org.mule.config.spring.MuleArtifactContext - Refreshing org.mule.config.spring.MuleArtifactContext@1686f0b4: startup date [Mon Dec 04 15:54:38 IST 2017]; root of context hierarchy
2017-12-04 15:54:41,937 [main] INFO  org.mule.config.spring.processors.NoDevkitInjectorProcessor - JSR-330 'javax.inject.Inject' annotation found and supported for autowiring
2017-12-04 15:54:44,188 [main] WARN  org.mule.module.ognl.expression.OgnlExpressionEvaluator - OGNL module is deprecated and will be removed in Mule 4.0. Use MEL expressions instead.
2017-12-04 15:54:45,249 [main] INFO  org.mule.util.journal.TransactionJournal - Using files for tx logs F:\workspace_mulesoft1\.mule\.\.mule\74-jms-connector-active-mq\queue-tx-log\tx1.log and F:\workspace_mulesoft1\.mule\.\.mule\74-jms-connector-active-mq\queue-tx-log\tx2.log
2017-12-04 15:54:45,475 [main] INFO  org.mule.util.journal.TransactionJournal - Using files for tx logs F:\workspace_mulesoft1\.mule\.\.mule\74-jms-connector-active-mq\queue-xa-tx-log\tx1.log and F:\workspace_mulesoft1\.mule\.\.mule\74-jms-connector-active-mq\queue-xa-tx-log\tx2.log
2017-12-04 15:54:45,484 [main] INFO  org.mule.lifecycle.AbstractLifecycleManager - Initialising connector: Active_MQ
2017-12-04 15:54:45,788 [main] INFO  org.mule.lifecycle.AbstractLifecycleManager - Initialising model: _muleSystemModel
2017-12-04 15:54:45,799 [main] INFO  org.mule.construct.FlowConstructLifecycleManager - Initialising flow: 74-jms-connectorFlow
2017-12-04 15:54:45,799 [main] INFO  org.mule.exception.DefaultMessagingExceptionStrategy - Initialising exception listener: org.mule.exception.DefaultMessagingExceptionStrategy@7336fd8f
2017-12-04 15:54:45,902 [main] INFO  org.mule.processor.SedaStageLifecycleManager - Initialising service: 74-jms-connectorFlow.stage1
2017-12-04 15:54:46,602 [main] INFO  org.mule.config.spring.SpringXmlConfigurationBuilder - Configured Mule using "org.mule.config.spring.SpringXmlConfigurationBuilder" with configuration resource(s): "[ConfigResource{resourceName='F:\workspace_mulesoft1\.mule\apps\74-jms-connector-active-mq\74-jms-connector.xml'}]"
2017-12-04 15:54:46,602 [main] INFO  org.mule.config.builders.AutoConfigurationBuilder - Configured Mule using "org.mule.config.builders.AutoConfigurationBuilder" with configuration resource(s): "[ConfigResource{resourceName='F:\workspace_mulesoft1\.mule\apps\74-jms-connector-active-mq\74-jms-connector.xml'}]"
2017-12-04 15:54:46,619 [main] INFO  org.mule.module.launcher.application.DefaultMuleApplication - 
++++++++++++++++++++++++++++++++++++++++++++++++++++++++++++
+ Starting app '74-jms-connector-active-mq'                +
++++++++++++++++++++++++++++++++++++++++++++++++++++++++++++
2017-12-04 15:54:46,624 [main] INFO  org.mule.util.queue.QueueXaResourceManager - Starting ResourceManager
2017-12-04 15:54:46,624 [main] INFO  org.mule.util.queue.QueueXaResourceManager - Started ResourceManager
2017-12-04 15:54:46,692 [main] INFO  org.mule.module.http.internal.listener.DefaultHttpListenerConfig - Listening for requests on http://0.0.0.0:8083
2017-12-04 15:54:47,572 [main] INFO  org.mule.transport.jms.activemq.ActiveMQJmsConnector - Connected: ActiveMQJmsConnector
{
  name=Active_MQ
  lifecycle=initialise
  this=3b170235
  numberOfConcurrentTransactedReceivers=4
  createMultipleTransactedReceivers=true
  connected=true
  supportedProtocols=[jms]
  serviceOverrides=<none>
}

2017-12-04 15:54:47,572 [main] INFO  org.mule.transport.jms.activemq.ActiveMQJmsConnector - Starting: ActiveMQJmsConnector
{
  name=Active_MQ
  lifecycle=initialise
  this=3b170235
  numberOfConcurrentTransactedReceivers=4
  createMultipleTransactedReceivers=true
  connected=true
  supportedProtocols=[jms]
  serviceOverrides=<none>
}

2017-12-04 15:54:47,603 [main] INFO  org.mule.lifecycle.AbstractLifecycleManager - Starting connector: Active_MQ
2017-12-04 15:54:47,609 [main] INFO  org.mule.modules.oauth2.provider.agents.DefaultSplashScreenAgent - 
++++++++++++++++++++++++++++++++++++++++++++++++++++++++++++++++++++++++++++++++
+ DevKit Extensions (0) used in this application 
                             +
++++++++++++++++++++++++++++++++++++++++++++++++++++++++++++++++++++++++++++++++
2017-12-04 15:54:47,612 [main] INFO  org.mule.lifecycle.AbstractLifecycleManager - Starting model: _muleSystemModel
2017-12-04 15:54:47,616 [main] INFO  org.mule.construct.FlowConstructLifecycleManager - Starting flow: 74-jms-connectorFlow
2017-12-04 15:54:47,619 [main] INFO  org.mule.processor.SedaStageLifecycleManager - Starting service: 74-jms-connectorFlow.stage1
2017-12-04 15:54:47,764 [main] INFO  org.mule.module.management.agent.WrapperManagerAgent - This JVM hasn't been launched by the wrapper, the agent will not run.
2017-12-04 15:54:56,959 [main] INFO  org.mule.module.management.agent.AbstractJmxAgent - Registered Connector Service with name Mule.74-jms-connector-active-mq:type=Connector,name="Active_MQ"
2017-12-04 15:54:56,967 [main] INFO  org.mule.DefaultMuleContext - 
**********************************************************************
* Application: 74-jms-connector-active-mq                            *
* OS encoding: \, Mule encoding: UTF-8                               *
*                                                                    *
* Agents Running:                                                    *
*   Batch module default engine                                      *
*   JMX Agent                                                        *
*   DevKit Extension Information                                     *
*   Wrapper Manager                                                  *
**********************************************************************
2017-12-04 15:55:37,040 [Mule.app.deployer.monitor.1.thread.1] INFO  org.mule.module.launcher.application.DefaultMuleApplication - 
++++++++++++++++++++++++++++++++++++++++++++++++++++++++++++
+ Stopping app '74-jms-connector-active-mq'                +
++++++++++++++++++++++++++++++++++++++++++++++++++++++++++++
2017-12-04 15:55:37,048 [Mule.app.deployer.monitor.1.thread.1] INFO  org.mule.construct.FlowConstructLifecycleManager - Stopping flow: 74-jms-connectorFlow
2017-12-04 15:55:37,051 [Mule.app.deployer.monitor.1.thread.1] INFO  org.mule.processor.SedaStageLifecycleManager - Stopping service: 74-jms-connectorFlow.stage1
2017-12-04 15:55:37,182 [Mule.app.deployer.monitor.1.thread.1] INFO  org.mule.lifecycle.AbstractLifecycleManager - Stopping model: _muleSystemModel
2017-12-04 15:55:37,186 [Mule.app.deployer.monitor.1.thread.1] INFO  org.mule.lifecycle.AbstractLifecycleManager - Stopping connector: Active_MQ
2017-12-04 15:55:37,248 [Mule.app.deployer.monitor.1.thread.1] INFO  org.mule.module.http.internal.listener.DefaultHttpListenerConfig - Stopped listener on http://0.0.0.0:8083
2017-12-04 15:55:37,250 [Mule.app.deployer.monitor.1.thread.1] INFO  org.mule.util.queue.QueueXaResourceManager - Stopping ResourceManager
2017-12-04 15:55:37,250 [Mule.app.deployer.monitor.1.thread.1] INFO  org.mule.util.queue.QueueXaResourceManager - Stopped ResourceManager
2017-12-04 15:55:37,259 [Mule.app.deployer.monitor.1.thread.1] INFO  org.mule.module.launcher.application.DefaultMuleApplication - 
++++++++++++++++++++++++++++++++++++++++++++++++++++++++++++
+ Disposing app '74-jms-connector-active-mq'               +
++++++++++++++++++++++++++++++++++++++++++++++++++++++++++++
2017-12-04 15:55:37,261 [Mule.app.deployer.monitor.1.thread.1] INFO  org.mule.lifecycle.AbstractLifecycleManager - Disposing RegistryBroker
2017-12-04 15:55:37,263 [Mule.app.deployer.monitor.1.thread.1] INFO  org.mule.construct.FlowConstructLifecycleManager - Disposing flow: 74-jms-connectorFlow
2017-12-04 15:55:37,264 [Mule.app.deployer.monitor.1.thread.1] INFO  org.mule.processor.SedaStageLifecycleManager - Disposing service: 74-jms-connectorFlow.stage1
2017-12-04 15:55:37,269 [Mule.app.deployer.monitor.1.thread.1] INFO  org.mule.lifecycle.AbstractLifecycleManager - Disposing model: _muleSystemModel
2017-12-04 15:55:37,344 [Mule.app.deployer.monitor.1.thread.1] INFO  org.mule.transport.jms.activemq.ActiveMQJmsConnector - Disconnected: ActiveMQJmsConnector
{
  name=Active_MQ
  lifecycle=stop
  this=3b170235
  numberOfConcurrentTransactedReceivers=4
  createMultipleTransactedReceivers=true
  connected=true
  supportedProtocols=[jms]
  serviceOverrides=<none>
}

2017-12-04 15:55:37,346 [Mule.app.deployer.monitor.1.thread.1] INFO  org.mule.lifecycle.AbstractLifecycleManager - Disposing connector: Active_MQ
2017-12-04 15:55:37,633 [Mule.app.deployer.monitor.1.thread.1] INFO  org.mule.config.spring.MuleArtifactContext - Closing org.mule.config.spring.MuleArtifactContext@1686f0b4: startup date [Mon Dec 04 15:54:38 IST 2017]; root of context hierarchy
2017-12-04 15:55:37,646 [Mule.app.deployer.monitor.1.thread.1] INFO  org.mule.DefaultMuleContext - 
**********************************************************************
* Application "74-jms-connector-active-mq" shut down normally on:    *
* 12/4/17 3:55 PM                                                    *
* Up for: 0 days, 0 hours, 0 mins, 51.23 sec                         *
**********************************************************************
2017-12-04 15:55:37,781 [Mule.app.deployer.monitor.1.thread.1] INFO  org.mule.module.launcher.application.DefaultMuleApplication - 
++++++++++++++++++++++++++++++++++++++++++++++++++++++++++++
+ Initializing app '74-jms-connector-active-mq'            +
++++++++++++++++++++++++++++++++++++++++++++++++++++++++++++
2017-12-04 15:55:37,796 [Mule.app.deployer.monitor.1.thread.1] INFO  org.mule.lifecycle.AbstractLifecycleManager - Initialising RegistryBroker
2017-12-04 15:55:37,809 [Mule.app.deployer.monitor.1.thread.1] INFO  org.mule.module.extension.internal.manager.DefaultExtensionManager - Starting discovery of extensions
2017-12-04 15:55:37,904 [Mule.app.deployer.monitor.1.thread.1] INFO  org.mule.module.extension.internal.manager.DefaultExtensionManager - Discovered 1 extensions
2017-12-04 15:55:37,904 [Mule.app.deployer.monitor.1.thread.1] INFO  org.mule.module.extension.internal.manager.DefaultExtensionManager - Registering extension validation (version 3.9)
2017-12-04 15:55:37,908 [Mule.app.deployer.monitor.1.thread.1] INFO  org.mule.config.spring.MuleArtifactContext - Refreshing org.mule.config.spring.MuleArtifactContext@25d92347: startup date [Mon Dec 04 15:55:37 IST 2017]; root of context hierarchy
2017-12-04 15:55:38,533 [Mule.app.deployer.monitor.1.thread.1] INFO  org.mule.config.spring.processors.NoDevkitInjectorProcessor - JSR-330 'javax.inject.Inject' annotation found and supported for autowiring
2017-12-04 15:55:38,983 [Mule.app.deployer.monitor.1.thread.1] INFO  org.mule.util.journal.TransactionJournal - Using files for tx logs F:\workspace_mulesoft1\.mule\.\.mule\74-jms-connector-active-mq\queue-tx-log\tx1.log and F:\workspace_mulesoft1\.mule\.\.mule\74-jms-connector-active-mq\queue-tx-log\tx2.log
2017-12-04 15:55:38,986 [Mule.app.deployer.monitor.1.thread.1] INFO  org.mule.util.journal.TransactionJournal - Using files for tx logs F:\workspace_mulesoft1\.mule\.\.mule\74-jms-connector-active-mq\queue-xa-tx-log\tx1.log and F:\workspace_mulesoft1\.mule\.\.mule\74-jms-connector-active-mq\queue-xa-tx-log\tx2.log
2017-12-04 15:55:38,989 [Mule.app.deployer.monitor.1.thread.1] INFO  org.mule.lifecycle.AbstractLifecycleManager - Initialising connector: Active_MQ
2017-12-04 15:55:39,103 [Mule.app.deployer.monitor.1.thread.1] INFO  org.mule.lifecycle.AbstractLifecycleManager - Initialising model: _muleSystemModel
2017-12-04 15:55:39,108 [Mule.app.deployer.monitor.1.thread.1] INFO  org.mule.construct.FlowConstructLifecycleManager - Initialising flow: 74-jms-connectorFlow
2017-12-04 15:55:39,108 [Mule.app.deployer.monitor.1.thread.1] INFO  org.mule.exception.DefaultMessagingExceptionStrategy - Initialising exception listener: org.mule.exception.DefaultMessagingExceptionStrategy@2509a546
2017-12-04 15:55:39,127 [Mule.app.deployer.monitor.1.thread.1] INFO  org.mule.processor.SedaStageLifecycleManager - Initialising service: 74-jms-connectorFlow.stage1
2017-12-04 15:55:39,193 [Mule.app.deployer.monitor.1.thread.1] INFO  org.mule.config.spring.SpringXmlConfigurationBuilder - Configured Mule using "org.mule.config.spring.SpringXmlConfigurationBuilder" with configuration resource(s): "[ConfigResource{resourceName='F:\workspace_mulesoft1\.mule\apps\74-jms-connector-active-mq\74-jms-connector.xml'}]"
2017-12-04 15:55:39,193 [Mule.app.deployer.monitor.1.thread.1] INFO  org.mule.config.builders.AutoConfigurationBuilder - Configured Mule using "org.mule.config.builders.AutoConfigurationBuilder" with configuration resource(s): "[ConfigResource{resourceName='F:\workspace_mulesoft1\.mule\apps\74-jms-connector-active-mq\74-jms-connector.xml'}]"
2017-12-04 15:55:39,195 [Mule.app.deployer.monitor.1.thread.1] INFO  org.mule.module.launcher.application.DefaultMuleApplication - 
++++++++++++++++++++++++++++++++++++++++++++++++++++++++++++
+ Starting app '74-jms-connector-active-mq'                +
++++++++++++++++++++++++++++++++++++++++++++++++++++++++++++
2017-12-04 15:55:39,199 [Mule.app.deployer.monitor.1.thread.1] INFO  org.mule.util.queue.QueueXaResourceManager - Starting ResourceManager
2017-12-04 15:55:39,199 [Mule.app.deployer.monitor.1.thread.1] INFO  org.mule.util.queue.QueueXaResourceManager - Started ResourceManager
2017-12-04 15:55:39,220 [Mule.app.deployer.monitor.1.thread.1] INFO  org.mule.module.http.internal.listener.DefaultHttpListenerConfig - Listening for requests on http://0.0.0.0:8083
2017-12-04 15:55:40,027 [Mule.app.deployer.monitor.1.thread.1] INFO  org.mule.transport.jms.activemq.ActiveMQJmsConnector - Connected: ActiveMQJmsConnector
{
  name=Active_MQ
  lifecycle=initialise
  this=5e1251f8
  numberOfConcurrentTransactedReceivers=4
  createMultipleTransactedReceivers=true
  connected=true
  supportedProtocols=[jms]
  serviceOverrides=<none>
}

2017-12-04 15:55:40,027 [Mule.app.deployer.monitor.1.thread.1] INFO  org.mule.transport.jms.activemq.ActiveMQJmsConnector - Starting: ActiveMQJmsConnector
{
  name=Active_MQ
  lifecycle=initialise
  this=5e1251f8
  numberOfConcurrentTransactedReceivers=4
  createMultipleTransactedReceivers=true
  connected=true
  supportedProtocols=[jms]
  serviceOverrides=<none>
}

2017-12-04 15:55:40,027 [Mule.app.deployer.monitor.1.thread.1] INFO  org.mule.lifecycle.AbstractLifecycleManager - Starting connector: Active_MQ
2017-12-04 15:55:40,033 [Mule.app.deployer.monitor.1.thread.1] INFO  org.mule.modules.oauth2.provider.agents.DefaultSplashScreenAgent - 
++++++++++++++++++++++++++++++++++++++++++++++++++++++++++++++++++++++++++++++++
+ DevKit Extensions (0) used in this application 
                             +
++++++++++++++++++++++++++++++++++++++++++++++++++++++++++++++++++++++++++++++++
2017-12-04 15:55:40,034 [Mule.app.deployer.monitor.1.thread.1] INFO  org.mule.lifecycle.AbstractLifecycleManager - Starting model: _muleSystemModel
2017-12-04 15:55:40,036 [Mule.app.deployer.monitor.1.thread.1] INFO  org.mule.construct.FlowConstructLifecycleManager - Starting flow: 74-jms-connectorFlow
2017-12-04 15:55:40,036 [Mule.app.deployer.monitor.1.thread.1] INFO  org.mule.processor.SedaStageLifecycleManager - Starting service: 74-jms-connectorFlow.stage1
2017-12-04 15:55:40,055 [Mule.app.deployer.monitor.1.thread.1] INFO  org.mule.module.management.agent.WrapperManagerAgent - This JVM hasn't been launched by the wrapper, the agent will not run.
2017-12-04 15:55:40,063 [Mule.app.deployer.monitor.1.thread.1] INFO  org.mule.module.management.agent.AbstractJmxAgent - Registered Connector Service with name Mule.74-jms-connector-active-mq:type=Connector,name="Active_MQ"
2017-12-04 15:55:40,065 [Mule.app.deployer.monitor.1.thread.1] INFO  org.mule.DefaultMuleContext - 
**********************************************************************
* Application: 74-jms-connector-active-mq                            *
* OS encoding: \, Mule encoding: UTF-8                               *
*                                                                    *
* Agents Running:                                                    *
*   Batch module default engine                                      *
*   JMX Agent                                                        *
*   DevKit Extension Information                                     *
*   Wrapper Manager                                                  *
**********************************************************************
2017-12-04 15:55:52,506 [[74-jms-connector-active-mq].HTTP_Listener_Configuration.worker.01] INFO  org.mule.transport.service.DefaultTransportServiceDescriptor - Loading default outbound transformer: org.mule.transport.jms.transformers.ObjectToJMSMessage
2017-12-04 15:55:52,510 [[74-jms-connector-active-mq].HTTP_Listener_Configuration.worker.01] INFO  org.mule.transport.service.DefaultTransportServiceDescriptor - Loading default response transformer: org.mule.transport.jms.transformers.ObjectToJMSMessage
2017-12-04 15:55:52,511 [[74-jms-connector-active-mq].HTTP_Listener_Configuration.worker.01] WARN  com.mulesoft.mule.transport.jms.EeJmsMessageDispatcher - Starting patched JmsMessageReceiver
2017-12-04 15:55:52,517 [[74-jms-connector-active-mq].HTTP_Listener_Configuration.worker.01] INFO  org.mule.lifecycle.AbstractLifecycleManager - Initialising: 'Active_MQ.dispatcher.1051143352'. Object is: EeJmsMessageDispatcher
2017-12-04 15:55:52,529 [[74-jms-connector-active-mq].HTTP_Listener_Configuration.worker.01] INFO  org.mule.lifecycle.AbstractLifecycleManager - Starting: 'Active_MQ.dispatcher.1051143352'. Object is: EeJmsMessageDispatcher
2017-12-04 16:15:15,814 [Mule.app.deployer.monitor.1.thread.1] INFO  org.mule.module.launcher.application.DefaultMuleApplication - 
++++++++++++++++++++++++++++++++++++++++++++++++++++++++++++
+ Stopping app '74-jms-connector-active-mq'                +
++++++++++++++++++++++++++++++++++++++++++++++++++++++++++++
2017-12-04 16:15:15,817 [Mule.app.deployer.monitor.1.thread.1] INFO  org.mule.construct.FlowConstructLifecycleManager - Stopping flow: 74-jms-connectorFlow
2017-12-04 16:15:15,817 [Mule.app.deployer.monitor.1.thread.1] INFO  org.mule.processor.SedaStageLifecycleManager - Stopping service: 74-jms-connectorFlow.stage1
2017-12-04 16:15:15,956 [Mule.app.deployer.monitor.1.thread.1] INFO  org.mule.lifecycle.AbstractLifecycleManager - Stopping model: _muleSystemModel
2017-12-04 16:15:15,962 [Mule.app.deployer.monitor.1.thread.1] INFO  org.mule.lifecycle.AbstractLifecycleManager - Stopping connector: Active_MQ
2017-12-04 16:15:15,970 [Mule.app.deployer.monitor.1.thread.1] INFO  org.mule.lifecycle.AbstractLifecycleManager - Stopping: 'Active_MQ.dispatcher.1051143352'. Object is: EeJmsMessageDispatcher
2017-12-04 16:15:15,973 [Mule.app.deployer.monitor.1.thread.1] INFO  org.mule.lifecycle.AbstractLifecycleManager - Disposing: 'Active_MQ.dispatcher.1051143352'. Object is: EeJmsMessageDispatcher
2017-12-04 16:15:15,977 [Mule.app.deployer.monitor.1.thread.1] INFO  org.mule.module.http.internal.listener.DefaultHttpListenerConfig - Stopped listener on http://0.0.0.0:8083
2017-12-04 16:15:15,980 [Mule.app.deployer.monitor.1.thread.1] INFO  org.mule.util.queue.QueueXaResourceManager - Stopping ResourceManager
2017-12-04 16:15:15,980 [Mule.app.deployer.monitor.1.thread.1] INFO  org.mule.util.queue.QueueXaResourceManager - Stopped ResourceManager
2017-12-04 16:15:15,986 [Mule.app.deployer.monitor.1.thread.1] INFO  org.mule.module.launcher.application.DefaultMuleApplication - 
++++++++++++++++++++++++++++++++++++++++++++++++++++++++++++
+ Disposing app '74-jms-connector-active-mq'               +
++++++++++++++++++++++++++++++++++++++++++++++++++++++++++++
2017-12-04 16:15:15,986 [Mule.app.deployer.monitor.1.thread.1] INFO  org.mule.lifecycle.AbstractLifecycleManager - Disposing RegistryBroker
2017-12-04 16:15:15,988 [Mule.app.deployer.monitor.1.thread.1] INFO  org.mule.construct.FlowConstructLifecycleManager - Disposing flow: 74-jms-connectorFlow
2017-12-04 16:15:15,988 [Mule.app.deployer.monitor.1.thread.1] INFO  org.mule.processor.SedaStageLifecycleManager - Disposing service: 74-jms-connectorFlow.stage1
2017-12-04 16:15:15,991 [Mule.app.deployer.monitor.1.thread.1] INFO  org.mule.lifecycle.AbstractLifecycleManager - Disposing model: _muleSystemModel
2017-12-04 16:15:16,016 [Mule.app.deployer.monitor.1.thread.1] INFO  org.mule.transport.jms.activemq.ActiveMQJmsConnector - Disconnected: ActiveMQJmsConnector
{
  name=Active_MQ
  lifecycle=stop
  this=5e1251f8
  numberOfConcurrentTransactedReceivers=4
  createMultipleTransactedReceivers=true
  connected=true
  supportedProtocols=[jms]
  serviceOverrides=<none>
}

2017-12-04 16:15:16,017 [Mule.app.deployer.monitor.1.thread.1] INFO  org.mule.lifecycle.AbstractLifecycleManager - Disposing connector: Active_MQ
2017-12-04 16:15:16,040 [Mule.app.deployer.monitor.1.thread.1] INFO  org.mule.config.spring.MuleArtifactContext - Closing org.mule.config.spring.MuleArtifactContext@25d92347: startup date [Mon Dec 04 15:55:37 IST 2017]; root of context hierarchy
2017-12-04 16:15:16,047 [Mule.app.deployer.monitor.1.thread.1] INFO  org.mule.DefaultMuleContext - 
**********************************************************************
* Application "74-jms-connector-active-mq" shut down normally on:    *
* 12/4/17 4:15 PM                                                    *
* Up for: 0 days, 0 hours, 19 mins, 36.851 sec                       *
**********************************************************************
2017-12-04 16:15:16,107 [Mule.app.deployer.monitor.1.thread.1] INFO  org.mule.module.launcher.application.DefaultMuleApplication - 
++++++++++++++++++++++++++++++++++++++++++++++++++++++++++++
+ Initializing app '74-jms-connector-active-mq'            +
++++++++++++++++++++++++++++++++++++++++++++++++++++++++++++
2017-12-04 16:15:16,121 [Mule.app.deployer.monitor.1.thread.1] INFO  org.mule.lifecycle.AbstractLifecycleManager - Initialising RegistryBroker
2017-12-04 16:15:16,131 [Mule.app.deployer.monitor.1.thread.1] INFO  org.mule.module.extension.internal.manager.DefaultExtensionManager - Starting discovery of extensions
2017-12-04 16:15:16,162 [Mule.app.deployer.monitor.1.thread.1] INFO  org.mule.module.extension.internal.manager.DefaultExtensionManager - Discovered 1 extensions
2017-12-04 16:15:16,167 [Mule.app.deployer.monitor.1.thread.1] INFO  org.mule.module.extension.internal.manager.DefaultExtensionManager - Registering extension validation (version 3.9)
2017-12-04 16:15:16,174 [Mule.app.deployer.monitor.1.thread.1] INFO  org.mule.config.spring.MuleArtifactContext - Refreshing org.mule.config.spring.MuleArtifactContext@2bff9c9c: startup date [Mon Dec 04 16:15:16 IST 2017]; root of context hierarchy
2017-12-04 16:15:16,937 [Mule.app.deployer.monitor.1.thread.1] INFO  org.mule.config.spring.processors.NoDevkitInjectorProcessor - JSR-330 'javax.inject.Inject' annotation found and supported for autowiring
2017-12-04 16:15:17,186 [Mule.app.deployer.monitor.1.thread.1] INFO  org.mule.util.journal.TransactionJournal - Using files for tx logs F:\workspace_mulesoft1\.mule\.\.mule\74-jms-connector-active-mq\queue-tx-log\tx1.log and F:\workspace_mulesoft1\.mule\.\.mule\74-jms-connector-active-mq\queue-tx-log\tx2.log
2017-12-04 16:15:17,188 [Mule.app.deployer.monitor.1.thread.1] INFO  org.mule.util.journal.TransactionJournal - Using files for tx logs F:\workspace_mulesoft1\.mule\.\.mule\74-jms-connector-active-mq\queue-xa-tx-log\tx1.log and F:\workspace_mulesoft1\.mule\.\.mule\74-jms-connector-active-mq\queue-xa-tx-log\tx2.log
2017-12-04 16:15:17,190 [Mule.app.deployer.monitor.1.thread.1] INFO  org.mule.lifecycle.AbstractLifecycleManager - Initialising connector: Active_MQ
2017-12-04 16:15:17,229 [Mule.app.deployer.monitor.1.thread.1] INFO  org.mule.lifecycle.AbstractLifecycleManager - Initialising model: _muleSystemModel
2017-12-04 16:15:17,232 [Mule.app.deployer.monitor.1.thread.1] INFO  org.mule.construct.FlowConstructLifecycleManager - Initialising flow: 74-jms-connectorFlow
2017-12-04 16:15:17,234 [Mule.app.deployer.monitor.1.thread.1] INFO  org.mule.exception.DefaultMessagingExceptionStrategy - Initialising exception listener: org.mule.exception.DefaultMessagingExceptionStrategy@35a1bd60
2017-12-04 16:15:17,245 [Mule.app.deployer.monitor.1.thread.1] INFO  org.mule.processor.SedaStageLifecycleManager - Initialising service: 74-jms-connectorFlow.stage1
2017-12-04 16:15:17,246 [Mule.app.deployer.monitor.1.thread.1] INFO  org.mule.construct.FlowConstructLifecycleManager - Initialising flow: 74-jms-connectorFlow1
2017-12-04 16:15:17,247 [Mule.app.deployer.monitor.1.thread.1] INFO  org.mule.exception.DefaultMessagingExceptionStrategy - Initialising exception listener: org.mule.exception.DefaultMessagingExceptionStrategy@6d7e75d3
2017-12-04 16:15:17,257 [Mule.app.deployer.monitor.1.thread.1] INFO  org.mule.processor.SedaStageLifecycleManager - Initialising service: 74-jms-connectorFlow1.stage1
2017-12-04 16:15:17,301 [Mule.app.deployer.monitor.1.thread.1] INFO  org.mule.config.spring.SpringXmlConfigurationBuilder - Configured Mule using "org.mule.config.spring.SpringXmlConfigurationBuilder" with configuration resource(s): "[ConfigResource{resourceName='F:\workspace_mulesoft1\.mule\apps\74-jms-connector-active-mq\74-jms-connector.xml'}]"
2017-12-04 16:15:17,301 [Mule.app.deployer.monitor.1.thread.1] INFO  org.mule.config.builders.AutoConfigurationBuilder - Configured Mule using "org.mule.config.builders.AutoConfigurationBuilder" with configuration resource(s): "[ConfigResource{resourceName='F:\workspace_mulesoft1\.mule\apps\74-jms-connector-active-mq\74-jms-connector.xml'}]"
2017-12-04 16:15:17,307 [Mule.app.deployer.monitor.1.thread.1] INFO  org.mule.module.launcher.application.DefaultMuleApplication - 
++++++++++++++++++++++++++++++++++++++++++++++++++++++++++++
+ Starting app '74-jms-connector-active-mq'                +
++++++++++++++++++++++++++++++++++++++++++++++++++++++++++++
2017-12-04 16:15:17,314 [Mule.app.deployer.monitor.1.thread.1] INFO  org.mule.util.queue.QueueXaResourceManager - Starting ResourceManager
2017-12-04 16:15:17,314 [Mule.app.deployer.monitor.1.thread.1] INFO  org.mule.util.queue.QueueXaResourceManager - Started ResourceManager
2017-12-04 16:15:17,335 [Mule.app.deployer.monitor.1.thread.1] INFO  org.mule.module.http.internal.listener.DefaultHttpListenerConfig - Listening for requests on http://0.0.0.0:8083
2017-12-04 16:15:18,035 [Mule.app.deployer.monitor.1.thread.1] INFO  org.mule.transport.jms.activemq.ActiveMQJmsConnector - Connected: ActiveMQJmsConnector
{
  name=Active_MQ
  lifecycle=initialise
  this=4c0a699e
  numberOfConcurrentTransactedReceivers=4
  createMultipleTransactedReceivers=true
  connected=true
  supportedProtocols=[jms]
  serviceOverrides=<none>
}

2017-12-04 16:15:18,035 [Mule.app.deployer.monitor.1.thread.1] INFO  org.mule.transport.jms.activemq.ActiveMQJmsConnector - Starting: ActiveMQJmsConnector
{
  name=Active_MQ
  lifecycle=initialise
  this=4c0a699e
  numberOfConcurrentTransactedReceivers=4
  createMultipleTransactedReceivers=true
  connected=true
  supportedProtocols=[jms]
  serviceOverrides=<none>
}

2017-12-04 16:15:18,035 [Mule.app.deployer.monitor.1.thread.1] INFO  org.mule.lifecycle.AbstractLifecycleManager - Starting connector: Active_MQ
2017-12-04 16:15:18,042 [Mule.app.deployer.monitor.1.thread.1] INFO  org.mule.modules.oauth2.provider.agents.DefaultSplashScreenAgent - 
++++++++++++++++++++++++++++++++++++++++++++++++++++++++++++++++++++++++++++++++
+ DevKit Extensions (0) used in this application 
                             +
++++++++++++++++++++++++++++++++++++++++++++++++++++++++++++++++++++++++++++++++
2017-12-04 16:15:18,044 [Mule.app.deployer.monitor.1.thread.1] INFO  org.mule.lifecycle.AbstractLifecycleManager - Starting model: _muleSystemModel
2017-12-04 16:15:18,046 [Mule.app.deployer.monitor.1.thread.1] INFO  org.mule.construct.FlowConstructLifecycleManager - Starting flow: 74-jms-connectorFlow
2017-12-04 16:15:18,047 [Mule.app.deployer.monitor.1.thread.1] INFO  org.mule.processor.SedaStageLifecycleManager - Starting service: 74-jms-connectorFlow.stage1
2017-12-04 16:15:18,050 [Mule.app.deployer.monitor.1.thread.1] INFO  org.mule.construct.FlowConstructLifecycleManager - Starting flow: 74-jms-connectorFlow1
2017-12-04 16:15:18,050 [Mule.app.deployer.monitor.1.thread.1] INFO  org.mule.processor.SedaStageLifecycleManager - Starting service: 74-jms-connectorFlow1.stage1
2017-12-04 16:15:18,073 [Mule.app.deployer.monitor.1.thread.1] INFO  org.mule.module.management.agent.WrapperManagerAgent - This JVM hasn't been launched by the wrapper, the agent will not run.
2017-12-04 16:15:18,080 [Mule.app.deployer.monitor.1.thread.1] INFO  org.mule.module.management.agent.AbstractJmxAgent - Registered Connector Service with name Mule.74-jms-connector-active-mq:type=Connector,name="Active_MQ"
2017-12-04 16:15:18,082 [Mule.app.deployer.monitor.1.thread.1] INFO  org.mule.DefaultMuleContext - 
**********************************************************************
* Application: 74-jms-connector-active-mq                            *
* OS encoding: \, Mule encoding: UTF-8                               *
*                                                                    *
* Agents Running:                                                    *
*   Batch module default engine                                      *
*   JMX Agent                                                        *
*   DevKit Extension Information                                     *
*   Wrapper Manager                                                  *
**********************************************************************
2017-12-04 16:15:55,918 [main] INFO  org.mule.module.launcher.application.DefaultMuleApplication - 
++++++++++++++++++++++++++++++++++++++++++++++++++++++++++++
+ Initializing app '74-jms-connector-active-mq'            +
++++++++++++++++++++++++++++++++++++++++++++++++++++++++++++
2017-12-04 16:15:56,393 [main] INFO  org.mule.lifecycle.AbstractLifecycleManager - Initialising RegistryBroker
2017-12-04 16:15:56,685 [main] INFO  org.mule.module.extension.internal.manager.DefaultExtensionManager - Starting discovery of extensions
2017-12-04 16:15:56,988 [main] INFO  org.mule.module.extension.internal.manager.DefaultExtensionManager - Discovered 1 extensions
2017-12-04 16:15:56,988 [main] INFO  org.mule.module.extension.internal.manager.DefaultExtensionManager - Registering extension validation (version 3.9)
2017-12-04 16:15:57,531 [main] INFO  org.mule.config.spring.MuleArtifactContext - Refreshing org.mule.config.spring.MuleArtifactContext@3be4fcc0: startup date [Mon Dec 04 16:15:57 IST 2017]; root of context hierarchy
2017-12-04 16:16:00,505 [main] INFO  org.mule.config.spring.processors.NoDevkitInjectorProcessor - JSR-330 'javax.inject.Inject' annotation found and supported for autowiring
2017-12-04 16:16:02,418 [main] WARN  org.mule.module.ognl.expression.OgnlExpressionEvaluator - OGNL module is deprecated and will be removed in Mule 4.0. Use MEL expressions instead.
2017-12-04 16:16:03,635 [main] INFO  org.mule.util.journal.TransactionJournal - Using files for tx logs F:\workspace_mulesoft1\.mule\.\.mule\74-jms-connector-active-mq\queue-tx-log\tx1.log and F:\workspace_mulesoft1\.mule\.\.mule\74-jms-connector-active-mq\queue-tx-log\tx2.log
2017-12-04 16:16:03,671 [main] INFO  org.mule.util.journal.TransactionJournal - Using files for tx logs F:\workspace_mulesoft1\.mule\.\.mule\74-jms-connector-active-mq\queue-xa-tx-log\tx1.log and F:\workspace_mulesoft1\.mule\.\.mule\74-jms-connector-active-mq\queue-xa-tx-log\tx2.log
2017-12-04 16:16:03,682 [main] INFO  org.mule.lifecycle.AbstractLifecycleManager - Initialising connector: Active_MQ
2017-12-04 16:16:03,971 [main] INFO  org.mule.lifecycle.AbstractLifecycleManager - Initialising model: _muleSystemModel
2017-12-04 16:16:03,977 [main] INFO  org.mule.construct.FlowConstructLifecycleManager - Initialising flow: 74-jms-connectorFlow
2017-12-04 16:16:03,978 [main] INFO  org.mule.exception.DefaultMessagingExceptionStrategy - Initialising exception listener: org.mule.exception.DefaultMessagingExceptionStrategy@55adcf9e
2017-12-04 16:16:04,048 [main] INFO  org.mule.processor.SedaStageLifecycleManager - Initialising service: 74-jms-connectorFlow.stage1
2017-12-04 16:16:04,072 [main] INFO  org.mule.construct.FlowConstructLifecycleManager - Initialising flow: 74-jms-connectorFlow1
2017-12-04 16:16:04,072 [main] INFO  org.mule.exception.DefaultMessagingExceptionStrategy - Initialising exception listener: org.mule.exception.DefaultMessagingExceptionStrategy@14a1769d
2017-12-04 16:16:04,079 [main] INFO  org.mule.processor.SedaStageLifecycleManager - Initialising service: 74-jms-connectorFlow1.stage1
2017-12-04 16:16:04,617 [main] INFO  org.mule.config.spring.SpringXmlConfigurationBuilder - Configured Mule using "org.mule.config.spring.SpringXmlConfigurationBuilder" with configuration resource(s): "[ConfigResource{resourceName='F:\workspace_mulesoft1\.mule\apps\74-jms-connector-active-mq\74-jms-connector.xml'}]"
2017-12-04 16:16:04,617 [main] INFO  org.mule.config.builders.AutoConfigurationBuilder - Configured Mule using "org.mule.config.builders.AutoConfigurationBuilder" with configuration resource(s): "[ConfigResource{resourceName='F:\workspace_mulesoft1\.mule\apps\74-jms-connector-active-mq\74-jms-connector.xml'}]"
2017-12-04 16:16:04,626 [main] INFO  org.mule.module.launcher.application.DefaultMuleApplication - 
++++++++++++++++++++++++++++++++++++++++++++++++++++++++++++
+ Starting app '74-jms-connector-active-mq'                +
++++++++++++++++++++++++++++++++++++++++++++++++++++++++++++
2017-12-04 16:16:04,632 [main] INFO  org.mule.util.queue.QueueXaResourceManager - Starting ResourceManager
2017-12-04 16:16:04,632 [main] INFO  org.mule.util.queue.QueueXaResourceManager - Started ResourceManager
2017-12-04 16:16:04,690 [main] INFO  org.mule.module.http.internal.listener.DefaultHttpListenerConfig - Listening for requests on http://0.0.0.0:8083
2017-12-04 16:16:05,269 [main] INFO  org.mule.transport.jms.activemq.ActiveMQJmsConnector - Connected: ActiveMQJmsConnector
{
  name=Active_MQ
  lifecycle=initialise
  this=4ae280da
  numberOfConcurrentTransactedReceivers=4
  createMultipleTransactedReceivers=true
  connected=true
  supportedProtocols=[jms]
  serviceOverrides=<none>
}

2017-12-04 16:16:05,269 [main] INFO  org.mule.transport.jms.activemq.ActiveMQJmsConnector - Starting: ActiveMQJmsConnector
{
  name=Active_MQ
  lifecycle=initialise
  this=4ae280da
  numberOfConcurrentTransactedReceivers=4
  createMultipleTransactedReceivers=true
  connected=true
  supportedProtocols=[jms]
  serviceOverrides=<none>
}

2017-12-04 16:16:05,271 [main] INFO  org.mule.lifecycle.AbstractLifecycleManager - Starting connector: Active_MQ
2017-12-04 16:16:05,277 [main] INFO  org.mule.modules.oauth2.provider.agents.DefaultSplashScreenAgent - 
++++++++++++++++++++++++++++++++++++++++++++++++++++++++++++++++++++++++++++++++
+ DevKit Extensions (0) used in this application 
                             +
++++++++++++++++++++++++++++++++++++++++++++++++++++++++++++++++++++++++++++++++
2017-12-04 16:16:05,278 [main] INFO  org.mule.lifecycle.AbstractLifecycleManager - Starting model: _muleSystemModel
2017-12-04 16:16:05,281 [main] INFO  org.mule.construct.FlowConstructLifecycleManager - Starting flow: 74-jms-connectorFlow
2017-12-04 16:16:05,282 [main] INFO  org.mule.processor.SedaStageLifecycleManager - Starting service: 74-jms-connectorFlow.stage1
2017-12-04 16:16:05,287 [main] INFO  org.mule.construct.FlowConstructLifecycleManager - Starting flow: 74-jms-connectorFlow1
2017-12-04 16:16:05,287 [main] INFO  org.mule.processor.SedaStageLifecycleManager - Starting service: 74-jms-connectorFlow1.stage1
2017-12-04 16:16:05,397 [main] INFO  org.mule.module.management.agent.WrapperManagerAgent - This JVM hasn't been launched by the wrapper, the agent will not run.
2017-12-04 16:16:14,541 [main] INFO  org.mule.module.management.agent.AbstractJmxAgent - Registered Connector Service with name Mule.74-jms-connector-active-mq:type=Connector,name="Active_MQ"
2017-12-04 16:16:14,549 [main] INFO  org.mule.DefaultMuleContext - 
**********************************************************************
* Application: 74-jms-connector-active-mq                            *
* OS encoding: \, Mule encoding: UTF-8                               *
*                                                                    *
* Agents Running:                                                    *
*   Batch module default engine                                      *
*   JMX Agent                                                        *
*   DevKit Extension Information                                     *
*   Wrapper Manager                                                  *
**********************************************************************
2017-12-04 16:17:09,621 [Mule.app.deployer.monitor.1.thread.1] INFO  org.mule.module.launcher.application.DefaultMuleApplication - 
++++++++++++++++++++++++++++++++++++++++++++++++++++++++++++
+ Stopping app '74-jms-connector-active-mq'                +
++++++++++++++++++++++++++++++++++++++++++++++++++++++++++++
2017-12-04 16:17:09,624 [Mule.app.deployer.monitor.1.thread.1] INFO  org.mule.construct.FlowConstructLifecycleManager - Stopping flow: 74-jms-connectorFlow
2017-12-04 16:17:09,627 [Mule.app.deployer.monitor.1.thread.1] INFO  org.mule.processor.SedaStageLifecycleManager - Stopping service: 74-jms-connectorFlow.stage1
2017-12-04 16:17:09,829 [Mule.app.deployer.monitor.1.thread.1] INFO  org.mule.construct.FlowConstructLifecycleManager - Stopping flow: 74-jms-connectorFlow1
2017-12-04 16:17:09,829 [Mule.app.deployer.monitor.1.thread.1] INFO  org.mule.processor.SedaStageLifecycleManager - Stopping service: 74-jms-connectorFlow1.stage1
2017-12-04 16:17:10,024 [Mule.app.deployer.monitor.1.thread.1] INFO  org.mule.lifecycle.AbstractLifecycleManager - Stopping model: _muleSystemModel
2017-12-04 16:17:10,028 [Mule.app.deployer.monitor.1.thread.1] INFO  org.mule.lifecycle.AbstractLifecycleManager - Stopping connector: Active_MQ
2017-12-04 16:17:10,083 [Mule.app.deployer.monitor.1.thread.1] INFO  org.mule.module.http.internal.listener.DefaultHttpListenerConfig - Stopped listener on http://0.0.0.0:8083
2017-12-04 16:17:10,085 [Mule.app.deployer.monitor.1.thread.1] INFO  org.mule.util.queue.QueueXaResourceManager - Stopping ResourceManager
2017-12-04 16:17:10,086 [Mule.app.deployer.monitor.1.thread.1] INFO  org.mule.util.queue.QueueXaResourceManager - Stopped ResourceManager
2017-12-04 16:17:10,096 [Mule.app.deployer.monitor.1.thread.1] INFO  org.mule.module.launcher.application.DefaultMuleApplication - 
++++++++++++++++++++++++++++++++++++++++++++++++++++++++++++
+ Disposing app '74-jms-connector-active-mq'               +
++++++++++++++++++++++++++++++++++++++++++++++++++++++++++++
2017-12-04 16:17:10,098 [Mule.app.deployer.monitor.1.thread.1] INFO  org.mule.lifecycle.AbstractLifecycleManager - Disposing RegistryBroker
2017-12-04 16:17:10,100 [Mule.app.deployer.monitor.1.thread.1] INFO  org.mule.construct.FlowConstructLifecycleManager - Disposing flow: 74-jms-connectorFlow
2017-12-04 16:17:10,103 [Mule.app.deployer.monitor.1.thread.1] INFO  org.mule.processor.SedaStageLifecycleManager - Disposing service: 74-jms-connectorFlow.stage1
2017-12-04 16:17:10,106 [Mule.app.deployer.monitor.1.thread.1] INFO  org.mule.construct.FlowConstructLifecycleManager - Disposing flow: 74-jms-connectorFlow1
2017-12-04 16:17:10,106 [Mule.app.deployer.monitor.1.thread.1] INFO  org.mule.processor.SedaStageLifecycleManager - Disposing service: 74-jms-connectorFlow1.stage1
2017-12-04 16:17:10,108 [Mule.app.deployer.monitor.1.thread.1] INFO  org.mule.lifecycle.AbstractLifecycleManager - Disposing model: _muleSystemModel
2017-12-04 16:17:10,151 [Mule.app.deployer.monitor.1.thread.1] INFO  org.mule.transport.jms.activemq.ActiveMQJmsConnector - Disconnected: ActiveMQJmsConnector
{
  name=Active_MQ
  lifecycle=stop
  this=4ae280da
  numberOfConcurrentTransactedReceivers=4
  createMultipleTransactedReceivers=true
  connected=true
  supportedProtocols=[jms]
  serviceOverrides=<none>
}

2017-12-04 16:17:10,154 [Mule.app.deployer.monitor.1.thread.1] INFO  org.mule.lifecycle.AbstractLifecycleManager - Disposing connector: Active_MQ
2017-12-04 16:17:10,426 [Mule.app.deployer.monitor.1.thread.1] INFO  org.mule.config.spring.MuleArtifactContext - Closing org.mule.config.spring.MuleArtifactContext@3be4fcc0: startup date [Mon Dec 04 16:15:57 IST 2017]; root of context hierarchy
2017-12-04 16:17:10,441 [Mule.app.deployer.monitor.1.thread.1] INFO  org.mule.DefaultMuleContext - 
**********************************************************************
* Application "74-jms-connector-active-mq" shut down normally on:    *
* 12/4/17 4:17 PM                                                    *
* Up for: 0 days, 0 hours, 1 mins, 5.810 sec                         *
**********************************************************************
2017-12-04 16:17:10,611 [Mule.app.deployer.monitor.1.thread.1] INFO  org.mule.module.launcher.application.DefaultMuleApplication - 
++++++++++++++++++++++++++++++++++++++++++++++++++++++++++++
+ Initializing app '74-jms-connector-active-mq'            +
++++++++++++++++++++++++++++++++++++++++++++++++++++++++++++
2017-12-04 16:17:10,624 [Mule.app.deployer.monitor.1.thread.1] INFO  org.mule.lifecycle.AbstractLifecycleManager - Initialising RegistryBroker
2017-12-04 16:17:10,632 [Mule.app.deployer.monitor.1.thread.1] INFO  org.mule.module.extension.internal.manager.DefaultExtensionManager - Starting discovery of extensions
2017-12-04 16:17:10,657 [Mule.app.deployer.monitor.1.thread.1] INFO  org.mule.module.extension.internal.manager.DefaultExtensionManager - Discovered 1 extensions
2017-12-04 16:17:10,657 [Mule.app.deployer.monitor.1.thread.1] INFO  org.mule.module.extension.internal.manager.DefaultExtensionManager - Registering extension validation (version 3.9)
2017-12-04 16:17:10,660 [Mule.app.deployer.monitor.1.thread.1] INFO  org.mule.config.spring.MuleArtifactContext - Refreshing org.mule.config.spring.MuleArtifactContext@72e1d049: startup date [Mon Dec 04 16:17:10 IST 2017]; root of context hierarchy
2017-12-04 16:17:11,455 [Mule.app.deployer.monitor.1.thread.1] INFO  org.mule.config.spring.processors.NoDevkitInjectorProcessor - JSR-330 'javax.inject.Inject' annotation found and supported for autowiring
2017-12-04 16:17:11,848 [Mule.app.deployer.monitor.1.thread.1] INFO  org.mule.util.journal.TransactionJournal - Using files for tx logs F:\workspace_mulesoft1\.mule\.\.mule\74-jms-connector-active-mq\queue-tx-log\tx1.log and F:\workspace_mulesoft1\.mule\.\.mule\74-jms-connector-active-mq\queue-tx-log\tx2.log
2017-12-04 16:17:11,850 [Mule.app.deployer.monitor.1.thread.1] INFO  org.mule.util.journal.TransactionJournal - Using files for tx logs F:\workspace_mulesoft1\.mule\.\.mule\74-jms-connector-active-mq\queue-xa-tx-log\tx1.log and F:\workspace_mulesoft1\.mule\.\.mule\74-jms-connector-active-mq\queue-xa-tx-log\tx2.log
2017-12-04 16:17:11,852 [Mule.app.deployer.monitor.1.thread.1] INFO  org.mule.lifecycle.AbstractLifecycleManager - Initialising connector: Active_MQ
2017-12-04 16:17:11,874 [Mule.app.deployer.monitor.1.thread.1] INFO  org.mule.lifecycle.AbstractLifecycleManager - Initialising connector: connector.polling.mule.default
2017-12-04 16:17:11,903 [Mule.app.deployer.monitor.1.thread.1] INFO  org.mule.lifecycle.AbstractLifecycleManager - Initialising model: _muleSystemModel
2017-12-04 16:17:11,906 [Mule.app.deployer.monitor.1.thread.1] INFO  org.mule.construct.FlowConstructLifecycleManager - Initialising flow: 74-jms-connectorFlow
2017-12-04 16:17:11,907 [Mule.app.deployer.monitor.1.thread.1] INFO  org.mule.exception.DefaultMessagingExceptionStrategy - Initialising exception listener: org.mule.exception.DefaultMessagingExceptionStrategy@2fd67fd9
2017-12-04 16:17:11,917 [Mule.app.deployer.monitor.1.thread.1] INFO  org.mule.processor.SedaStageLifecycleManager - Initialising service: 74-jms-connectorFlow.stage1
2017-12-04 16:17:11,918 [Mule.app.deployer.monitor.1.thread.1] INFO  org.mule.construct.FlowConstructLifecycleManager - Initialising flow: 74-jms-connectorFlow2
2017-12-04 16:17:11,919 [Mule.app.deployer.monitor.1.thread.1] INFO  org.mule.exception.DefaultMessagingExceptionStrategy - Initialising exception listener: org.mule.exception.DefaultMessagingExceptionStrategy@63213d15
2017-12-04 16:17:11,927 [Mule.app.deployer.monitor.1.thread.1] INFO  org.mule.processor.SedaStageLifecycleManager - Initialising service: 74-jms-connectorFlow2.stage1
2017-12-04 16:17:11,975 [Mule.app.deployer.monitor.1.thread.1] INFO  org.mule.config.spring.SpringXmlConfigurationBuilder - Configured Mule using "org.mule.config.spring.SpringXmlConfigurationBuilder" with configuration resource(s): "[ConfigResource{resourceName='F:\workspace_mulesoft1\.mule\apps\74-jms-connector-active-mq\74-jms-connector.xml'}]"
2017-12-04 16:17:11,977 [Mule.app.deployer.monitor.1.thread.1] INFO  org.mule.config.builders.AutoConfigurationBuilder - Configured Mule using "org.mule.config.builders.AutoConfigurationBuilder" with configuration resource(s): "[ConfigResource{resourceName='F:\workspace_mulesoft1\.mule\apps\74-jms-connector-active-mq\74-jms-connector.xml'}]"
2017-12-04 16:17:11,985 [Mule.app.deployer.monitor.1.thread.1] INFO  org.mule.module.launcher.application.DefaultMuleApplication - 
++++++++++++++++++++++++++++++++++++++++++++++++++++++++++++
+ Starting app '74-jms-connector-active-mq'                +
++++++++++++++++++++++++++++++++++++++++++++++++++++++++++++
2017-12-04 16:17:11,994 [Mule.app.deployer.monitor.1.thread.1] INFO  org.mule.util.queue.QueueXaResourceManager - Starting ResourceManager
2017-12-04 16:17:11,994 [Mule.app.deployer.monitor.1.thread.1] INFO  org.mule.util.queue.QueueXaResourceManager - Started ResourceManager
2017-12-04 16:17:12,012 [Mule.app.deployer.monitor.1.thread.1] INFO  org.mule.module.http.internal.listener.DefaultHttpListenerConfig - Listening for requests on http://0.0.0.0:8083
2017-12-04 16:17:12,699 [Mule.app.deployer.monitor.1.thread.1] INFO  org.mule.transport.jms.activemq.ActiveMQJmsConnector - Connected: ActiveMQJmsConnector
{
  name=Active_MQ
  lifecycle=initialise
  this=2737e74d
  numberOfConcurrentTransactedReceivers=4
  createMultipleTransactedReceivers=true
  connected=true
  supportedProtocols=[jms]
  serviceOverrides=<none>
}

2017-12-04 16:17:12,699 [Mule.app.deployer.monitor.1.thread.1] INFO  org.mule.transport.jms.activemq.ActiveMQJmsConnector - Starting: ActiveMQJmsConnector
{
  name=Active_MQ
  lifecycle=initialise
  this=2737e74d
  numberOfConcurrentTransactedReceivers=4
  createMultipleTransactedReceivers=true
  connected=true
  supportedProtocols=[jms]
  serviceOverrides=<none>
}

2017-12-04 16:17:12,699 [Mule.app.deployer.monitor.1.thread.1] INFO  org.mule.lifecycle.AbstractLifecycleManager - Starting connector: Active_MQ
2017-12-04 16:17:12,699 [Mule.app.deployer.monitor.1.thread.1] INFO  org.mule.transport.polling.MessageProcessorPollingConnector - Connected: MessageProcessorPollingConnector
{
  name=connector.polling.mule.default
  lifecycle=initialise
  this=342b2cb5
  numberOfConcurrentTransactedReceivers=4
  createMultipleTransactedReceivers=true
  connected=true
  supportedProtocols=[polling]
  serviceOverrides=<none>
}

2017-12-04 16:17:12,699 [Mule.app.deployer.monitor.1.thread.1] INFO  org.mule.transport.polling.MessageProcessorPollingConnector - Starting: MessageProcessorPollingConnector
{
  name=connector.polling.mule.default
  lifecycle=initialise
  this=342b2cb5
  numberOfConcurrentTransactedReceivers=4
  createMultipleTransactedReceivers=true
  connected=true
  supportedProtocols=[polling]
  serviceOverrides=<none>
}

2017-12-04 16:17:12,699 [Mule.app.deployer.monitor.1.thread.1] INFO  org.mule.lifecycle.AbstractLifecycleManager - Starting connector: connector.polling.mule.default
2017-12-04 16:17:12,704 [Mule.app.deployer.monitor.1.thread.1] INFO  org.mule.modules.oauth2.provider.agents.DefaultSplashScreenAgent - 
++++++++++++++++++++++++++++++++++++++++++++++++++++++++++++++++++++++++++++++++
+ DevKit Extensions (0) used in this application 
                             +
++++++++++++++++++++++++++++++++++++++++++++++++++++++++++++++++++++++++++++++++
2017-12-04 16:17:12,705 [Mule.app.deployer.monitor.1.thread.1] INFO  org.mule.lifecycle.AbstractLifecycleManager - Starting model: _muleSystemModel
2017-12-04 16:17:12,706 [Mule.app.deployer.monitor.1.thread.1] INFO  org.mule.construct.FlowConstructLifecycleManager - Starting flow: 74-jms-connectorFlow
2017-12-04 16:17:12,707 [Mule.app.deployer.monitor.1.thread.1] INFO  org.mule.processor.SedaStageLifecycleManager - Starting service: 74-jms-connectorFlow.stage1
2017-12-04 16:17:12,709 [Mule.app.deployer.monitor.1.thread.1] INFO  org.mule.construct.FlowConstructLifecycleManager - Starting flow: 74-jms-connectorFlow2
2017-12-04 16:17:12,709 [Mule.app.deployer.monitor.1.thread.1] INFO  org.mule.processor.SedaStageLifecycleManager - Starting service: 74-jms-connectorFlow2.stage1
2017-12-04 16:17:12,743 [Mule.app.deployer.monitor.1.thread.1] INFO  org.mule.transport.polling.MessageProcessorPollingConnector - Registering listener: 74-jms-connectorFlow2 on endpointUri: polling://-1912630717
2017-12-04 16:17:12,777 [Mule.app.deployer.monitor.1.thread.1] INFO  org.mule.lifecycle.AbstractLifecycleManager - Initialising: 'null'. Object is: MessageProcessorPollingMessageReceiver
2017-12-04 16:17:12,799 [Mule.app.deployer.monitor.1.thread.1] INFO  org.mule.lifecycle.AbstractLifecycleManager - Initialising Bean: polling://74-jms-connectorFlow2/781049374
2017-12-04 16:17:12,800 [Mule.app.deployer.monitor.1.thread.1] INFO  org.mule.lifecycle.AbstractLifecycleManager - Starting Bean: polling://74-jms-connectorFlow2/781049374
2017-12-04 16:17:12,800 [Mule.app.deployer.monitor.1.thread.1] INFO  org.mule.transport.polling.MessageProcessorPollingMessageReceiver - Connecting clusterizable message receiver
2017-12-04 16:17:12,802 [Mule.app.deployer.monitor.1.thread.1] INFO  org.mule.lifecycle.AbstractLifecycleManager - Starting: 'null'. Object is: MessageProcessorPollingMessageReceiver
2017-12-04 16:17:12,802 [Mule.app.deployer.monitor.1.thread.1] INFO  org.mule.transport.polling.MessageProcessorPollingMessageReceiver - Starting clusterizable message receiver
2017-12-04 16:17:12,804 [Mule.app.deployer.monitor.1.thread.1] INFO  org.mule.module.management.agent.WrapperManagerAgent - This JVM hasn't been launched by the wrapper, the agent will not run.
2017-12-04 16:17:12,817 [Mule.app.deployer.monitor.1.thread.1] INFO  org.mule.module.management.agent.AbstractJmxAgent - Attempting to register service with name: Mule.74-jms-connector-active-mq:type=Endpoint,service="74-jms-connectorFlow2",connector=connector.polling.mule.default,name="endpoint.polling.1912630717"
2017-12-04 16:17:12,818 [Mule.app.deployer.monitor.1.thread.1] INFO  org.mule.module.management.agent.AbstractJmxAgent - Registered Endpoint Service with name: Mule.74-jms-connector-active-mq:type=Endpoint,service="74-jms-connectorFlow2",connector=connector.polling.mule.default,name="endpoint.polling.1912630717"
2017-12-04 16:17:12,820 [Mule.app.deployer.monitor.1.thread.1] INFO  org.mule.module.management.agent.AbstractJmxAgent - Registered Connector Service with name Mule.74-jms-connector-active-mq:type=Connector,name="connector.polling.mule.default"
2017-12-04 16:17:12,821 [Mule.app.deployer.monitor.1.thread.1] INFO  org.mule.module.management.agent.AbstractJmxAgent - Registered Connector Service with name Mule.74-jms-connector-active-mq:type=Connector,name="Active_MQ"
2017-12-04 16:17:12,822 [Mule.app.deployer.monitor.1.thread.1] INFO  org.mule.DefaultMuleContext - 
**********************************************************************
* Application: 74-jms-connector-active-mq                            *
* OS encoding: \, Mule encoding: UTF-8                               *
*                                                                    *
* Agents Running:                                                    *
*   Batch module default engine                                      *
*   JMX Agent                                                        *
*   DevKit Extension Information                                     *
*   Wrapper Manager                                                  *
**********************************************************************
2017-12-04 16:17:52,605 [main] INFO  org.mule.module.launcher.application.DefaultMuleApplication - 
++++++++++++++++++++++++++++++++++++++++++++++++++++++++++++
+ Initializing app '74-jms-connector-active-mq'            +
++++++++++++++++++++++++++++++++++++++++++++++++++++++++++++
2017-12-04 16:17:53,153 [main] INFO  org.mule.lifecycle.AbstractLifecycleManager - Initialising RegistryBroker
2017-12-04 16:17:53,470 [main] INFO  org.mule.module.extension.internal.manager.DefaultExtensionManager - Starting discovery of extensions
2017-12-04 16:17:53,782 [main] INFO  org.mule.module.extension.internal.manager.DefaultExtensionManager - Discovered 1 extensions
2017-12-04 16:17:53,784 [main] INFO  org.mule.module.extension.internal.manager.DefaultExtensionManager - Registering extension validation (version 3.9)
2017-12-04 16:17:54,338 [main] INFO  org.mule.config.spring.MuleArtifactContext - Refreshing org.mule.config.spring.MuleArtifactContext@56d93692: startup date [Mon Dec 04 16:17:54 IST 2017]; root of context hierarchy
2017-12-04 16:17:57,689 [main] INFO  org.mule.config.spring.processors.NoDevkitInjectorProcessor - JSR-330 'javax.inject.Inject' annotation found and supported for autowiring
2017-12-04 16:17:59,629 [main] WARN  org.mule.module.ognl.expression.OgnlExpressionEvaluator - OGNL module is deprecated and will be removed in Mule 4.0. Use MEL expressions instead.
2017-12-04 16:18:01,036 [main] INFO  org.mule.util.journal.TransactionJournal - Using files for tx logs F:\workspace_mulesoft1\.mule\.\.mule\74-jms-connector-active-mq\queue-tx-log\tx1.log and F:\workspace_mulesoft1\.mule\.\.mule\74-jms-connector-active-mq\queue-tx-log\tx2.log
2017-12-04 16:18:01,079 [main] INFO  org.mule.util.journal.TransactionJournal - Using files for tx logs F:\workspace_mulesoft1\.mule\.\.mule\74-jms-connector-active-mq\queue-xa-tx-log\tx1.log and F:\workspace_mulesoft1\.mule\.\.mule\74-jms-connector-active-mq\queue-xa-tx-log\tx2.log
2017-12-04 16:18:01,091 [main] INFO  org.mule.lifecycle.AbstractLifecycleManager - Initialising connector: Active_MQ
2017-12-04 16:18:01,239 [main] INFO  org.mule.lifecycle.AbstractLifecycleManager - Initialising connector: connector.polling.mule.default
2017-12-04 16:18:01,504 [main] INFO  org.mule.lifecycle.AbstractLifecycleManager - Initialising model: _muleSystemModel
2017-12-04 16:18:01,511 [main] INFO  org.mule.construct.FlowConstructLifecycleManager - Initialising flow: 74-jms-connectorFlow
2017-12-04 16:18:01,512 [main] INFO  org.mule.exception.DefaultMessagingExceptionStrategy - Initialising exception listener: org.mule.exception.DefaultMessagingExceptionStrategy@77663cd7
2017-12-04 16:18:01,597 [main] INFO  org.mule.processor.SedaStageLifecycleManager - Initialising service: 74-jms-connectorFlow.stage1
2017-12-04 16:18:01,628 [main] INFO  org.mule.construct.FlowConstructLifecycleManager - Initialising flow: 74-jms-connectorFlow2
2017-12-04 16:18:01,629 [main] INFO  org.mule.exception.DefaultMessagingExceptionStrategy - Initialising exception listener: org.mule.exception.DefaultMessagingExceptionStrategy@5e98032e
2017-12-04 16:18:01,636 [main] INFO  org.mule.processor.SedaStageLifecycleManager - Initialising service: 74-jms-connectorFlow2.stage1
2017-12-04 16:18:02,256 [main] INFO  org.mule.config.spring.SpringXmlConfigurationBuilder - Configured Mule using "org.mule.config.spring.SpringXmlConfigurationBuilder" with configuration resource(s): "[ConfigResource{resourceName='F:\workspace_mulesoft1\.mule\apps\74-jms-connector-active-mq\74-jms-connector.xml'}]"
2017-12-04 16:18:02,256 [main] INFO  org.mule.config.builders.AutoConfigurationBuilder - Configured Mule using "org.mule.config.builders.AutoConfigurationBuilder" with configuration resource(s): "[ConfigResource{resourceName='F:\workspace_mulesoft1\.mule\apps\74-jms-connector-active-mq\74-jms-connector.xml'}]"
2017-12-04 16:18:02,267 [main] INFO  org.mule.module.launcher.application.DefaultMuleApplication - 
++++++++++++++++++++++++++++++++++++++++++++++++++++++++++++
+ Starting app '74-jms-connector-active-mq'                +
++++++++++++++++++++++++++++++++++++++++++++++++++++++++++++
2017-12-04 16:18:02,275 [main] INFO  org.mule.util.queue.QueueXaResourceManager - Starting ResourceManager
2017-12-04 16:18:02,275 [main] INFO  org.mule.util.queue.QueueXaResourceManager - Started ResourceManager
2017-12-04 16:18:02,346 [main] INFO  org.mule.module.http.internal.listener.DefaultHttpListenerConfig - Listening for requests on http://0.0.0.0:8083
2017-12-04 16:18:02,925 [main] INFO  org.mule.transport.jms.activemq.ActiveMQJmsConnector - Connected: ActiveMQJmsConnector
{
  name=Active_MQ
  lifecycle=initialise
  this=6bcdd6e4
  numberOfConcurrentTransactedReceivers=4
  createMultipleTransactedReceivers=true
  connected=true
  supportedProtocols=[jms]
  serviceOverrides=<none>
}

2017-12-04 16:18:02,926 [main] INFO  org.mule.transport.jms.activemq.ActiveMQJmsConnector - Starting: ActiveMQJmsConnector
{
  name=Active_MQ
  lifecycle=initialise
  this=6bcdd6e4
  numberOfConcurrentTransactedReceivers=4
  createMultipleTransactedReceivers=true
  connected=true
  supportedProtocols=[jms]
  serviceOverrides=<none>
}

2017-12-04 16:18:02,927 [main] INFO  org.mule.lifecycle.AbstractLifecycleManager - Starting connector: Active_MQ
2017-12-04 16:18:02,928 [main] INFO  org.mule.transport.polling.MessageProcessorPollingConnector - Connected: MessageProcessorPollingConnector
{
  name=connector.polling.mule.default
  lifecycle=initialise
  this=439f2d87
  numberOfConcurrentTransactedReceivers=4
  createMultipleTransactedReceivers=true
  connected=true
  supportedProtocols=[polling]
  serviceOverrides=<none>
}

2017-12-04 16:18:02,928 [main] INFO  org.mule.transport.polling.MessageProcessorPollingConnector - Starting: MessageProcessorPollingConnector
{
  name=connector.polling.mule.default
  lifecycle=initialise
  this=439f2d87
  numberOfConcurrentTransactedReceivers=4
  createMultipleTransactedReceivers=true
  connected=true
  supportedProtocols=[polling]
  serviceOverrides=<none>
}

2017-12-04 16:18:02,928 [main] INFO  org.mule.lifecycle.AbstractLifecycleManager - Starting connector: connector.polling.mule.default
2017-12-04 16:18:02,939 [main] INFO  org.mule.modules.oauth2.provider.agents.DefaultSplashScreenAgent - 
++++++++++++++++++++++++++++++++++++++++++++++++++++++++++++++++++++++++++++++++
+ DevKit Extensions (0) used in this application 
                             +
++++++++++++++++++++++++++++++++++++++++++++++++++++++++++++++++++++++++++++++++
2017-12-04 16:18:02,941 [main] INFO  org.mule.lifecycle.AbstractLifecycleManager - Starting model: _muleSystemModel
2017-12-04 16:18:02,943 [main] INFO  org.mule.construct.FlowConstructLifecycleManager - Starting flow: 74-jms-connectorFlow
2017-12-04 16:18:02,945 [main] INFO  org.mule.processor.SedaStageLifecycleManager - Starting service: 74-jms-connectorFlow.stage1
2017-12-04 16:18:02,952 [main] INFO  org.mule.construct.FlowConstructLifecycleManager - Starting flow: 74-jms-connectorFlow2
2017-12-04 16:18:02,953 [main] INFO  org.mule.processor.SedaStageLifecycleManager - Starting service: 74-jms-connectorFlow2.stage1
2017-12-04 16:18:03,053 [main] INFO  org.mule.transport.polling.MessageProcessorPollingConnector - Registering listener: 74-jms-connectorFlow2 on endpointUri: polling://-1912630717
2017-12-04 16:18:03,107 [main] INFO  org.mule.lifecycle.AbstractLifecycleManager - Initialising: 'null'. Object is: MessageProcessorPollingMessageReceiver
2017-12-04 16:18:03,142 [main] INFO  org.mule.lifecycle.AbstractLifecycleManager - Initialising Bean: polling://74-jms-connectorFlow2/1378376287
2017-12-04 16:18:03,144 [main] INFO  org.mule.lifecycle.AbstractLifecycleManager - Starting Bean: polling://74-jms-connectorFlow2/1378376287
2017-12-04 16:18:03,145 [main] INFO  org.mule.transport.polling.MessageProcessorPollingMessageReceiver - Connecting clusterizable message receiver
2017-12-04 16:18:03,147 [main] INFO  org.mule.lifecycle.AbstractLifecycleManager - Starting: 'null'. Object is: MessageProcessorPollingMessageReceiver
2017-12-04 16:18:03,147 [main] INFO  org.mule.transport.polling.MessageProcessorPollingMessageReceiver - Starting clusterizable message receiver
2017-12-04 16:18:03,169 [main] INFO  org.mule.module.management.agent.WrapperManagerAgent - This JVM hasn't been launched by the wrapper, the agent will not run.
2017-12-04 16:18:03,292 [pool-20-thread-1] INFO  org.mule.transport.service.DefaultTransportServiceDescriptor - Loading default outbound transformer: org.mule.transport.jms.transformers.ObjectToJMSMessage
2017-12-04 16:18:03,293 [pool-20-thread-1] INFO  org.mule.transport.service.DefaultTransportServiceDescriptor - Loading default response transformer: org.mule.transport.jms.transformers.ObjectToJMSMessage
2017-12-04 16:18:03,293 [pool-20-thread-1] WARN  com.mulesoft.mule.transport.jms.EeJmsMessageDispatcher - Starting patched JmsMessageReceiver
2017-12-04 16:18:03,295 [pool-20-thread-1] INFO  org.mule.lifecycle.AbstractLifecycleManager - Initialising: 'Active_MQ.dispatcher.258528311'. Object is: EeJmsMessageDispatcher
2017-12-04 16:18:03,297 [pool-20-thread-1] INFO  org.mule.lifecycle.AbstractLifecycleManager - Starting: 'Active_MQ.dispatcher.258528311'. Object is: EeJmsMessageDispatcher
2017-12-04 16:18:12,313 [main] INFO  org.mule.module.management.agent.AbstractJmxAgent - Attempting to register service with name: Mule.74-jms-connector-active-mq:type=Endpoint,service="74-jms-connectorFlow2",connector=connector.polling.mule.default,name="endpoint.polling.1912630717"
2017-12-04 16:18:12,314 [main] INFO  org.mule.module.management.agent.AbstractJmxAgent - Registered Endpoint Service with name: Mule.74-jms-connector-active-mq:type=Endpoint,service="74-jms-connectorFlow2",connector=connector.polling.mule.default,name="endpoint.polling.1912630717"
2017-12-04 16:18:12,318 [main] INFO  org.mule.module.management.agent.AbstractJmxAgent - Registered Connector Service with name Mule.74-jms-connector-active-mq:type=Connector,name="connector.polling.mule.default"
2017-12-04 16:18:12,318 [main] INFO  org.mule.module.management.agent.AbstractJmxAgent - Registered Connector Service with name Mule.74-jms-connector-active-mq:type=Connector,name="Active_MQ"
2017-12-04 16:18:12,329 [main] INFO  org.mule.DefaultMuleContext - 
**********************************************************************
* Application: 74-jms-connector-active-mq                            *
* OS encoding: \, Mule encoding: UTF-8                               *
*                                                                    *
* Agents Running:                                                    *
*   Batch module default engine                                      *
*   JMX Agent                                                        *
*   DevKit Extension Information                                     *
*   Wrapper Manager                                                  *
**********************************************************************
2017-12-04 16:18:22,467 [pool-20-thread-1] INFO  org.mule.transport.polling.MessageProcessorPollingMessageReceiver - Polling of 74-jms-connectorFlow2 returned null, the flow will not be invoked.
2017-12-04 16:18:43,175 [pool-20-thread-1] INFO  org.mule.transport.polling.MessageProcessorPollingMessageReceiver - Polling of 74-jms-connectorFlow2 returned null, the flow will not be invoked.
2017-12-04 16:19:13,195 [pool-20-thread-1] INFO  org.mule.transport.polling.MessageProcessorPollingMessageReceiver - Polling of 74-jms-connectorFlow2 returned null, the flow will not be invoked.
2017-12-04 16:19:43,187 [pool-20-thread-1] INFO  org.mule.transport.polling.MessageProcessorPollingMessageReceiver - Polling of 74-jms-connectorFlow2 returned null, the flow will not be invoked.
2017-12-04 16:19:57,499 [Mule.app.deployer.monitor.1.thread.1] INFO  org.mule.module.launcher.application.DefaultMuleApplication - 
++++++++++++++++++++++++++++++++++++++++++++++++++++++++++++
+ Stopping app '74-jms-connector-active-mq'                +
++++++++++++++++++++++++++++++++++++++++++++++++++++++++++++
2017-12-04 16:19:57,506 [Mule.app.deployer.monitor.1.thread.1] INFO  org.mule.construct.FlowConstructLifecycleManager - Stopping flow: 74-jms-connectorFlow
2017-12-04 16:19:57,510 [Mule.app.deployer.monitor.1.thread.1] INFO  org.mule.processor.SedaStageLifecycleManager - Stopping service: 74-jms-connectorFlow.stage1
2017-12-04 16:19:57,641 [Mule.app.deployer.monitor.1.thread.1] INFO  org.mule.construct.FlowConstructLifecycleManager - Stopping flow: 74-jms-connectorFlow2
2017-12-04 16:19:57,641 [Mule.app.deployer.monitor.1.thread.1] INFO  org.mule.transport.polling.MessageProcessorPollingConnector - Removing listener on endpointUri: polling://-1912630717
2017-12-04 16:19:57,646 [Mule.app.deployer.monitor.1.thread.1] INFO  org.mule.lifecycle.AbstractLifecycleManager - Stopping: 'null'. Object is: MessageProcessorPollingMessageReceiver
2017-12-04 16:19:57,648 [Mule.app.deployer.monitor.1.thread.1] INFO  org.mule.lifecycle.AbstractLifecycleManager - Stopping Bean: polling://74-jms-connectorFlow2/1378376287
2017-12-04 16:19:57,656 [Mule.app.deployer.monitor.1.thread.1] INFO  org.mule.lifecycle.AbstractLifecycleManager - Disposing: 'null'. Object is: MessageProcessorPollingMessageReceiver
2017-12-04 16:19:57,661 [Mule.app.deployer.monitor.1.thread.1] INFO  org.mule.lifecycle.AbstractLifecycleManager - Disposing Bean: polling://74-jms-connectorFlow2/1378376287
2017-12-04 16:19:57,665 [Mule.app.deployer.monitor.1.thread.1] INFO  org.mule.processor.SedaStageLifecycleManager - Stopping service: 74-jms-connectorFlow2.stage1
2017-12-04 16:19:57,844 [Mule.app.deployer.monitor.1.thread.1] INFO  org.mule.lifecycle.AbstractLifecycleManager - Stopping model: _muleSystemModel
2017-12-04 16:19:57,855 [Mule.app.deployer.monitor.1.thread.1] INFO  org.mule.lifecycle.AbstractLifecycleManager - Stopping connector: Active_MQ
2017-12-04 16:19:57,863 [Mule.app.deployer.monitor.1.thread.1] INFO  org.mule.lifecycle.AbstractLifecycleManager - Stopping: 'Active_MQ.dispatcher.258528311'. Object is: EeJmsMessageDispatcher
2017-12-04 16:19:57,864 [Mule.app.deployer.monitor.1.thread.1] INFO  org.mule.lifecycle.AbstractLifecycleManager - Disposing: 'Active_MQ.dispatcher.258528311'. Object is: EeJmsMessageDispatcher
2017-12-04 16:19:57,864 [Mule.app.deployer.monitor.1.thread.1] INFO  org.mule.lifecycle.AbstractLifecycleManager - Stopping connector: connector.polling.mule.default
2017-12-04 16:19:57,942 [Mule.app.deployer.monitor.1.thread.1] INFO  org.mule.module.http.internal.listener.DefaultHttpListenerConfig - Stopped listener on http://0.0.0.0:8083
2017-12-04 16:19:57,949 [Mule.app.deployer.monitor.1.thread.1] INFO  org.mule.util.queue.QueueXaResourceManager - Stopping ResourceManager
2017-12-04 16:19:57,949 [Mule.app.deployer.monitor.1.thread.1] INFO  org.mule.util.queue.QueueXaResourceManager - Stopped ResourceManager
2017-12-04 16:19:57,960 [Mule.app.deployer.monitor.1.thread.1] INFO  org.mule.module.launcher.application.DefaultMuleApplication - 
++++++++++++++++++++++++++++++++++++++++++++++++++++++++++++
+ Disposing app '74-jms-connector-active-mq'               +
++++++++++++++++++++++++++++++++++++++++++++++++++++++++++++
2017-12-04 16:19:57,964 [Mule.app.deployer.monitor.1.thread.1] INFO  org.mule.lifecycle.AbstractLifecycleManager - Disposing RegistryBroker
2017-12-04 16:19:57,966 [Mule.app.deployer.monitor.1.thread.1] INFO  org.mule.construct.FlowConstructLifecycleManager - Disposing flow: 74-jms-connectorFlow
2017-12-04 16:19:57,969 [Mule.app.deployer.monitor.1.thread.1] INFO  org.mule.processor.SedaStageLifecycleManager - Disposing service: 74-jms-connectorFlow.stage1
2017-12-04 16:19:57,972 [Mule.app.deployer.monitor.1.thread.1] INFO  org.mule.construct.FlowConstructLifecycleManager - Disposing flow: 74-jms-connectorFlow2
2017-12-04 16:19:57,972 [Mule.app.deployer.monitor.1.thread.1] INFO  org.mule.processor.SedaStageLifecycleManager - Disposing service: 74-jms-connectorFlow2.stage1
2017-12-04 16:19:57,975 [Mule.app.deployer.monitor.1.thread.1] INFO  org.mule.lifecycle.AbstractLifecycleManager - Disposing model: _muleSystemModel
2017-12-04 16:19:58,011 [Mule.app.deployer.monitor.1.thread.1] INFO  org.mule.transport.jms.activemq.ActiveMQJmsConnector - Disconnected: ActiveMQJmsConnector
{
  name=Active_MQ
  lifecycle=stop
  this=6bcdd6e4
  numberOfConcurrentTransactedReceivers=4
  createMultipleTransactedReceivers=true
  connected=true
  supportedProtocols=[jms]
  serviceOverrides=<none>
}

2017-12-04 16:19:58,012 [Mule.app.deployer.monitor.1.thread.1] INFO  org.mule.lifecycle.AbstractLifecycleManager - Disposing connector: Active_MQ
2017-12-04 16:19:58,013 [Mule.app.deployer.monitor.1.thread.1] INFO  org.mule.transport.polling.MessageProcessorPollingConnector - Disconnected: MessageProcessorPollingConnector
{
  name=connector.polling.mule.default
  lifecycle=stop
  this=439f2d87
  numberOfConcurrentTransactedReceivers=4
  createMultipleTransactedReceivers=true
  connected=true
  supportedProtocols=[polling]
  serviceOverrides=<none>
}

2017-12-04 16:19:58,014 [Mule.app.deployer.monitor.1.thread.1] INFO  org.mule.lifecycle.AbstractLifecycleManager - Disposing connector: connector.polling.mule.default
2017-12-04 16:19:58,385 [Mule.app.deployer.monitor.1.thread.1] INFO  org.mule.config.spring.MuleArtifactContext - Closing org.mule.config.spring.MuleArtifactContext@56d93692: startup date [Mon Dec 04 16:17:54 IST 2017]; root of context hierarchy
2017-12-04 16:19:58,407 [Mule.app.deployer.monitor.1.thread.1] INFO  org.mule.DefaultMuleContext - 
**********************************************************************
* Application "74-jms-connector-active-mq" shut down normally on:    *
* 12/4/17 4:19 PM                                                    *
* Up for: 0 days, 0 hours, 1 mins, 56.134 sec                        *
**********************************************************************
2017-12-04 16:19:58,577 [Mule.app.deployer.monitor.1.thread.1] INFO  org.mule.module.launcher.application.DefaultMuleApplication - 
++++++++++++++++++++++++++++++++++++++++++++++++++++++++++++
+ Initializing app '74-jms-connector-active-mq'            +
++++++++++++++++++++++++++++++++++++++++++++++++++++++++++++
2017-12-04 16:19:58,591 [Mule.app.deployer.monitor.1.thread.1] INFO  org.mule.lifecycle.AbstractLifecycleManager - Initialising RegistryBroker
2017-12-04 16:19:58,604 [Mule.app.deployer.monitor.1.thread.1] INFO  org.mule.module.extension.internal.manager.DefaultExtensionManager - Starting discovery of extensions
2017-12-04 16:19:58,633 [Mule.app.deployer.monitor.1.thread.1] INFO  org.mule.module.extension.internal.manager.DefaultExtensionManager - Discovered 1 extensions
2017-12-04 16:19:58,636 [Mule.app.deployer.monitor.1.thread.1] INFO  org.mule.module.extension.internal.manager.DefaultExtensionManager - Registering extension validation (version 3.9)
2017-12-04 16:19:58,649 [Mule.app.deployer.monitor.1.thread.1] INFO  org.mule.config.spring.MuleArtifactContext - Refreshing org.mule.config.spring.MuleArtifactContext@261cab0f: startup date [Mon Dec 04 16:19:58 IST 2017]; root of context hierarchy
2017-12-04 16:19:59,394 [Mule.app.deployer.monitor.1.thread.1] INFO  org.mule.config.spring.processors.NoDevkitInjectorProcessor - JSR-330 'javax.inject.Inject' annotation found and supported for autowiring
2017-12-04 16:19:59,737 [Mule.app.deployer.monitor.1.thread.1] INFO  org.mule.util.journal.TransactionJournal - Using files for tx logs F:\workspace_mulesoft1\.mule\.\.mule\74-jms-connector-active-mq\queue-tx-log\tx1.log and F:\workspace_mulesoft1\.mule\.\.mule\74-jms-connector-active-mq\queue-tx-log\tx2.log
2017-12-04 16:19:59,739 [Mule.app.deployer.monitor.1.thread.1] INFO  org.mule.util.journal.TransactionJournal - Using files for tx logs F:\workspace_mulesoft1\.mule\.\.mule\74-jms-connector-active-mq\queue-xa-tx-log\tx1.log and F:\workspace_mulesoft1\.mule\.\.mule\74-jms-connector-active-mq\queue-xa-tx-log\tx2.log
2017-12-04 16:19:59,741 [Mule.app.deployer.monitor.1.thread.1] INFO  org.mule.lifecycle.AbstractLifecycleManager - Initialising connector: Active_MQ
2017-12-04 16:19:59,778 [Mule.app.deployer.monitor.1.thread.1] INFO  org.mule.lifecycle.AbstractLifecycleManager - Initialising connector: connector.polling.mule.default
2017-12-04 16:19:59,825 [Mule.app.deployer.monitor.1.thread.1] INFO  org.mule.lifecycle.AbstractLifecycleManager - Initialising model: _muleSystemModel
2017-12-04 16:19:59,831 [Mule.app.deployer.monitor.1.thread.1] INFO  org.mule.construct.FlowConstructLifecycleManager - Initialising flow: 74-jms-connectorFlow
2017-12-04 16:19:59,832 [Mule.app.deployer.monitor.1.thread.1] INFO  org.mule.exception.DefaultMessagingExceptionStrategy - Initialising exception listener: org.mule.exception.DefaultMessagingExceptionStrategy@3085caea
2017-12-04 16:19:59,848 [Mule.app.deployer.monitor.1.thread.1] INFO  org.mule.processor.SedaStageLifecycleManager - Initialising service: 74-jms-connectorFlow.stage1
2017-12-04 16:19:59,849 [Mule.app.deployer.monitor.1.thread.1] INFO  org.mule.construct.FlowConstructLifecycleManager - Initialising flow: 74-jms-connectorFlow2
2017-12-04 16:19:59,852 [Mule.app.deployer.monitor.1.thread.1] INFO  org.mule.exception.DefaultMessagingExceptionStrategy - Initialising exception listener: org.mule.exception.DefaultMessagingExceptionStrategy@5624d8a9
2017-12-04 16:19:59,865 [Mule.app.deployer.monitor.1.thread.1] INFO  org.mule.processor.SedaStageLifecycleManager - Initialising service: 74-jms-connectorFlow2.stage1
2017-12-04 16:19:59,909 [Mule.app.deployer.monitor.1.thread.1] INFO  org.mule.config.spring.SpringXmlConfigurationBuilder - Configured Mule using "org.mule.config.spring.SpringXmlConfigurationBuilder" with configuration resource(s): "[ConfigResource{resourceName='F:\workspace_mulesoft1\.mule\apps\74-jms-connector-active-mq\74-jms-connector.xml'}]"
2017-12-04 16:19:59,909 [Mule.app.deployer.monitor.1.thread.1] INFO  org.mule.config.builders.AutoConfigurationBuilder - Configured Mule using "org.mule.config.builders.AutoConfigurationBuilder" with configuration resource(s): "[ConfigResource{resourceName='F:\workspace_mulesoft1\.mule\apps\74-jms-connector-active-mq\74-jms-connector.xml'}]"
2017-12-04 16:19:59,915 [Mule.app.deployer.monitor.1.thread.1] INFO  org.mule.module.launcher.application.DefaultMuleApplication - 
++++++++++++++++++++++++++++++++++++++++++++++++++++++++++++
+ Starting app '74-jms-connector-active-mq'                +
++++++++++++++++++++++++++++++++++++++++++++++++++++++++++++
2017-12-04 16:19:59,945 [Mule.app.deployer.monitor.1.thread.1] INFO  org.mule.util.queue.QueueXaResourceManager - Starting ResourceManager
2017-12-04 16:19:59,945 [Mule.app.deployer.monitor.1.thread.1] INFO  org.mule.util.queue.QueueXaResourceManager - Started ResourceManager
2017-12-04 16:19:59,965 [Mule.app.deployer.monitor.1.thread.1] INFO  org.mule.module.http.internal.listener.DefaultHttpListenerConfig - Listening for requests on http://0.0.0.0:8083
2017-12-04 16:20:00,638 [Mule.app.deployer.monitor.1.thread.1] INFO  org.mule.transport.jms.activemq.ActiveMQJmsConnector - Connected: ActiveMQJmsConnector
{
  name=Active_MQ
  lifecycle=initialise
  this=6a3866c
  numberOfConcurrentTransactedReceivers=4
  createMultipleTransactedReceivers=true
  connected=true
  supportedProtocols=[jms]
  serviceOverrides=<none>
}

2017-12-04 16:20:00,638 [Mule.app.deployer.monitor.1.thread.1] INFO  org.mule.transport.jms.activemq.ActiveMQJmsConnector - Starting: ActiveMQJmsConnector
{
  name=Active_MQ
  lifecycle=initialise
  this=6a3866c
  numberOfConcurrentTransactedReceivers=4
  createMultipleTransactedReceivers=true
  connected=true
  supportedProtocols=[jms]
  serviceOverrides=<none>
}

2017-12-04 16:20:00,638 [Mule.app.deployer.monitor.1.thread.1] INFO  org.mule.lifecycle.AbstractLifecycleManager - Starting connector: Active_MQ
2017-12-04 16:20:00,639 [Mule.app.deployer.monitor.1.thread.1] INFO  org.mule.transport.polling.MessageProcessorPollingConnector - Connected: MessageProcessorPollingConnector
{
  name=connector.polling.mule.default
  lifecycle=initialise
  this=49e38c6
  numberOfConcurrentTransactedReceivers=4
  createMultipleTransactedReceivers=true
  connected=true
  supportedProtocols=[polling]
  serviceOverrides=<none>
}

2017-12-04 16:20:00,639 [Mule.app.deployer.monitor.1.thread.1] INFO  org.mule.transport.polling.MessageProcessorPollingConnector - Starting: MessageProcessorPollingConnector
{
  name=connector.polling.mule.default
  lifecycle=initialise
  this=49e38c6
  numberOfConcurrentTransactedReceivers=4
  createMultipleTransactedReceivers=true
  connected=true
  supportedProtocols=[polling]
  serviceOverrides=<none>
}

2017-12-04 16:20:00,639 [Mule.app.deployer.monitor.1.thread.1] INFO  org.mule.lifecycle.AbstractLifecycleManager - Starting connector: connector.polling.mule.default
2017-12-04 16:20:00,645 [Mule.app.deployer.monitor.1.thread.1] INFO  org.mule.modules.oauth2.provider.agents.DefaultSplashScreenAgent - 
++++++++++++++++++++++++++++++++++++++++++++++++++++++++++++++++++++++++++++++++
+ DevKit Extensions (0) used in this application 
                             +
++++++++++++++++++++++++++++++++++++++++++++++++++++++++++++++++++++++++++++++++
2017-12-04 16:20:00,650 [Mule.app.deployer.monitor.1.thread.1] INFO  org.mule.lifecycle.AbstractLifecycleManager - Starting model: _muleSystemModel
2017-12-04 16:20:00,652 [Mule.app.deployer.monitor.1.thread.1] INFO  org.mule.construct.FlowConstructLifecycleManager - Starting flow: 74-jms-connectorFlow
2017-12-04 16:20:00,653 [Mule.app.deployer.monitor.1.thread.1] INFO  org.mule.processor.SedaStageLifecycleManager - Starting service: 74-jms-connectorFlow.stage1
2017-12-04 16:20:00,660 [Mule.app.deployer.monitor.1.thread.1] INFO  org.mule.construct.FlowConstructLifecycleManager - Starting flow: 74-jms-connectorFlow2
2017-12-04 16:20:00,660 [Mule.app.deployer.monitor.1.thread.1] INFO  org.mule.processor.SedaStageLifecycleManager - Starting service: 74-jms-connectorFlow2.stage1
2017-12-04 16:20:00,688 [Mule.app.deployer.monitor.1.thread.1] INFO  org.mule.transport.polling.MessageProcessorPollingConnector - Registering listener: 74-jms-connectorFlow2 on endpointUri: polling://-1912630717
2017-12-04 16:20:00,689 [Mule.app.deployer.monitor.1.thread.1] INFO  org.mule.lifecycle.AbstractLifecycleManager - Initialising: 'null'. Object is: MessageProcessorPollingMessageReceiver
2017-12-04 16:20:00,691 [Mule.app.deployer.monitor.1.thread.1] INFO  org.mule.lifecycle.AbstractLifecycleManager - Initialising Bean: polling://74-jms-connectorFlow2/782835404
2017-12-04 16:20:00,699 [Mule.app.deployer.monitor.1.thread.1] INFO  org.mule.lifecycle.AbstractLifecycleManager - Starting Bean: polling://74-jms-connectorFlow2/782835404
2017-12-04 16:20:00,702 [Mule.app.deployer.monitor.1.thread.1] INFO  org.mule.transport.polling.MessageProcessorPollingMessageReceiver - Connecting clusterizable message receiver
2017-12-04 16:20:00,702 [Mule.app.deployer.monitor.1.thread.1] INFO  org.mule.lifecycle.AbstractLifecycleManager - Starting: 'null'. Object is: MessageProcessorPollingMessageReceiver
2017-12-04 16:20:00,703 [Mule.app.deployer.monitor.1.thread.1] INFO  org.mule.transport.polling.MessageProcessorPollingMessageReceiver - Starting clusterizable message receiver
2017-12-04 16:20:00,706 [Mule.app.deployer.monitor.1.thread.1] INFO  org.mule.module.management.agent.WrapperManagerAgent - This JVM hasn't been launched by the wrapper, the agent will not run.
2017-12-04 16:20:00,717 [Mule.app.deployer.monitor.1.thread.1] INFO  org.mule.module.management.agent.AbstractJmxAgent - Attempting to register service with name: Mule.74-jms-connector-active-mq:type=Endpoint,service="74-jms-connectorFlow2",connector=connector.polling.mule.default,name="endpoint.polling.1912630717"
2017-12-04 16:20:00,719 [Mule.app.deployer.monitor.1.thread.1] INFO  org.mule.module.management.agent.AbstractJmxAgent - Registered Endpoint Service with name: Mule.74-jms-connector-active-mq:type=Endpoint,service="74-jms-connectorFlow2",connector=connector.polling.mule.default,name="endpoint.polling.1912630717"
2017-12-04 16:20:00,723 [Mule.app.deployer.monitor.1.thread.1] INFO  org.mule.module.management.agent.AbstractJmxAgent - Registered Connector Service with name Mule.74-jms-connector-active-mq:type=Connector,name="connector.polling.mule.default"
2017-12-04 16:20:00,724 [Mule.app.deployer.monitor.1.thread.1] INFO  org.mule.module.management.agent.AbstractJmxAgent - Registered Connector Service with name Mule.74-jms-connector-active-mq:type=Connector,name="Active_MQ"
2017-12-04 16:20:00,725 [Mule.app.deployer.monitor.1.thread.1] INFO  org.mule.DefaultMuleContext - 
**********************************************************************
* Application: 74-jms-connector-active-mq                            *
* OS encoding: \, Mule encoding: UTF-8                               *
*                                                                    *
* Agents Running:                                                    *
*   Batch module default engine                                      *
*   JMX Agent                                                        *
*   DevKit Extension Information                                     *
*   Wrapper Manager                                                  *
**********************************************************************
2017-12-04 16:20:30,707 [pool-37-thread-1] INFO  org.mule.transport.service.DefaultTransportServiceDescriptor - Loading default outbound transformer: org.mule.transport.jms.transformers.ObjectToJMSMessage
2017-12-04 16:20:30,708 [pool-37-thread-1] INFO  org.mule.transport.service.DefaultTransportServiceDescriptor - Loading default response transformer: org.mule.transport.jms.transformers.ObjectToJMSMessage
2017-12-04 16:20:30,708 [pool-37-thread-1] WARN  com.mulesoft.mule.transport.jms.EeJmsMessageDispatcher - Starting patched JmsMessageReceiver
2017-12-04 16:20:30,708 [pool-37-thread-1] INFO  org.mule.lifecycle.AbstractLifecycleManager - Initialising: 'Active_MQ.dispatcher.932830838'. Object is: EeJmsMessageDispatcher
2017-12-04 16:20:30,708 [pool-37-thread-1] INFO  org.mule.lifecycle.AbstractLifecycleManager - Starting: 'Active_MQ.dispatcher.932830838'. Object is: EeJmsMessageDispatcher
2017-12-04 16:20:40,900 [pool-37-thread-1] INFO  org.mule.transport.polling.MessageProcessorPollingMessageReceiver - Polling of 74-jms-connectorFlow2 returned null, the flow will not be invoked.
2017-12-04 16:21:10,743 [pool-37-thread-1] INFO  org.mule.transport.polling.MessageProcessorPollingMessageReceiver - Polling of 74-jms-connectorFlow2 returned null, the flow will not be invoked.
2017-12-04 16:21:40,737 [pool-37-thread-1] INFO  org.mule.transport.polling.MessageProcessorPollingMessageReceiver - Polling of 74-jms-connectorFlow2 returned null, the flow will not be invoked.
2017-12-04 16:22:10,734 [pool-37-thread-1] INFO  org.mule.transport.polling.MessageProcessorPollingMessageReceiver - Polling of 74-jms-connectorFlow2 returned null, the flow will not be invoked.
2017-12-04 16:22:40,738 [pool-37-thread-1] INFO  org.mule.transport.polling.MessageProcessorPollingMessageReceiver - Polling of 74-jms-connectorFlow2 returned null, the flow will not be invoked.
2017-12-04 16:23:10,736 [pool-37-thread-1] INFO  org.mule.transport.polling.MessageProcessorPollingMessageReceiver - Polling of 74-jms-connectorFlow2 returned null, the flow will not be invoked.
