2017-12-04 08:50:12,016 [main] INFO  org.mule.module.launcher.application.DefaultMuleApplication - 
++++++++++++++++++++++++++++++++++++++++++++++++++++++++++++
+ Initializing app '77-call-stored-procedure'              +
++++++++++++++++++++++++++++++++++++++++++++++++++++++++++++
2017-12-04 08:50:12,501 [main] INFO  org.mule.lifecycle.AbstractLifecycleManager - Initialising RegistryBroker
2017-12-04 08:50:12,783 [main] INFO  org.mule.module.extension.internal.manager.DefaultExtensionManager - Starting discovery of extensions
2017-12-04 08:50:13,022 [main] INFO  org.mule.module.extension.internal.manager.DefaultExtensionManager - Discovered 1 extensions
2017-12-04 08:50:13,022 [main] INFO  org.mule.module.extension.internal.manager.DefaultExtensionManager - Registering extension validation (version 3.9)
2017-12-04 08:50:13,416 [main] INFO  org.mule.config.spring.MuleArtifactContext - Refreshing org.mule.config.spring.MuleArtifactContext@1686f0b4: startup date [Mon Dec 04 08:50:13 IST 2017]; root of context hierarchy
2017-12-04 08:50:16,440 [main] INFO  org.mule.config.spring.processors.NoDevkitInjectorProcessor - JSR-330 'javax.inject.Inject' annotation found and supported for autowiring
2017-12-04 08:50:17,305 [main] WARN  org.mule.expression.DefaultExpressionManager - Expression string is not an expression.  Use isExpression(String) to validate first
2017-12-04 08:50:17,305 [main] WARN  org.mule.expression.DefaultExpressionManager - Expression string is not an expression.  Use isExpression(String) to validate first
2017-12-04 08:50:17,305 [main] WARN  org.mule.expression.DefaultExpressionManager - Expression string is not an expression.  Use isExpression(String) to validate first
2017-12-04 08:50:17,305 [main] WARN  org.mule.expression.DefaultExpressionManager - Expression string is not an expression.  Use isExpression(String) to validate first
2017-12-04 08:50:18,421 [main] WARN  org.mule.module.ognl.expression.OgnlExpressionEvaluator - OGNL module is deprecated and will be removed in Mule 4.0. Use MEL expressions instead.
2017-12-04 08:50:19,436 [main] INFO  org.mule.util.journal.TransactionJournal - Using files for tx logs F:\workspace_mulesoft1\.mule\.\.mule\77-call-stored-procedure\queue-tx-log\tx1.log and F:\workspace_mulesoft1\.mule\.\.mule\77-call-stored-procedure\queue-tx-log\tx2.log
2017-12-04 08:50:19,642 [main] INFO  org.mule.util.journal.TransactionJournal - Using files for tx logs F:\workspace_mulesoft1\.mule\.\.mule\77-call-stored-procedure\queue-xa-tx-log\tx1.log and F:\workspace_mulesoft1\.mule\.\.mule\77-call-stored-procedure\queue-xa-tx-log\tx2.log
2017-12-04 08:50:19,836 [main] INFO  org.mule.lifecycle.AbstractLifecycleManager - Initialising model: _muleSystemModel
2017-12-04 08:50:19,845 [main] INFO  org.mule.construct.FlowConstructLifecycleManager - Initialising flow: 77-call-stored-procedureFlow
2017-12-04 08:50:19,845 [main] INFO  org.mule.exception.DefaultMessagingExceptionStrategy - Initialising exception listener: org.mule.exception.DefaultMessagingExceptionStrategy@394fb736
2017-12-04 08:50:19,907 [main] INFO  org.mule.processor.SedaStageLifecycleManager - Initialising service: 77-call-stored-procedureFlow.stage1
2017-12-04 08:50:20,433 [main] INFO  org.mule.config.spring.SpringXmlConfigurationBuilder - Configured Mule using "org.mule.config.spring.SpringXmlConfigurationBuilder" with configuration resource(s): "[ConfigResource{resourceName='F:\workspace_mulesoft1\.mule\apps\77-call-stored-procedure\77-call-stored-procedure.xml'}]"
2017-12-04 08:50:20,433 [main] INFO  org.mule.config.builders.AutoConfigurationBuilder - Configured Mule using "org.mule.config.builders.AutoConfigurationBuilder" with configuration resource(s): "[ConfigResource{resourceName='F:\workspace_mulesoft1\.mule\apps\77-call-stored-procedure\77-call-stored-procedure.xml'}]"
2017-12-04 08:50:20,447 [main] INFO  org.mule.module.launcher.application.DefaultMuleApplication - 
++++++++++++++++++++++++++++++++++++++++++++++++++++++++++++
+ Starting app '77-call-stored-procedure'                  +
++++++++++++++++++++++++++++++++++++++++++++++++++++++++++++
2017-12-04 08:50:20,451 [main] INFO  org.mule.util.queue.QueueXaResourceManager - Starting ResourceManager
2017-12-04 08:50:20,451 [main] INFO  org.mule.util.queue.QueueXaResourceManager - Started ResourceManager
2017-12-04 08:50:20,528 [main] INFO  org.mule.module.http.internal.listener.DefaultHttpListenerConfig - Listening for requests on http://0.0.0.0:8083
2017-12-04 08:50:20,534 [main] INFO  org.mule.modules.oauth2.provider.agents.DefaultSplashScreenAgent - 
++++++++++++++++++++++++++++++++++++++++++++++++++++++++++++++++++++++++++++++++
+ DevKit Extensions (0) used in this application 
                             +
++++++++++++++++++++++++++++++++++++++++++++++++++++++++++++++++++++++++++++++++
2017-12-04 08:50:20,535 [main] INFO  org.mule.lifecycle.AbstractLifecycleManager - Starting model: _muleSystemModel
2017-12-04 08:50:20,538 [main] INFO  org.mule.construct.FlowConstructLifecycleManager - Starting flow: 77-call-stored-procedureFlow
2017-12-04 08:50:20,539 [main] INFO  org.mule.processor.SedaStageLifecycleManager - Starting service: 77-call-stored-procedureFlow.stage1
2017-12-04 08:50:20,626 [main] INFO  org.mule.module.management.agent.WrapperManagerAgent - This JVM hasn't been launched by the wrapper, the agent will not run.
2017-12-04 08:50:29,773 [main] INFO  org.mule.DefaultMuleContext - 
**********************************************************************
* Application: 77-call-stored-procedure                              *
* OS encoding: \, Mule encoding: UTF-8                               *
*                                                                    *
* Agents Running:                                                    *
*   Batch module default engine                                      *
*   JMX Agent                                                        *
*   DevKit Extension Information                                     *
*   Wrapper Manager                                                  *
**********************************************************************
2017-12-04 08:51:09,835 [Mule.app.deployer.monitor.1.thread.1] INFO  org.mule.module.launcher.application.DefaultMuleApplication - 
++++++++++++++++++++++++++++++++++++++++++++++++++++++++++++
+ Stopping app '77-call-stored-procedure'                  +
++++++++++++++++++++++++++++++++++++++++++++++++++++++++++++
2017-12-04 08:51:09,837 [Mule.app.deployer.monitor.1.thread.1] INFO  org.mule.construct.FlowConstructLifecycleManager - Stopping flow: 77-call-stored-procedureFlow
2017-12-04 08:51:09,839 [Mule.app.deployer.monitor.1.thread.1] INFO  org.mule.processor.SedaStageLifecycleManager - Stopping service: 77-call-stored-procedureFlow.stage1
2017-12-04 08:51:09,862 [Mule.app.deployer.monitor.1.thread.1] INFO  org.mule.lifecycle.AbstractLifecycleManager - Stopping model: _muleSystemModel
2017-12-04 08:51:09,873 [Mule.app.deployer.monitor.1.thread.1] INFO  org.mule.module.http.internal.listener.DefaultHttpListenerConfig - Stopped listener on http://0.0.0.0:8083
2017-12-04 08:51:09,875 [Mule.app.deployer.monitor.1.thread.1] INFO  org.mule.util.queue.QueueXaResourceManager - Stopping ResourceManager
2017-12-04 08:51:09,875 [Mule.app.deployer.monitor.1.thread.1] INFO  org.mule.util.queue.QueueXaResourceManager - Stopped ResourceManager
2017-12-04 08:51:09,883 [Mule.app.deployer.monitor.1.thread.1] INFO  org.mule.module.launcher.application.DefaultMuleApplication - 
++++++++++++++++++++++++++++++++++++++++++++++++++++++++++++
+ Disposing app '77-call-stored-procedure'                 +
++++++++++++++++++++++++++++++++++++++++++++++++++++++++++++
2017-12-04 08:51:09,887 [Mule.app.deployer.monitor.1.thread.1] INFO  org.mule.lifecycle.AbstractLifecycleManager - Disposing RegistryBroker
2017-12-04 08:51:09,889 [Mule.app.deployer.monitor.1.thread.1] INFO  org.mule.construct.FlowConstructLifecycleManager - Disposing flow: 77-call-stored-procedureFlow
2017-12-04 08:51:09,891 [Mule.app.deployer.monitor.1.thread.1] INFO  org.mule.processor.SedaStageLifecycleManager - Disposing service: 77-call-stored-procedureFlow.stage1
2017-12-04 08:51:09,894 [Mule.app.deployer.monitor.1.thread.1] INFO  org.mule.lifecycle.AbstractLifecycleManager - Disposing model: _muleSystemModel
2017-12-04 08:51:10,163 [Mule.app.deployer.monitor.1.thread.1] INFO  org.mule.config.spring.MuleArtifactContext - Closing org.mule.config.spring.MuleArtifactContext@1686f0b4: startup date [Mon Dec 04 08:50:13 IST 2017]; root of context hierarchy
2017-12-04 08:51:10,177 [Mule.app.deployer.monitor.1.thread.1] INFO  org.mule.DefaultMuleContext - 
**********************************************************************
* Application "77-call-stored-procedure" shut down normally on:      *
* 12/4/17 8:51 AM                                                    *
* Up for: 0 days, 0 hours, 0 mins, 49.726 sec                        *
**********************************************************************
2017-12-04 08:51:10,262 [Mule.app.deployer.monitor.1.thread.1] WARN  org.mule.module.launcher.artifact.DefaultResourceReleaser - Unable to shutdown MySql's AbandonedConnectionCleanupThread
java.lang.ClassNotFoundException: com.mysql.jdbc.AbandonedConnectionCleanupThread
	at java.net.URLClassLoader.findClass(URLClassLoader.java:381) ~[?:1.8.0_45]
	at org.mule.module.launcher.FineGrainedControlClassLoader.findClass(FineGrainedControlClassLoader.java:181) ~[mule-module-launcher-3.9.0.jar:3.9.0]
	at org.mule.module.launcher.MuleApplicationClassLoader.findClass(MuleApplicationClassLoader.java:138) ~[mule-module-launcher-3.9.0.jar:3.9.0]
	at org.mule.module.launcher.FineGrainedControlClassLoader.loadClass(FineGrainedControlClassLoader.java:117) ~[mule-module-launcher-3.9.0.jar:3.9.0]
	at java.lang.ClassLoader.loadClass(ClassLoader.java:357) ~[?:1.8.0_45]
	at org.mule.module.launcher.artifact.DefaultResourceReleaser.shutdownMySqlAbandonedConnectionCleanupThread(DefaultResourceReleaser.java:197) ~[mule-module-launcher-3.9.0.jar:3.9.0]
	at org.mule.module.launcher.artifact.DefaultResourceReleaser.doDeregisterDriver(DefaultResourceReleaser.java:133) ~[mule-module-launcher-3.9.0.jar:3.9.0]
	at org.mule.module.launcher.artifact.DefaultResourceReleaser.deregisterJdbcDrivers(DefaultResourceReleaser.java:84) ~[mule-module-launcher-3.9.0.jar:3.9.0]
	at org.mule.module.launcher.artifact.DefaultResourceReleaser.release(DefaultResourceReleaser.java:38) ~[mule-module-launcher-3.9.0.jar:3.9.0]
	at org.mule.module.launcher.artifact.AbstractArtifactClassLoader.dispose(AbstractArtifactClassLoader.java:67) ~[mule-module-launcher-3.9.0.jar:3.9.0]
	at org.mule.module.launcher.application.CompositeApplicationClassLoader.dispose(CompositeApplicationClassLoader.java:285) ~[mule-module-launcher-3.9.0.jar:3.9.0]
	at org.mule.module.launcher.application.DefaultMuleApplication.dispose(DefaultMuleApplication.java:331) ~[mule-module-launcher-3.9.0.jar:3.9.0]
	at org.mule.module.launcher.artifact.ArtifactWrapper$1.execute(ArtifactWrapper.java:41) ~[mule-module-launcher-3.9.0.jar:3.9.0]
	at org.mule.module.launcher.artifact.ArtifactWrapper.executeWithinArtifactClassLoader(ArtifactWrapper.java:137) ~[mule-module-launcher-3.9.0.jar:3.9.0]
	at org.mule.module.launcher.artifact.ArtifactWrapper.dispose(ArtifactWrapper.java:36) ~[mule-module-launcher-3.9.0.jar:3.9.0]
	at org.mule.module.launcher.DefaultArtifactDeployer.tryToDisposeArtifact(DefaultArtifactDeployer.java:45) ~[mule-module-launcher-3.9.0.jar:3.9.0]
	at org.mule.module.launcher.DefaultArtifactDeployer.undeploy(DefaultArtifactDeployer.java:27) ~[mule-module-launcher-3.9.0.jar:3.9.0]
	at org.mule.module.launcher.DefaultArchiveDeployer.redeploy(DefaultArchiveDeployer.java:488) ~[mule-module-launcher-3.9.0.jar:3.9.0]
	at org.mule.module.launcher.DefaultArchiveDeployer.redeploy(DefaultArchiveDeployer.java:437) ~[mule-module-launcher-3.9.0.jar:3.9.0]
	at org.mule.module.launcher.DeploymentDirectoryWatcher.redeployModifiedArtifacts(DeploymentDirectoryWatcher.java:567) ~[mule-module-launcher-3.9.0.jar:3.9.0]
	at org.mule.module.launcher.DeploymentDirectoryWatcher.redeployModifiedApplications(DeploymentDirectoryWatcher.java:544) ~[mule-module-launcher-3.9.0.jar:3.9.0]
	at org.mule.module.launcher.DeploymentDirectoryWatcher.run(DeploymentDirectoryWatcher.java:356) ~[mule-module-launcher-3.9.0.jar:3.9.0]
	at java.util.concurrent.Executors$RunnableAdapter.call(Executors.java:511) ~[?:1.8.0_45]
	at java.util.concurrent.FutureTask.runAndReset(FutureTask.java:308) ~[?:1.8.0_45]
	at java.util.concurrent.ScheduledThreadPoolExecutor$ScheduledFutureTask.access$301(ScheduledThreadPoolExecutor.java:180) ~[?:1.8.0_45]
	at java.util.concurrent.ScheduledThreadPoolExecutor$ScheduledFutureTask.run(ScheduledThreadPoolExecutor.java:294) ~[?:1.8.0_45]
	at java.util.concurrent.ThreadPoolExecutor.runWorker(ThreadPoolExecutor.java:1142) [?:1.8.0_45]
	at java.util.concurrent.ThreadPoolExecutor$Worker.run(ThreadPoolExecutor.java:617) [?:1.8.0_45]
	at java.lang.Thread.run(Thread.java:745) [?:1.8.0_45]
2017-12-04 08:51:10,410 [Mule.app.deployer.monitor.1.thread.1] INFO  org.mule.module.launcher.application.DefaultMuleApplication - 
++++++++++++++++++++++++++++++++++++++++++++++++++++++++++++
+ Initializing app '77-call-stored-procedure'              +
++++++++++++++++++++++++++++++++++++++++++++++++++++++++++++
2017-12-04 08:51:10,426 [Mule.app.deployer.monitor.1.thread.1] INFO  org.mule.lifecycle.AbstractLifecycleManager - Initialising RegistryBroker
2017-12-04 08:51:10,458 [Mule.app.deployer.monitor.1.thread.1] INFO  org.mule.module.extension.internal.manager.DefaultExtensionManager - Starting discovery of extensions
2017-12-04 08:51:10,575 [Mule.app.deployer.monitor.1.thread.1] INFO  org.mule.module.extension.internal.manager.DefaultExtensionManager - Discovered 1 extensions
2017-12-04 08:51:10,576 [Mule.app.deployer.monitor.1.thread.1] INFO  org.mule.module.extension.internal.manager.DefaultExtensionManager - Registering extension validation (version 3.9)
2017-12-04 08:51:10,581 [Mule.app.deployer.monitor.1.thread.1] INFO  org.mule.config.spring.MuleArtifactContext - Refreshing org.mule.config.spring.MuleArtifactContext@7e14da21: startup date [Mon Dec 04 08:51:10 IST 2017]; root of context hierarchy
2017-12-04 08:51:11,295 [Mule.app.deployer.monitor.1.thread.1] INFO  org.mule.config.spring.processors.NoDevkitInjectorProcessor - JSR-330 'javax.inject.Inject' annotation found and supported for autowiring
2017-12-04 08:51:11,427 [Mule.app.deployer.monitor.1.thread.1] WARN  org.mule.expression.DefaultExpressionManager - Expression string is not an expression.  Use isExpression(String) to validate first
2017-12-04 08:51:11,427 [Mule.app.deployer.monitor.1.thread.1] WARN  org.mule.expression.DefaultExpressionManager - Expression string is not an expression.  Use isExpression(String) to validate first
2017-12-04 08:51:11,427 [Mule.app.deployer.monitor.1.thread.1] WARN  org.mule.expression.DefaultExpressionManager - Expression string is not an expression.  Use isExpression(String) to validate first
2017-12-04 08:51:11,428 [Mule.app.deployer.monitor.1.thread.1] WARN  org.mule.expression.DefaultExpressionManager - Expression string is not an expression.  Use isExpression(String) to validate first
2017-12-04 08:51:11,609 [Mule.app.deployer.monitor.1.thread.1] INFO  org.mule.util.journal.TransactionJournal - Using files for tx logs F:\workspace_mulesoft1\.mule\.\.mule\77-call-stored-procedure\queue-tx-log\tx1.log and F:\workspace_mulesoft1\.mule\.\.mule\77-call-stored-procedure\queue-tx-log\tx2.log
2017-12-04 08:51:11,614 [Mule.app.deployer.monitor.1.thread.1] INFO  org.mule.util.journal.TransactionJournal - Using files for tx logs F:\workspace_mulesoft1\.mule\.\.mule\77-call-stored-procedure\queue-xa-tx-log\tx1.log and F:\workspace_mulesoft1\.mule\.\.mule\77-call-stored-procedure\queue-xa-tx-log\tx2.log
2017-12-04 08:51:11,631 [Mule.app.deployer.monitor.1.thread.1] INFO  org.mule.lifecycle.AbstractLifecycleManager - Initialising model: _muleSystemModel
2017-12-04 08:51:11,633 [Mule.app.deployer.monitor.1.thread.1] INFO  org.mule.construct.FlowConstructLifecycleManager - Initialising flow: 77-call-stored-procedureFlow
2017-12-04 08:51:11,633 [Mule.app.deployer.monitor.1.thread.1] INFO  org.mule.exception.DefaultMessagingExceptionStrategy - Initialising exception listener: org.mule.exception.DefaultMessagingExceptionStrategy@701ff91a
2017-12-04 08:51:11,642 [Mule.app.deployer.monitor.1.thread.1] INFO  org.mule.processor.SedaStageLifecycleManager - Initialising service: 77-call-stored-procedureFlow.stage1
2017-12-04 08:51:11,685 [Mule.app.deployer.monitor.1.thread.1] INFO  org.mule.config.spring.SpringXmlConfigurationBuilder - Configured Mule using "org.mule.config.spring.SpringXmlConfigurationBuilder" with configuration resource(s): "[ConfigResource{resourceName='F:\workspace_mulesoft1\.mule\apps\77-call-stored-procedure\77-call-stored-procedure.xml'}]"
2017-12-04 08:51:11,686 [Mule.app.deployer.monitor.1.thread.1] INFO  org.mule.config.builders.AutoConfigurationBuilder - Configured Mule using "org.mule.config.builders.AutoConfigurationBuilder" with configuration resource(s): "[ConfigResource{resourceName='F:\workspace_mulesoft1\.mule\apps\77-call-stored-procedure\77-call-stored-procedure.xml'}]"
2017-12-04 08:51:11,689 [Mule.app.deployer.monitor.1.thread.1] INFO  org.mule.module.launcher.application.DefaultMuleApplication - 
++++++++++++++++++++++++++++++++++++++++++++++++++++++++++++
+ Starting app '77-call-stored-procedure'                  +
++++++++++++++++++++++++++++++++++++++++++++++++++++++++++++
2017-12-04 08:51:11,700 [Mule.app.deployer.monitor.1.thread.1] INFO  org.mule.util.queue.QueueXaResourceManager - Starting ResourceManager
2017-12-04 08:51:11,700 [Mule.app.deployer.monitor.1.thread.1] INFO  org.mule.util.queue.QueueXaResourceManager - Started ResourceManager
2017-12-04 08:51:11,720 [Mule.app.deployer.monitor.1.thread.1] INFO  org.mule.module.http.internal.listener.DefaultHttpListenerConfig - Listening for requests on http://0.0.0.0:8083
2017-12-04 08:51:11,726 [Mule.app.deployer.monitor.1.thread.1] INFO  org.mule.modules.oauth2.provider.agents.DefaultSplashScreenAgent - 
++++++++++++++++++++++++++++++++++++++++++++++++++++++++++++++++++++++++++++++++
+ DevKit Extensions (0) used in this application 
                             +
++++++++++++++++++++++++++++++++++++++++++++++++++++++++++++++++++++++++++++++++
2017-12-04 08:51:11,728 [Mule.app.deployer.monitor.1.thread.1] INFO  org.mule.lifecycle.AbstractLifecycleManager - Starting model: _muleSystemModel
2017-12-04 08:51:11,729 [Mule.app.deployer.monitor.1.thread.1] INFO  org.mule.construct.FlowConstructLifecycleManager - Starting flow: 77-call-stored-procedureFlow
2017-12-04 08:51:11,729 [Mule.app.deployer.monitor.1.thread.1] INFO  org.mule.processor.SedaStageLifecycleManager - Starting service: 77-call-stored-procedureFlow.stage1
2017-12-04 08:51:11,760 [Mule.app.deployer.monitor.1.thread.1] INFO  org.mule.module.management.agent.WrapperManagerAgent - This JVM hasn't been launched by the wrapper, the agent will not run.
2017-12-04 08:51:11,773 [Mule.app.deployer.monitor.1.thread.1] INFO  org.mule.DefaultMuleContext - 
**********************************************************************
* Application: 77-call-stored-procedure                              *
* OS encoding: \, Mule encoding: UTF-8                               *
*                                                                    *
* Agents Running:                                                    *
*   Batch module default engine                                      *
*   JMX Agent                                                        *
*   DevKit Extension Information                                     *
*   Wrapper Manager                                                  *
**********************************************************************
2017-12-04 08:54:31,907 [Mule.app.deployer.monitor.1.thread.1] INFO  org.mule.module.launcher.application.DefaultMuleApplication - 
++++++++++++++++++++++++++++++++++++++++++++++++++++++++++++
+ Stopping app '77-call-stored-procedure'                  +
++++++++++++++++++++++++++++++++++++++++++++++++++++++++++++
2017-12-04 08:54:31,912 [Mule.app.deployer.monitor.1.thread.1] INFO  org.mule.construct.FlowConstructLifecycleManager - Stopping flow: 77-call-stored-procedureFlow
2017-12-04 08:54:31,912 [Mule.app.deployer.monitor.1.thread.1] INFO  org.mule.processor.SedaStageLifecycleManager - Stopping service: 77-call-stored-procedureFlow.stage1
2017-12-04 08:54:31,948 [Mule.app.deployer.monitor.1.thread.1] INFO  org.mule.lifecycle.AbstractLifecycleManager - Stopping model: _muleSystemModel
2017-12-04 08:54:31,953 [Mule.app.deployer.monitor.1.thread.1] INFO  org.mule.module.http.internal.listener.DefaultHttpListenerConfig - Stopped listener on http://0.0.0.0:8083
2017-12-04 08:54:31,955 [Mule.app.deployer.monitor.1.thread.1] INFO  org.mule.util.queue.QueueXaResourceManager - Stopping ResourceManager
2017-12-04 08:54:31,955 [Mule.app.deployer.monitor.1.thread.1] INFO  org.mule.util.queue.QueueXaResourceManager - Stopped ResourceManager
2017-12-04 08:54:31,959 [Mule.app.deployer.monitor.1.thread.1] INFO  org.mule.module.launcher.application.DefaultMuleApplication - 
++++++++++++++++++++++++++++++++++++++++++++++++++++++++++++
+ Disposing app '77-call-stored-procedure'                 +
++++++++++++++++++++++++++++++++++++++++++++++++++++++++++++
2017-12-04 08:54:31,959 [Mule.app.deployer.monitor.1.thread.1] INFO  org.mule.lifecycle.AbstractLifecycleManager - Disposing RegistryBroker
2017-12-04 08:54:31,960 [Mule.app.deployer.monitor.1.thread.1] INFO  org.mule.construct.FlowConstructLifecycleManager - Disposing flow: 77-call-stored-procedureFlow
2017-12-04 08:54:31,960 [Mule.app.deployer.monitor.1.thread.1] INFO  org.mule.processor.SedaStageLifecycleManager - Disposing service: 77-call-stored-procedureFlow.stage1
2017-12-04 08:54:31,962 [Mule.app.deployer.monitor.1.thread.1] INFO  org.mule.lifecycle.AbstractLifecycleManager - Disposing model: _muleSystemModel
2017-12-04 08:54:31,983 [Mule.app.deployer.monitor.1.thread.1] INFO  org.mule.config.spring.MuleArtifactContext - Closing org.mule.config.spring.MuleArtifactContext@7e14da21: startup date [Mon Dec 04 08:51:10 IST 2017]; root of context hierarchy
2017-12-04 08:54:31,992 [Mule.app.deployer.monitor.1.thread.1] INFO  org.mule.DefaultMuleContext - 
**********************************************************************
* Application "77-call-stored-procedure" shut down normally on:      *
* 12/4/17 8:54 AM                                                    *
* Up for: 0 days, 0 hours, 3 mins, 20.300 sec                        *
**********************************************************************
2017-12-04 08:54:32,050 [Mule.app.deployer.monitor.1.thread.1] WARN  org.mule.module.launcher.artifact.DefaultResourceReleaser - Unable to shutdown MySql's AbandonedConnectionCleanupThread
java.lang.ClassNotFoundException: com.mysql.jdbc.AbandonedConnectionCleanupThread
	at java.net.URLClassLoader.findClass(URLClassLoader.java:381) ~[?:1.8.0_45]
	at org.mule.module.launcher.FineGrainedControlClassLoader.findClass(FineGrainedControlClassLoader.java:181) ~[mule-module-launcher-3.9.0.jar:3.9.0]
	at org.mule.module.launcher.MuleApplicationClassLoader.findClass(MuleApplicationClassLoader.java:138) ~[mule-module-launcher-3.9.0.jar:3.9.0]
	at org.mule.module.launcher.FineGrainedControlClassLoader.loadClass(FineGrainedControlClassLoader.java:117) ~[mule-module-launcher-3.9.0.jar:3.9.0]
	at java.lang.ClassLoader.loadClass(ClassLoader.java:357) ~[?:1.8.0_45]
	at org.mule.module.launcher.artifact.DefaultResourceReleaser.shutdownMySqlAbandonedConnectionCleanupThread(DefaultResourceReleaser.java:197) ~[mule-module-launcher-3.9.0.jar:3.9.0]
	at org.mule.module.launcher.artifact.DefaultResourceReleaser.doDeregisterDriver(DefaultResourceReleaser.java:133) ~[mule-module-launcher-3.9.0.jar:3.9.0]
	at org.mule.module.launcher.artifact.DefaultResourceReleaser.deregisterJdbcDrivers(DefaultResourceReleaser.java:84) ~[mule-module-launcher-3.9.0.jar:3.9.0]
	at org.mule.module.launcher.artifact.DefaultResourceReleaser.release(DefaultResourceReleaser.java:38) ~[mule-module-launcher-3.9.0.jar:3.9.0]
	at org.mule.module.launcher.artifact.AbstractArtifactClassLoader.dispose(AbstractArtifactClassLoader.java:67) ~[mule-module-launcher-3.9.0.jar:3.9.0]
	at org.mule.module.launcher.application.CompositeApplicationClassLoader.dispose(CompositeApplicationClassLoader.java:285) ~[mule-module-launcher-3.9.0.jar:3.9.0]
	at org.mule.module.launcher.application.DefaultMuleApplication.dispose(DefaultMuleApplication.java:331) ~[mule-module-launcher-3.9.0.jar:3.9.0]
	at org.mule.module.launcher.artifact.ArtifactWrapper$1.execute(ArtifactWrapper.java:41) ~[mule-module-launcher-3.9.0.jar:3.9.0]
	at org.mule.module.launcher.artifact.ArtifactWrapper.executeWithinArtifactClassLoader(ArtifactWrapper.java:137) ~[mule-module-launcher-3.9.0.jar:3.9.0]
	at org.mule.module.launcher.artifact.ArtifactWrapper.dispose(ArtifactWrapper.java:36) ~[mule-module-launcher-3.9.0.jar:3.9.0]
	at org.mule.module.launcher.DefaultArtifactDeployer.tryToDisposeArtifact(DefaultArtifactDeployer.java:45) ~[mule-module-launcher-3.9.0.jar:3.9.0]
	at org.mule.module.launcher.DefaultArtifactDeployer.undeploy(DefaultArtifactDeployer.java:27) ~[mule-module-launcher-3.9.0.jar:3.9.0]
	at org.mule.module.launcher.DefaultArchiveDeployer.redeploy(DefaultArchiveDeployer.java:488) ~[mule-module-launcher-3.9.0.jar:3.9.0]
	at org.mule.module.launcher.DefaultArchiveDeployer.redeploy(DefaultArchiveDeployer.java:437) ~[mule-module-launcher-3.9.0.jar:3.9.0]
	at org.mule.module.launcher.DeploymentDirectoryWatcher.redeployModifiedArtifacts(DeploymentDirectoryWatcher.java:567) ~[mule-module-launcher-3.9.0.jar:3.9.0]
	at org.mule.module.launcher.DeploymentDirectoryWatcher.redeployModifiedApplications(DeploymentDirectoryWatcher.java:544) ~[mule-module-launcher-3.9.0.jar:3.9.0]
	at org.mule.module.launcher.DeploymentDirectoryWatcher.run(DeploymentDirectoryWatcher.java:356) ~[mule-module-launcher-3.9.0.jar:3.9.0]
	at java.util.concurrent.Executors$RunnableAdapter.call(Executors.java:511) ~[?:1.8.0_45]
	at java.util.concurrent.FutureTask.runAndReset(FutureTask.java:308) ~[?:1.8.0_45]
	at java.util.concurrent.ScheduledThreadPoolExecutor$ScheduledFutureTask.access$301(ScheduledThreadPoolExecutor.java:180) ~[?:1.8.0_45]
	at java.util.concurrent.ScheduledThreadPoolExecutor$ScheduledFutureTask.run(ScheduledThreadPoolExecutor.java:294) ~[?:1.8.0_45]
	at java.util.concurrent.ThreadPoolExecutor.runWorker(ThreadPoolExecutor.java:1142) [?:1.8.0_45]
	at java.util.concurrent.ThreadPoolExecutor$Worker.run(ThreadPoolExecutor.java:617) [?:1.8.0_45]
	at java.lang.Thread.run(Thread.java:745) [?:1.8.0_45]
2017-12-04 08:54:32,133 [Mule.app.deployer.monitor.1.thread.1] INFO  org.mule.module.launcher.application.DefaultMuleApplication - 
++++++++++++++++++++++++++++++++++++++++++++++++++++++++++++
+ Initializing app '77-call-stored-procedure'              +
++++++++++++++++++++++++++++++++++++++++++++++++++++++++++++
2017-12-04 08:54:32,152 [Mule.app.deployer.monitor.1.thread.1] INFO  org.mule.lifecycle.AbstractLifecycleManager - Initialising RegistryBroker
2017-12-04 08:54:32,164 [Mule.app.deployer.monitor.1.thread.1] INFO  org.mule.module.extension.internal.manager.DefaultExtensionManager - Starting discovery of extensions
2017-12-04 08:54:32,191 [Mule.app.deployer.monitor.1.thread.1] INFO  org.mule.module.extension.internal.manager.DefaultExtensionManager - Discovered 1 extensions
2017-12-04 08:54:32,192 [Mule.app.deployer.monitor.1.thread.1] INFO  org.mule.module.extension.internal.manager.DefaultExtensionManager - Registering extension validation (version 3.9)
2017-12-04 08:54:32,198 [Mule.app.deployer.monitor.1.thread.1] INFO  org.mule.config.spring.MuleArtifactContext - Refreshing org.mule.config.spring.MuleArtifactContext@3e01d80: startup date [Mon Dec 04 08:54:32 IST 2017]; root of context hierarchy
2017-12-04 08:54:32,740 [Mule.app.deployer.monitor.1.thread.1] INFO  org.mule.config.spring.processors.NoDevkitInjectorProcessor - JSR-330 'javax.inject.Inject' annotation found and supported for autowiring
2017-12-04 08:54:32,835 [Mule.app.deployer.monitor.1.thread.1] WARN  org.mule.expression.DefaultExpressionManager - Expression string is not an expression.  Use isExpression(String) to validate first
2017-12-04 08:54:32,835 [Mule.app.deployer.monitor.1.thread.1] WARN  org.mule.expression.DefaultExpressionManager - Expression string is not an expression.  Use isExpression(String) to validate first
2017-12-04 08:54:32,835 [Mule.app.deployer.monitor.1.thread.1] WARN  org.mule.expression.DefaultExpressionManager - Expression string is not an expression.  Use isExpression(String) to validate first
2017-12-04 08:54:32,836 [Mule.app.deployer.monitor.1.thread.1] WARN  org.mule.expression.DefaultExpressionManager - Expression string is not an expression.  Use isExpression(String) to validate first
2017-12-04 08:54:33,005 [Mule.app.deployer.monitor.1.thread.1] INFO  org.mule.util.journal.TransactionJournal - Using files for tx logs F:\workspace_mulesoft1\.mule\.\.mule\77-call-stored-procedure\queue-tx-log\tx1.log and F:\workspace_mulesoft1\.mule\.\.mule\77-call-stored-procedure\queue-tx-log\tx2.log
2017-12-04 08:54:33,008 [Mule.app.deployer.monitor.1.thread.1] INFO  org.mule.util.journal.TransactionJournal - Using files for tx logs F:\workspace_mulesoft1\.mule\.\.mule\77-call-stored-procedure\queue-xa-tx-log\tx1.log and F:\workspace_mulesoft1\.mule\.\.mule\77-call-stored-procedure\queue-xa-tx-log\tx2.log
2017-12-04 08:54:33,020 [Mule.app.deployer.monitor.1.thread.1] INFO  org.mule.lifecycle.AbstractLifecycleManager - Initialising model: _muleSystemModel
2017-12-04 08:54:33,023 [Mule.app.deployer.monitor.1.thread.1] INFO  org.mule.construct.FlowConstructLifecycleManager - Initialising flow: 77-call-stored-procedureFlow
2017-12-04 08:54:33,023 [Mule.app.deployer.monitor.1.thread.1] INFO  org.mule.exception.DefaultMessagingExceptionStrategy - Initialising exception listener: org.mule.exception.DefaultMessagingExceptionStrategy@13941912
2017-12-04 08:54:33,037 [Mule.app.deployer.monitor.1.thread.1] INFO  org.mule.processor.SedaStageLifecycleManager - Initialising service: 77-call-stored-procedureFlow.stage1
2017-12-04 08:54:33,080 [Mule.app.deployer.monitor.1.thread.1] INFO  org.mule.config.spring.SpringXmlConfigurationBuilder - Configured Mule using "org.mule.config.spring.SpringXmlConfigurationBuilder" with configuration resource(s): "[ConfigResource{resourceName='F:\workspace_mulesoft1\.mule\apps\77-call-stored-procedure\77-call-stored-procedure.xml'}]"
2017-12-04 08:54:33,080 [Mule.app.deployer.monitor.1.thread.1] INFO  org.mule.config.builders.AutoConfigurationBuilder - Configured Mule using "org.mule.config.builders.AutoConfigurationBuilder" with configuration resource(s): "[ConfigResource{resourceName='F:\workspace_mulesoft1\.mule\apps\77-call-stored-procedure\77-call-stored-procedure.xml'}]"
2017-12-04 08:54:33,082 [Mule.app.deployer.monitor.1.thread.1] INFO  org.mule.module.launcher.application.DefaultMuleApplication - 
++++++++++++++++++++++++++++++++++++++++++++++++++++++++++++
+ Starting app '77-call-stored-procedure'                  +
++++++++++++++++++++++++++++++++++++++++++++++++++++++++++++
2017-12-04 08:54:33,086 [Mule.app.deployer.monitor.1.thread.1] INFO  org.mule.util.queue.QueueXaResourceManager - Starting ResourceManager
2017-12-04 08:54:33,086 [Mule.app.deployer.monitor.1.thread.1] INFO  org.mule.util.queue.QueueXaResourceManager - Started ResourceManager
2017-12-04 08:54:33,099 [Mule.app.deployer.monitor.1.thread.1] INFO  org.mule.module.http.internal.listener.DefaultHttpListenerConfig - Listening for requests on http://0.0.0.0:8083
2017-12-04 08:54:33,103 [Mule.app.deployer.monitor.1.thread.1] INFO  org.mule.modules.oauth2.provider.agents.DefaultSplashScreenAgent - 
++++++++++++++++++++++++++++++++++++++++++++++++++++++++++++++++++++++++++++++++
+ DevKit Extensions (0) used in this application 
                             +
++++++++++++++++++++++++++++++++++++++++++++++++++++++++++++++++++++++++++++++++
2017-12-04 08:54:33,104 [Mule.app.deployer.monitor.1.thread.1] INFO  org.mule.lifecycle.AbstractLifecycleManager - Starting model: _muleSystemModel
2017-12-04 08:54:33,106 [Mule.app.deployer.monitor.1.thread.1] INFO  org.mule.construct.FlowConstructLifecycleManager - Starting flow: 77-call-stored-procedureFlow
2017-12-04 08:54:33,106 [Mule.app.deployer.monitor.1.thread.1] INFO  org.mule.processor.SedaStageLifecycleManager - Starting service: 77-call-stored-procedureFlow.stage1
2017-12-04 08:54:33,136 [Mule.app.deployer.monitor.1.thread.1] INFO  org.mule.module.management.agent.WrapperManagerAgent - This JVM hasn't been launched by the wrapper, the agent will not run.
2017-12-04 08:54:33,147 [Mule.app.deployer.monitor.1.thread.1] INFO  org.mule.DefaultMuleContext - 
**********************************************************************
* Application: 77-call-stored-procedure                              *
* OS encoding: \, Mule encoding: UTF-8                               *
*                                                                    *
* Agents Running:                                                    *
*   Batch module default engine                                      *
*   JMX Agent                                                        *
*   DevKit Extension Information                                     *
*   Wrapper Manager                                                  *
**********************************************************************
2017-12-04 08:54:58,175 [Mule.app.deployer.monitor.1.thread.1] INFO  org.mule.module.launcher.application.DefaultMuleApplication - 
++++++++++++++++++++++++++++++++++++++++++++++++++++++++++++
+ Stopping app '77-call-stored-procedure'                  +
++++++++++++++++++++++++++++++++++++++++++++++++++++++++++++
2017-12-04 08:54:58,182 [Mule.app.deployer.monitor.1.thread.1] INFO  org.mule.construct.FlowConstructLifecycleManager - Stopping flow: 77-call-stored-procedureFlow
2017-12-04 08:54:58,182 [Mule.app.deployer.monitor.1.thread.1] INFO  org.mule.processor.SedaStageLifecycleManager - Stopping service: 77-call-stored-procedureFlow.stage1
2017-12-04 08:54:58,372 [Mule.app.deployer.monitor.1.thread.1] INFO  org.mule.lifecycle.AbstractLifecycleManager - Stopping model: _muleSystemModel
2017-12-04 08:54:58,381 [Mule.app.deployer.monitor.1.thread.1] INFO  org.mule.module.http.internal.listener.DefaultHttpListenerConfig - Stopped listener on http://0.0.0.0:8083
2017-12-04 08:54:58,385 [Mule.app.deployer.monitor.1.thread.1] INFO  org.mule.util.queue.QueueXaResourceManager - Stopping ResourceManager
2017-12-04 08:54:58,385 [Mule.app.deployer.monitor.1.thread.1] INFO  org.mule.util.queue.QueueXaResourceManager - Stopped ResourceManager
2017-12-04 08:54:58,393 [Mule.app.deployer.monitor.1.thread.1] INFO  org.mule.module.launcher.application.DefaultMuleApplication - 
++++++++++++++++++++++++++++++++++++++++++++++++++++++++++++
+ Disposing app '77-call-stored-procedure'                 +
++++++++++++++++++++++++++++++++++++++++++++++++++++++++++++
2017-12-04 08:54:58,393 [Mule.app.deployer.monitor.1.thread.1] INFO  org.mule.lifecycle.AbstractLifecycleManager - Disposing RegistryBroker
2017-12-04 08:54:58,401 [Mule.app.deployer.monitor.1.thread.1] INFO  org.mule.construct.FlowConstructLifecycleManager - Disposing flow: 77-call-stored-procedureFlow
2017-12-04 08:54:58,401 [Mule.app.deployer.monitor.1.thread.1] INFO  org.mule.processor.SedaStageLifecycleManager - Disposing service: 77-call-stored-procedureFlow.stage1
2017-12-04 08:54:58,403 [Mule.app.deployer.monitor.1.thread.1] INFO  org.mule.lifecycle.AbstractLifecycleManager - Disposing model: _muleSystemModel
2017-12-04 08:54:58,433 [Mule.app.deployer.monitor.1.thread.1] INFO  org.mule.config.spring.MuleArtifactContext - Closing org.mule.config.spring.MuleArtifactContext@3e01d80: startup date [Mon Dec 04 08:54:32 IST 2017]; root of context hierarchy
2017-12-04 08:54:58,441 [Mule.app.deployer.monitor.1.thread.1] INFO  org.mule.DefaultMuleContext - 
**********************************************************************
* Application "77-call-stored-procedure" shut down normally on:      *
* 12/4/17 8:54 AM                                                    *
* Up for: 0 days, 0 hours, 0 mins, 25.358 sec                        *
**********************************************************************
2017-12-04 08:54:58,595 [Mule.app.deployer.monitor.1.thread.1] INFO  org.mule.module.launcher.application.DefaultMuleApplication - 
++++++++++++++++++++++++++++++++++++++++++++++++++++++++++++
+ Initializing app '77-call-stored-procedure'              +
++++++++++++++++++++++++++++++++++++++++++++++++++++++++++++
2017-12-04 08:54:58,604 [Mule.app.deployer.monitor.1.thread.1] INFO  org.mule.lifecycle.AbstractLifecycleManager - Initialising RegistryBroker
2017-12-04 08:54:58,613 [Mule.app.deployer.monitor.1.thread.1] INFO  org.mule.module.extension.internal.manager.DefaultExtensionManager - Starting discovery of extensions
2017-12-04 08:54:58,652 [Mule.app.deployer.monitor.1.thread.1] INFO  org.mule.module.extension.internal.manager.DefaultExtensionManager - Discovered 1 extensions
2017-12-04 08:54:58,654 [Mule.app.deployer.monitor.1.thread.1] INFO  org.mule.module.extension.internal.manager.DefaultExtensionManager - Registering extension validation (version 3.9)
2017-12-04 08:54:58,662 [Mule.app.deployer.monitor.1.thread.1] INFO  org.mule.config.spring.MuleArtifactContext - Refreshing org.mule.config.spring.MuleArtifactContext@73f19e5b: startup date [Mon Dec 04 08:54:58 IST 2017]; root of context hierarchy
2017-12-04 08:54:59,201 [Mule.app.deployer.monitor.1.thread.1] INFO  org.mule.config.spring.processors.NoDevkitInjectorProcessor - JSR-330 'javax.inject.Inject' annotation found and supported for autowiring
2017-12-04 08:54:59,288 [Mule.app.deployer.monitor.1.thread.1] WARN  org.mule.expression.DefaultExpressionManager - Expression string is not an expression.  Use isExpression(String) to validate first
2017-12-04 08:54:59,288 [Mule.app.deployer.monitor.1.thread.1] WARN  org.mule.expression.DefaultExpressionManager - Expression string is not an expression.  Use isExpression(String) to validate first
2017-12-04 08:54:59,288 [Mule.app.deployer.monitor.1.thread.1] WARN  org.mule.expression.DefaultExpressionManager - Expression string is not an expression.  Use isExpression(String) to validate first
2017-12-04 08:54:59,289 [Mule.app.deployer.monitor.1.thread.1] WARN  org.mule.expression.DefaultExpressionManager - Expression string is not an expression.  Use isExpression(String) to validate first
2017-12-04 08:54:59,473 [Mule.app.deployer.monitor.1.thread.1] INFO  org.mule.util.journal.TransactionJournal - Using files for tx logs F:\workspace_mulesoft1\.mule\.\.mule\77-call-stored-procedure\queue-tx-log\tx1.log and F:\workspace_mulesoft1\.mule\.\.mule\77-call-stored-procedure\queue-tx-log\tx2.log
2017-12-04 08:54:59,476 [Mule.app.deployer.monitor.1.thread.1] INFO  org.mule.util.journal.TransactionJournal - Using files for tx logs F:\workspace_mulesoft1\.mule\.\.mule\77-call-stored-procedure\queue-xa-tx-log\tx1.log and F:\workspace_mulesoft1\.mule\.\.mule\77-call-stored-procedure\queue-xa-tx-log\tx2.log
2017-12-04 08:54:59,493 [Mule.app.deployer.monitor.1.thread.1] INFO  org.mule.lifecycle.AbstractLifecycleManager - Initialising model: _muleSystemModel
2017-12-04 08:54:59,496 [Mule.app.deployer.monitor.1.thread.1] INFO  org.mule.construct.FlowConstructLifecycleManager - Initialising flow: 77-call-stored-procedureFlow
2017-12-04 08:54:59,498 [Mule.app.deployer.monitor.1.thread.1] INFO  org.mule.exception.DefaultMessagingExceptionStrategy - Initialising exception listener: org.mule.exception.DefaultMessagingExceptionStrategy@49fc45e8
2017-12-04 08:54:59,507 [Mule.app.deployer.monitor.1.thread.1] INFO  org.mule.processor.SedaStageLifecycleManager - Initialising service: 77-call-stored-procedureFlow.stage1
2017-12-04 08:54:59,559 [Mule.app.deployer.monitor.1.thread.1] INFO  org.mule.config.spring.SpringXmlConfigurationBuilder - Configured Mule using "org.mule.config.spring.SpringXmlConfigurationBuilder" with configuration resource(s): "[ConfigResource{resourceName='F:\workspace_mulesoft1\.mule\apps\77-call-stored-procedure\77-call-stored-procedure.xml'}]"
2017-12-04 08:54:59,559 [Mule.app.deployer.monitor.1.thread.1] INFO  org.mule.config.builders.AutoConfigurationBuilder - Configured Mule using "org.mule.config.builders.AutoConfigurationBuilder" with configuration resource(s): "[ConfigResource{resourceName='F:\workspace_mulesoft1\.mule\apps\77-call-stored-procedure\77-call-stored-procedure.xml'}]"
2017-12-04 08:54:59,561 [Mule.app.deployer.monitor.1.thread.1] INFO  org.mule.module.launcher.application.DefaultMuleApplication - 
++++++++++++++++++++++++++++++++++++++++++++++++++++++++++++
+ Starting app '77-call-stored-procedure'                  +
++++++++++++++++++++++++++++++++++++++++++++++++++++++++++++
2017-12-04 08:54:59,569 [Mule.app.deployer.monitor.1.thread.1] INFO  org.mule.util.queue.QueueXaResourceManager - Starting ResourceManager
2017-12-04 08:54:59,572 [Mule.app.deployer.monitor.1.thread.1] INFO  org.mule.util.queue.QueueXaResourceManager - Started ResourceManager
2017-12-04 08:54:59,591 [Mule.app.deployer.monitor.1.thread.1] INFO  org.mule.module.http.internal.listener.DefaultHttpListenerConfig - Listening for requests on http://0.0.0.0:8083
2017-12-04 08:54:59,598 [Mule.app.deployer.monitor.1.thread.1] INFO  org.mule.modules.oauth2.provider.agents.DefaultSplashScreenAgent - 
++++++++++++++++++++++++++++++++++++++++++++++++++++++++++++++++++++++++++++++++
+ DevKit Extensions (0) used in this application 
                             +
++++++++++++++++++++++++++++++++++++++++++++++++++++++++++++++++++++++++++++++++
2017-12-04 08:54:59,600 [Mule.app.deployer.monitor.1.thread.1] INFO  org.mule.lifecycle.AbstractLifecycleManager - Starting model: _muleSystemModel
2017-12-04 08:54:59,604 [Mule.app.deployer.monitor.1.thread.1] INFO  org.mule.construct.FlowConstructLifecycleManager - Starting flow: 77-call-stored-procedureFlow
2017-12-04 08:54:59,604 [Mule.app.deployer.monitor.1.thread.1] INFO  org.mule.processor.SedaStageLifecycleManager - Starting service: 77-call-stored-procedureFlow.stage1
2017-12-04 08:54:59,639 [Mule.app.deployer.monitor.1.thread.1] INFO  org.mule.module.management.agent.WrapperManagerAgent - This JVM hasn't been launched by the wrapper, the agent will not run.
2017-12-04 08:54:59,644 [Mule.app.deployer.monitor.1.thread.1] INFO  org.mule.DefaultMuleContext - 
**********************************************************************
* Application: 77-call-stored-procedure                              *
* OS encoding: \, Mule encoding: UTF-8                               *
*                                                                    *
* Agents Running:                                                    *
*   Batch module default engine                                      *
*   JMX Agent                                                        *
*   DevKit Extension Information                                     *
*   Wrapper Manager                                                  *
**********************************************************************
2017-12-04 08:58:09,759 [Mule.app.deployer.monitor.1.thread.1] INFO  org.mule.module.launcher.application.DefaultMuleApplication - 
++++++++++++++++++++++++++++++++++++++++++++++++++++++++++++
+ Stopping app '77-call-stored-procedure'                  +
++++++++++++++++++++++++++++++++++++++++++++++++++++++++++++
2017-12-04 08:58:09,760 [Mule.app.deployer.monitor.1.thread.1] INFO  org.mule.construct.FlowConstructLifecycleManager - Stopping flow: 77-call-stored-procedureFlow
2017-12-04 08:58:09,760 [Mule.app.deployer.monitor.1.thread.1] INFO  org.mule.processor.SedaStageLifecycleManager - Stopping service: 77-call-stored-procedureFlow.stage1
2017-12-04 08:58:09,839 [Mule.app.deployer.monitor.1.thread.1] INFO  org.mule.lifecycle.AbstractLifecycleManager - Stopping model: _muleSystemModel
2017-12-04 08:58:09,843 [Mule.app.deployer.monitor.1.thread.1] INFO  org.mule.module.http.internal.listener.DefaultHttpListenerConfig - Stopped listener on http://0.0.0.0:8083
2017-12-04 08:58:09,844 [Mule.app.deployer.monitor.1.thread.1] INFO  org.mule.util.queue.QueueXaResourceManager - Stopping ResourceManager
2017-12-04 08:58:09,844 [Mule.app.deployer.monitor.1.thread.1] INFO  org.mule.util.queue.QueueXaResourceManager - Stopped ResourceManager
2017-12-04 08:58:09,849 [Mule.app.deployer.monitor.1.thread.1] INFO  org.mule.module.launcher.application.DefaultMuleApplication - 
++++++++++++++++++++++++++++++++++++++++++++++++++++++++++++
+ Disposing app '77-call-stored-procedure'                 +
++++++++++++++++++++++++++++++++++++++++++++++++++++++++++++
2017-12-04 08:58:09,852 [Mule.app.deployer.monitor.1.thread.1] INFO  org.mule.lifecycle.AbstractLifecycleManager - Disposing RegistryBroker
2017-12-04 08:58:09,853 [Mule.app.deployer.monitor.1.thread.1] INFO  org.mule.construct.FlowConstructLifecycleManager - Disposing flow: 77-call-stored-procedureFlow
2017-12-04 08:58:09,854 [Mule.app.deployer.monitor.1.thread.1] INFO  org.mule.processor.SedaStageLifecycleManager - Disposing service: 77-call-stored-procedureFlow.stage1
2017-12-04 08:58:09,856 [Mule.app.deployer.monitor.1.thread.1] INFO  org.mule.lifecycle.AbstractLifecycleManager - Disposing model: _muleSystemModel
2017-12-04 08:58:09,895 [Mule.app.deployer.monitor.1.thread.1] INFO  org.mule.config.spring.MuleArtifactContext - Closing org.mule.config.spring.MuleArtifactContext@73f19e5b: startup date [Mon Dec 04 08:54:58 IST 2017]; root of context hierarchy
2017-12-04 08:58:09,906 [Mule.app.deployer.monitor.1.thread.1] INFO  org.mule.DefaultMuleContext - 
**********************************************************************
* Application "77-call-stored-procedure" shut down normally on:      *
* 12/4/17 8:58 AM                                                    *
* Up for: 0 days, 0 hours, 3 mins, 10.339 sec                        *
**********************************************************************
2017-12-04 08:58:09,979 [Mule.app.deployer.monitor.1.thread.1] WARN  org.mule.module.launcher.artifact.DefaultResourceReleaser - Unable to shutdown MySql's AbandonedConnectionCleanupThread
java.lang.ClassNotFoundException: com.mysql.jdbc.AbandonedConnectionCleanupThread
	at java.net.URLClassLoader.findClass(URLClassLoader.java:381) ~[?:1.8.0_45]
	at org.mule.module.launcher.FineGrainedControlClassLoader.findClass(FineGrainedControlClassLoader.java:181) ~[mule-module-launcher-3.9.0.jar:3.9.0]
	at org.mule.module.launcher.MuleApplicationClassLoader.findClass(MuleApplicationClassLoader.java:138) ~[mule-module-launcher-3.9.0.jar:3.9.0]
	at org.mule.module.launcher.FineGrainedControlClassLoader.loadClass(FineGrainedControlClassLoader.java:117) ~[mule-module-launcher-3.9.0.jar:3.9.0]
	at java.lang.ClassLoader.loadClass(ClassLoader.java:357) ~[?:1.8.0_45]
	at org.mule.module.launcher.artifact.DefaultResourceReleaser.shutdownMySqlAbandonedConnectionCleanupThread(DefaultResourceReleaser.java:197) ~[mule-module-launcher-3.9.0.jar:3.9.0]
	at org.mule.module.launcher.artifact.DefaultResourceReleaser.doDeregisterDriver(DefaultResourceReleaser.java:133) ~[mule-module-launcher-3.9.0.jar:3.9.0]
	at org.mule.module.launcher.artifact.DefaultResourceReleaser.deregisterJdbcDrivers(DefaultResourceReleaser.java:84) ~[mule-module-launcher-3.9.0.jar:3.9.0]
	at org.mule.module.launcher.artifact.DefaultResourceReleaser.release(DefaultResourceReleaser.java:38) ~[mule-module-launcher-3.9.0.jar:3.9.0]
	at org.mule.module.launcher.artifact.AbstractArtifactClassLoader.dispose(AbstractArtifactClassLoader.java:67) ~[mule-module-launcher-3.9.0.jar:3.9.0]
	at org.mule.module.launcher.application.CompositeApplicationClassLoader.dispose(CompositeApplicationClassLoader.java:285) ~[mule-module-launcher-3.9.0.jar:3.9.0]
	at org.mule.module.launcher.application.DefaultMuleApplication.dispose(DefaultMuleApplication.java:331) ~[mule-module-launcher-3.9.0.jar:3.9.0]
	at org.mule.module.launcher.artifact.ArtifactWrapper$1.execute(ArtifactWrapper.java:41) ~[mule-module-launcher-3.9.0.jar:3.9.0]
	at org.mule.module.launcher.artifact.ArtifactWrapper.executeWithinArtifactClassLoader(ArtifactWrapper.java:137) ~[mule-module-launcher-3.9.0.jar:3.9.0]
	at org.mule.module.launcher.artifact.ArtifactWrapper.dispose(ArtifactWrapper.java:36) ~[mule-module-launcher-3.9.0.jar:3.9.0]
	at org.mule.module.launcher.DefaultArtifactDeployer.tryToDisposeArtifact(DefaultArtifactDeployer.java:45) ~[mule-module-launcher-3.9.0.jar:3.9.0]
	at org.mule.module.launcher.DefaultArtifactDeployer.undeploy(DefaultArtifactDeployer.java:27) ~[mule-module-launcher-3.9.0.jar:3.9.0]
	at org.mule.module.launcher.DefaultArchiveDeployer.redeploy(DefaultArchiveDeployer.java:488) ~[mule-module-launcher-3.9.0.jar:3.9.0]
	at org.mule.module.launcher.DefaultArchiveDeployer.redeploy(DefaultArchiveDeployer.java:437) ~[mule-module-launcher-3.9.0.jar:3.9.0]
	at org.mule.module.launcher.DeploymentDirectoryWatcher.redeployModifiedArtifacts(DeploymentDirectoryWatcher.java:567) ~[mule-module-launcher-3.9.0.jar:3.9.0]
	at org.mule.module.launcher.DeploymentDirectoryWatcher.redeployModifiedApplications(DeploymentDirectoryWatcher.java:544) ~[mule-module-launcher-3.9.0.jar:3.9.0]
	at org.mule.module.launcher.DeploymentDirectoryWatcher.run(DeploymentDirectoryWatcher.java:356) ~[mule-module-launcher-3.9.0.jar:3.9.0]
	at java.util.concurrent.Executors$RunnableAdapter.call(Executors.java:511) ~[?:1.8.0_45]
	at java.util.concurrent.FutureTask.runAndReset(FutureTask.java:308) ~[?:1.8.0_45]
	at java.util.concurrent.ScheduledThreadPoolExecutor$ScheduledFutureTask.access$301(ScheduledThreadPoolExecutor.java:180) ~[?:1.8.0_45]
	at java.util.concurrent.ScheduledThreadPoolExecutor$ScheduledFutureTask.run(ScheduledThreadPoolExecutor.java:294) ~[?:1.8.0_45]
	at java.util.concurrent.ThreadPoolExecutor.runWorker(ThreadPoolExecutor.java:1142) [?:1.8.0_45]
	at java.util.concurrent.ThreadPoolExecutor$Worker.run(ThreadPoolExecutor.java:617) [?:1.8.0_45]
	at java.lang.Thread.run(Thread.java:745) [?:1.8.0_45]
2017-12-04 08:58:10,078 [Mule.app.deployer.monitor.1.thread.1] INFO  org.mule.module.launcher.application.DefaultMuleApplication - 
++++++++++++++++++++++++++++++++++++++++++++++++++++++++++++
+ Initializing app '77-call-stored-procedure'              +
++++++++++++++++++++++++++++++++++++++++++++++++++++++++++++
2017-12-04 08:58:10,091 [Mule.app.deployer.monitor.1.thread.1] INFO  org.mule.lifecycle.AbstractLifecycleManager - Initialising RegistryBroker
2017-12-04 08:58:10,107 [Mule.app.deployer.monitor.1.thread.1] INFO  org.mule.module.extension.internal.manager.DefaultExtensionManager - Starting discovery of extensions
2017-12-04 08:58:10,154 [Mule.app.deployer.monitor.1.thread.1] INFO  org.mule.module.extension.internal.manager.DefaultExtensionManager - Discovered 1 extensions
2017-12-04 08:58:10,154 [Mule.app.deployer.monitor.1.thread.1] INFO  org.mule.module.extension.internal.manager.DefaultExtensionManager - Registering extension validation (version 3.9)
2017-12-04 08:58:10,159 [Mule.app.deployer.monitor.1.thread.1] INFO  org.mule.config.spring.MuleArtifactContext - Refreshing org.mule.config.spring.MuleArtifactContext@5fd18c8c: startup date [Mon Dec 04 08:58:10 IST 2017]; root of context hierarchy
2017-12-04 08:58:11,047 [Mule.app.deployer.monitor.1.thread.1] INFO  org.mule.config.spring.processors.NoDevkitInjectorProcessor - JSR-330 'javax.inject.Inject' annotation found and supported for autowiring
2017-12-04 08:58:11,141 [Mule.app.deployer.monitor.1.thread.1] WARN  org.mule.expression.DefaultExpressionManager - Expression string is not an expression.  Use isExpression(String) to validate first
2017-12-04 08:58:11,142 [Mule.app.deployer.monitor.1.thread.1] WARN  org.mule.expression.DefaultExpressionManager - Expression string is not an expression.  Use isExpression(String) to validate first
2017-12-04 08:58:11,146 [Mule.app.deployer.monitor.1.thread.1] WARN  org.mule.expression.DefaultExpressionManager - Expression string is not an expression.  Use isExpression(String) to validate first
2017-12-04 08:58:11,146 [Mule.app.deployer.monitor.1.thread.1] WARN  org.mule.expression.DefaultExpressionManager - Expression string is not an expression.  Use isExpression(String) to validate first
2017-12-04 08:58:11,178 [Mule.app.deployer.monitor.1.thread.1] WARN  org.mule.config.spring.MuleArtifactContext - Exception encountered during context initialization - cancelling refresh attempt: org.springframework.beans.factory.BeanCreationException: Error creating bean with name '77-call-stored-procedureFlow': Cannot create inner bean '(inner bean)#50bfc569' of type [org.mule.module.db.internal.processor.StoredProcedureMessageProcessor] while setting bean property 'messageProcessors' with key [0]; nested exception is org.springframework.beans.factory.BeanCreationException: Error creating bean with name '(inner bean)#50bfc569': Cannot create inner bean '(inner bean)#5d8e963e' of type [org.mule.module.db.internal.config.resolver.query.QueryResolverFactoryBean] while setting constructor argument; nested exception is org.springframework.beans.factory.BeanCreationException: Error creating bean with name '(inner bean)#5d8e963e': Cannot create inner bean '(inner bean)#28a4687f' of type [org.mule.module.db.internal.domain.query.Query] while setting constructor argument; nested exception is org.springframework.beans.factory.BeanCreationException: Error creating bean with name '(inner bean)#28a4687f': Cannot create inner bean '(inner bean)#7d5a8c56' of type [org.mule.module.db.internal.config.domain.query.ParameterizedQueryTemplateFactoryBean] while setting constructor argument; nested exception is org.springframework.beans.factory.BeanCreationException: Error creating bean with name '(inner bean)#7d5a8c56': FactoryBean threw exception on object creation; nested exception is java.lang.IllegalArgumentException: Parameter with name 'accountId}', used in the query text, does not match any defined query parameter name defined in the query template
2017-12-04 08:58:11,203 [Mule.app.deployer.monitor.1.thread.1] INFO  org.mule.lifecycle.AbstractLifecycleManager - Disposing RegistryBroker
2017-12-04 08:58:11,215 [Mule.app.deployer.monitor.1.thread.1] ERROR org.mule.config.spring.SpringRegistry - Failed to shut down registry cleanly: org.mule.Registry.Spring
org.mule.api.lifecycle.LifecycleException: Failed to lookup beans of type interface org.mule.api.construct.FlowConstruct from the Spring registry
	at org.mule.lifecycle.AbstractLifecycleManager.invokePhase(AbstractLifecycleManager.java:164) ~[mule-core-3.9.0.jar:3.9.0]
	at org.mule.lifecycle.RegistryLifecycleManager.fireLifecycle(RegistryLifecycleManager.java:134) ~[mule-core-3.9.0.jar:3.9.0]
	at org.mule.registry.AbstractRegistry.dispose(AbstractRegistry.java:68) ~[mule-core-3.9.0.jar:3.9.0]
	at org.mule.registry.AbstractRegistryBroker$2.onTransition(AbstractRegistryBroker.java:69) ~[mule-core-3.9.0.jar:3.9.0]
	at org.mule.registry.AbstractRegistryBroker$2.onTransition(AbstractRegistryBroker.java:64) ~[mule-core-3.9.0.jar:3.9.0]
	at org.mule.lifecycle.AbstractLifecycleManager.invokePhase(AbstractLifecycleManager.java:146) ~[mule-core-3.9.0.jar:3.9.0]
	at org.mule.lifecycle.RegistryBrokerLifecycleManager.fireDisposePhase(RegistryBrokerLifecycleManager.java:82) ~[mule-core-3.9.0.jar:3.9.0]
	at org.mule.registry.AbstractRegistryBroker.dispose(AbstractRegistryBroker.java:63) ~[mule-core-3.9.0.jar:3.9.0]
	at org.mule.registry.MuleRegistryHelper.fireLifecycle(MuleRegistryHelper.java:137) ~[mule-core-3.9.0.jar:3.9.0]
	at org.mule.lifecycle.MuleContextLifecycleManager$MuleContextLifecycleCallback.onTransition(MuleContextLifecycleManager.java:74) ~[mule-core-3.9.0.jar:3.9.0]
	at org.mule.lifecycle.MuleContextLifecycleManager$MuleContextLifecycleCallback.onTransition(MuleContextLifecycleManager.java:70) ~[mule-core-3.9.0.jar:3.9.0]
	at org.mule.lifecycle.AbstractLifecycleManager.invokePhase(AbstractLifecycleManager.java:146) ~[mule-core-3.9.0.jar:3.9.0]
	at org.mule.lifecycle.MuleContextLifecycleManager.fireLifecycle(MuleContextLifecycleManager.java:62) ~[mule-core-3.9.0.jar:3.9.0]
	at org.mule.DefaultMuleContext.dispose(DefaultMuleContext.java:440) ~[mule-core-3.9.0.jar:3.9.0]
	at org.mule.context.DefaultMuleContextFactory.doCreateMuleContext(DefaultMuleContextFactory.java:230) ~[mule-core-3.9.0.jar:3.9.0]
	at org.mule.context.DefaultMuleContextFactory.createMuleContext(DefaultMuleContextFactory.java:81) ~[mule-core-3.9.0.jar:3.9.0]
	at org.mule.module.launcher.application.DefaultMuleApplication.init(DefaultMuleApplication.java:210) ~[mule-module-launcher-3.9.0.jar:3.9.0]
	at org.mule.module.launcher.artifact.ArtifactWrapper$2.execute(ArtifactWrapper.java:64) ~[mule-module-launcher-3.9.0.jar:3.9.0]
	at org.mule.module.launcher.artifact.ArtifactWrapper.executeWithinArtifactClassLoader(ArtifactWrapper.java:137) ~[mule-module-launcher-3.9.0.jar:3.9.0]
	at org.mule.module.launcher.artifact.ArtifactWrapper.init(ArtifactWrapper.java:59) ~[mule-module-launcher-3.9.0.jar:3.9.0]
	at org.mule.module.launcher.DefaultArtifactDeployer.deploy(DefaultArtifactDeployer.java:72) ~[mule-module-launcher-3.9.0.jar:3.9.0]
	at org.mule.module.launcher.DefaultArchiveDeployer.redeploy(DefaultArchiveDeployer.java:501) ~[mule-module-launcher-3.9.0.jar:3.9.0]
	at org.mule.module.launcher.DefaultArchiveDeployer.redeploy(DefaultArchiveDeployer.java:437) ~[mule-module-launcher-3.9.0.jar:3.9.0]
	at org.mule.module.launcher.DeploymentDirectoryWatcher.redeployModifiedArtifacts(DeploymentDirectoryWatcher.java:567) ~[mule-module-launcher-3.9.0.jar:3.9.0]
	at org.mule.module.launcher.DeploymentDirectoryWatcher.redeployModifiedApplications(DeploymentDirectoryWatcher.java:544) ~[mule-module-launcher-3.9.0.jar:3.9.0]
	at org.mule.module.launcher.DeploymentDirectoryWatcher.run(DeploymentDirectoryWatcher.java:356) ~[mule-module-launcher-3.9.0.jar:3.9.0]
	at java.util.concurrent.Executors$RunnableAdapter.call(Executors.java:511) ~[?:1.8.0_45]
	at java.util.concurrent.FutureTask.runAndReset(FutureTask.java:308) ~[?:1.8.0_45]
	at java.util.concurrent.ScheduledThreadPoolExecutor$ScheduledFutureTask.access$301(ScheduledThreadPoolExecutor.java:180) ~[?:1.8.0_45]
	at java.util.concurrent.ScheduledThreadPoolExecutor$ScheduledFutureTask.run(ScheduledThreadPoolExecutor.java:294) ~[?:1.8.0_45]
	at java.util.concurrent.ThreadPoolExecutor.runWorker(ThreadPoolExecutor.java:1142) [?:1.8.0_45]
	at java.util.concurrent.ThreadPoolExecutor$Worker.run(ThreadPoolExecutor.java:617) [?:1.8.0_45]
	at java.lang.Thread.run(Thread.java:745) [?:1.8.0_45]
Caused by: org.mule.api.MuleRuntimeException: Failed to lookup beans of type interface org.mule.api.construct.FlowConstruct from the Spring registry
	at org.mule.config.spring.SpringRegistry.internalLookupByTypeWithoutAncestors(SpringRegistry.java:354) ~[mule-module-spring-config-3.9.0.jar:3.9.0]
	at org.mule.config.spring.SpringRegistry.lookupEntriesForLifecycle(SpringRegistry.java:368) ~[mule-module-spring-config-3.9.0.jar:3.9.0]
	at org.mule.config.spring.SpringRegistry.lookupObjectsForLifecycle(SpringRegistry.java:241) ~[mule-module-spring-config-3.9.0.jar:3.9.0]
	at org.mule.lifecycle.RegistryLifecycleCallback.lookupObjectsForLifecycle(RegistryLifecycleCallback.java:155) ~[mule-core-3.9.0.jar:3.9.0]
	at org.mule.lifecycle.RegistryLifecycleCallback.onTransition(RegistryLifecycleCallback.java:77) ~[mule-core-3.9.0.jar:3.9.0]
	at org.mule.lifecycle.AbstractLifecycleManager.invokePhase(AbstractLifecycleManager.java:146) ~[mule-core-3.9.0.jar:3.9.0]
	... 32 more
Caused by: org.springframework.beans.factory.BeanCreationException: Error creating bean with name '77-call-stored-procedureFlow': Cannot resolve reference to bean '_muleContext' while setting constructor argument; nested exception is org.springframework.beans.factory.NoSuchBeanDefinitionException: No bean named '_muleContext' is defined
	at org.springframework.beans.factory.support.BeanDefinitionValueResolver.resolveReference(BeanDefinitionValueResolver.java:359) ~[spring-beans-4.1.9.RELEASE.jar:4.1.9.RELEASE]
	at org.springframework.beans.factory.support.BeanDefinitionValueResolver.resolveValueIfNecessary(BeanDefinitionValueResolver.java:108) ~[spring-beans-4.1.9.RELEASE.jar:4.1.9.RELEASE]
	at org.springframework.beans.factory.support.ConstructorResolver.resolvePreparedArguments(ConstructorResolver.java:786) ~[spring-beans-4.1.9.RELEASE.jar:4.1.9.RELEASE]
	at org.springframework.beans.factory.support.ConstructorResolver.autowireConstructor(ConstructorResolver.java:123) ~[spring-beans-4.1.9.RELEASE.jar:4.1.9.RELEASE]
	at org.springframework.beans.factory.support.AbstractAutowireCapableBeanFactory.autowireConstructor(AbstractAutowireCapableBeanFactory.java:1137) ~[spring-beans-4.1.9.RELEASE.jar:4.1.9.RELEASE]
	at org.springframework.beans.factory.support.AbstractAutowireCapableBeanFactory.createBeanInstance(AbstractAutowireCapableBeanFactory.java:1028) ~[spring-beans-4.1.9.RELEASE.jar:4.1.9.RELEASE]
	at org.springframework.beans.factory.support.AbstractAutowireCapableBeanFactory.doCreateBean(AbstractAutowireCapableBeanFactory.java:504) ~[spring-beans-4.1.9.RELEASE.jar:4.1.9.RELEASE]
	at org.springframework.beans.factory.support.AbstractAutowireCapableBeanFactory.createBean(AbstractAutowireCapableBeanFactory.java:476) ~[spring-beans-4.1.9.RELEASE.jar:4.1.9.RELEASE]
	at org.springframework.beans.factory.support.AbstractBeanFactory$1.getObject(AbstractBeanFactory.java:303) ~[spring-beans-4.1.9.RELEASE.jar:4.1.9.RELEASE]
	at org.springframework.beans.factory.support.DefaultSingletonBeanRegistry.getSingleton(DefaultSingletonBeanRegistry.java:230) ~[spring-beans-4.1.9.RELEASE.jar:4.1.9.RELEASE]
	at org.springframework.beans.factory.support.AbstractBeanFactory.doGetBean(AbstractBeanFactory.java:299) ~[spring-beans-4.1.9.RELEASE.jar:4.1.9.RELEASE]
	at org.springframework.beans.factory.support.AbstractBeanFactory.getBean(AbstractBeanFactory.java:199) ~[spring-beans-4.1.9.RELEASE.jar:4.1.9.RELEASE]
	at org.springframework.beans.factory.support.DefaultListableBeanFactory.getBeansOfType(DefaultListableBeanFactory.java:515) ~[mule-module-spring-config-3.9.0.jar:4.1.9.RELEASE]
	at org.springframework.context.support.AbstractApplicationContext.getBeansOfType(AbstractApplicationContext.java:1067) ~[spring-context-4.1.9.RELEASE.jar:4.1.9.RELEASE]
	at org.mule.config.spring.SpringRegistry.internalLookupByTypeWithoutAncestors(SpringRegistry.java:348) ~[mule-module-spring-config-3.9.0.jar:3.9.0]
	at org.mule.config.spring.SpringRegistry.lookupEntriesForLifecycle(SpringRegistry.java:368) ~[mule-module-spring-config-3.9.0.jar:3.9.0]
	at org.mule.config.spring.SpringRegistry.lookupObjectsForLifecycle(SpringRegistry.java:241) ~[mule-module-spring-config-3.9.0.jar:3.9.0]
	at org.mule.lifecycle.RegistryLifecycleCallback.lookupObjectsForLifecycle(RegistryLifecycleCallback.java:155) ~[mule-core-3.9.0.jar:3.9.0]
	at org.mule.lifecycle.RegistryLifecycleCallback.onTransition(RegistryLifecycleCallback.java:77) ~[mule-core-3.9.0.jar:3.9.0]
	at org.mule.lifecycle.AbstractLifecycleManager.invokePhase(AbstractLifecycleManager.java:146) ~[mule-core-3.9.0.jar:3.9.0]
	... 32 more
Caused by: org.springframework.beans.factory.NoSuchBeanDefinitionException: No bean named '_muleContext' is defined
	at org.springframework.beans.factory.support.DefaultListableBeanFactory.getBeanDefinition(DefaultListableBeanFactory.java:683) ~[mule-module-spring-config-3.9.0.jar:4.1.9.RELEASE]
	at org.springframework.beans.factory.support.AbstractBeanFactory.getMergedLocalBeanDefinition(AbstractBeanFactory.java:1168) ~[spring-beans-4.1.9.RELEASE.jar:4.1.9.RELEASE]
	at org.springframework.beans.factory.support.AbstractBeanFactory.doGetBean(AbstractBeanFactory.java:281) ~[spring-beans-4.1.9.RELEASE.jar:4.1.9.RELEASE]
	at org.springframework.beans.factory.support.AbstractBeanFactory.getBean(AbstractBeanFactory.java:194) ~[spring-beans-4.1.9.RELEASE.jar:4.1.9.RELEASE]
	at org.springframework.beans.factory.support.BeanDefinitionValueResolver.resolveReference(BeanDefinitionValueResolver.java:351) ~[spring-beans-4.1.9.RELEASE.jar:4.1.9.RELEASE]
	at org.springframework.beans.factory.support.BeanDefinitionValueResolver.resolveValueIfNecessary(BeanDefinitionValueResolver.java:108) ~[spring-beans-4.1.9.RELEASE.jar:4.1.9.RELEASE]
	at org.springframework.beans.factory.support.ConstructorResolver.resolvePreparedArguments(ConstructorResolver.java:786) ~[spring-beans-4.1.9.RELEASE.jar:4.1.9.RELEASE]
	at org.springframework.beans.factory.support.ConstructorResolver.autowireConstructor(ConstructorResolver.java:123) ~[spring-beans-4.1.9.RELEASE.jar:4.1.9.RELEASE]
	at org.springframework.beans.factory.support.AbstractAutowireCapableBeanFactory.autowireConstructor(AbstractAutowireCapableBeanFactory.java:1137) ~[spring-beans-4.1.9.RELEASE.jar:4.1.9.RELEASE]
	at org.springframework.beans.factory.support.AbstractAutowireCapableBeanFactory.createBeanInstance(AbstractAutowireCapableBeanFactory.java:1028) ~[spring-beans-4.1.9.RELEASE.jar:4.1.9.RELEASE]
	at org.springframework.beans.factory.support.AbstractAutowireCapableBeanFactory.doCreateBean(AbstractAutowireCapableBeanFactory.java:504) ~[spring-beans-4.1.9.RELEASE.jar:4.1.9.RELEASE]
	at org.springframework.beans.factory.support.AbstractAutowireCapableBeanFactory.createBean(AbstractAutowireCapableBeanFactory.java:476) ~[spring-beans-4.1.9.RELEASE.jar:4.1.9.RELEASE]
	at org.springframework.beans.factory.support.AbstractBeanFactory$1.getObject(AbstractBeanFactory.java:303) ~[spring-beans-4.1.9.RELEASE.jar:4.1.9.RELEASE]
	at org.springframework.beans.factory.support.DefaultSingletonBeanRegistry.getSingleton(DefaultSingletonBeanRegistry.java:230) ~[spring-beans-4.1.9.RELEASE.jar:4.1.9.RELEASE]
	at org.springframework.beans.factory.support.AbstractBeanFactory.doGetBean(AbstractBeanFactory.java:299) ~[spring-beans-4.1.9.RELEASE.jar:4.1.9.RELEASE]
	at org.springframework.beans.factory.support.AbstractBeanFactory.getBean(AbstractBeanFactory.java:199) ~[spring-beans-4.1.9.RELEASE.jar:4.1.9.RELEASE]
	at org.springframework.beans.factory.support.DefaultListableBeanFactory.getBeansOfType(DefaultListableBeanFactory.java:515) ~[mule-module-spring-config-3.9.0.jar:4.1.9.RELEASE]
	at org.springframework.context.support.AbstractApplicationContext.getBeansOfType(AbstractApplicationContext.java:1067) ~[spring-context-4.1.9.RELEASE.jar:4.1.9.RELEASE]
	at org.mule.config.spring.SpringRegistry.internalLookupByTypeWithoutAncestors(SpringRegistry.java:348) ~[mule-module-spring-config-3.9.0.jar:3.9.0]
	at org.mule.config.spring.SpringRegistry.lookupEntriesForLifecycle(SpringRegistry.java:368) ~[mule-module-spring-config-3.9.0.jar:3.9.0]
	at org.mule.config.spring.SpringRegistry.lookupObjectsForLifecycle(SpringRegistry.java:241) ~[mule-module-spring-config-3.9.0.jar:3.9.0]
	at org.mule.lifecycle.RegistryLifecycleCallback.lookupObjectsForLifecycle(RegistryLifecycleCallback.java:155) ~[mule-core-3.9.0.jar:3.9.0]
	at org.mule.lifecycle.RegistryLifecycleCallback.onTransition(RegistryLifecycleCallback.java:77) ~[mule-core-3.9.0.jar:3.9.0]
	at org.mule.lifecycle.AbstractLifecycleManager.invokePhase(AbstractLifecycleManager.java:146) ~[mule-core-3.9.0.jar:3.9.0]
	... 32 more
2017-12-04 08:58:11,237 [Mule.app.deployer.monitor.1.thread.1] ERROR org.mule.module.launcher.application.DefaultMuleApplication - null
java.lang.IllegalArgumentException: Parameter with name 'accountId}', used in the query text, does not match any defined query parameter name defined in the query template
	at org.mule.module.db.internal.config.domain.query.ParameterizedQueryTemplateFactoryBean.getObject(ParameterizedQueryTemplateFactoryBean.java:61) ~[mule-module-db-3.9.0.jar:3.9.0]
	at org.mule.module.db.internal.config.domain.query.ParameterizedQueryTemplateFactoryBean.getObject(ParameterizedQueryTemplateFactoryBean.java:33) ~[mule-module-db-3.9.0.jar:3.9.0]
	at org.springframework.beans.factory.support.FactoryBeanRegistrySupport.doGetObjectFromFactoryBean(FactoryBeanRegistrySupport.java:168) ~[spring-beans-4.1.9.RELEASE.jar:4.1.9.RELEASE]
	at org.springframework.beans.factory.support.FactoryBeanRegistrySupport.getObjectFromFactoryBean(FactoryBeanRegistrySupport.java:127) ~[spring-beans-4.1.9.RELEASE.jar:4.1.9.RELEASE]
	at org.springframework.beans.factory.support.BeanDefinitionValueResolver.resolveInnerBean(BeanDefinitionValueResolver.java:302) ~[spring-beans-4.1.9.RELEASE.jar:4.1.9.RELEASE]
	at org.springframework.beans.factory.support.BeanDefinitionValueResolver.resolveValueIfNecessary(BeanDefinitionValueResolver.java:129) ~[spring-beans-4.1.9.RELEASE.jar:4.1.9.RELEASE]
	at org.springframework.beans.factory.support.ConstructorResolver.resolveConstructorArguments(ConstructorResolver.java:634) ~[spring-beans-4.1.9.RELEASE.jar:4.1.9.RELEASE]
	at org.springframework.beans.factory.support.ConstructorResolver.autowireConstructor(ConstructorResolver.java:140) ~[spring-beans-4.1.9.RELEASE.jar:4.1.9.RELEASE]
	at org.springframework.beans.factory.support.AbstractAutowireCapableBeanFactory.autowireConstructor(AbstractAutowireCapableBeanFactory.java:1137) ~[spring-beans-4.1.9.RELEASE.jar:4.1.9.RELEASE]
	at org.springframework.beans.factory.support.AbstractAutowireCapableBeanFactory.createBeanInstance(AbstractAutowireCapableBeanFactory.java:1040) ~[spring-beans-4.1.9.RELEASE.jar:4.1.9.RELEASE]
	at org.springframework.beans.factory.support.AbstractAutowireCapableBeanFactory.doCreateBean(AbstractAutowireCapableBeanFactory.java:504) ~[spring-beans-4.1.9.RELEASE.jar:4.1.9.RELEASE]
	at org.springframework.beans.factory.support.AbstractAutowireCapableBeanFactory.createBean(AbstractAutowireCapableBeanFactory.java:476) ~[spring-beans-4.1.9.RELEASE.jar:4.1.9.RELEASE]
	at org.springframework.beans.factory.support.BeanDefinitionValueResolver.resolveInnerBean(BeanDefinitionValueResolver.java:299) ~[spring-beans-4.1.9.RELEASE.jar:4.1.9.RELEASE]
	at org.springframework.beans.factory.support.BeanDefinitionValueResolver.resolveValueIfNecessary(BeanDefinitionValueResolver.java:129) ~[spring-beans-4.1.9.RELEASE.jar:4.1.9.RELEASE]
	at org.springframework.beans.factory.support.ConstructorResolver.resolveConstructorArguments(ConstructorResolver.java:634) ~[spring-beans-4.1.9.RELEASE.jar:4.1.9.RELEASE]
	at org.springframework.beans.factory.support.ConstructorResolver.autowireConstructor(ConstructorResolver.java:140) ~[spring-beans-4.1.9.RELEASE.jar:4.1.9.RELEASE]
	at org.springframework.beans.factory.support.AbstractAutowireCapableBeanFactory.autowireConstructor(AbstractAutowireCapableBeanFactory.java:1137) ~[spring-beans-4.1.9.RELEASE.jar:4.1.9.RELEASE]
	at org.springframework.beans.factory.support.AbstractAutowireCapableBeanFactory.createBeanInstance(AbstractAutowireCapableBeanFactory.java:1040) ~[spring-beans-4.1.9.RELEASE.jar:4.1.9.RELEASE]
	at org.springframework.beans.factory.support.AbstractAutowireCapableBeanFactory.doCreateBean(AbstractAutowireCapableBeanFactory.java:504) ~[spring-beans-4.1.9.RELEASE.jar:4.1.9.RELEASE]
	at org.springframework.beans.factory.support.AbstractAutowireCapableBeanFactory.createBean(AbstractAutowireCapableBeanFactory.java:476) ~[spring-beans-4.1.9.RELEASE.jar:4.1.9.RELEASE]
	at org.springframework.beans.factory.support.BeanDefinitionValueResolver.resolveInnerBean(BeanDefinitionValueResolver.java:299) ~[spring-beans-4.1.9.RELEASE.jar:4.1.9.RELEASE]
	at org.springframework.beans.factory.support.BeanDefinitionValueResolver.resolveValueIfNecessary(BeanDefinitionValueResolver.java:129) ~[spring-beans-4.1.9.RELEASE.jar:4.1.9.RELEASE]
	at org.springframework.beans.factory.support.ConstructorResolver.resolveConstructorArguments(ConstructorResolver.java:634) ~[spring-beans-4.1.9.RELEASE.jar:4.1.9.RELEASE]
	at org.springframework.beans.factory.support.ConstructorResolver.autowireConstructor(ConstructorResolver.java:140) ~[spring-beans-4.1.9.RELEASE.jar:4.1.9.RELEASE]
	at org.springframework.beans.factory.support.AbstractAutowireCapableBeanFactory.autowireConstructor(AbstractAutowireCapableBeanFactory.java:1137) ~[spring-beans-4.1.9.RELEASE.jar:4.1.9.RELEASE]
	at org.springframework.beans.factory.support.AbstractAutowireCapableBeanFactory.createBeanInstance(AbstractAutowireCapableBeanFactory.java:1040) ~[spring-beans-4.1.9.RELEASE.jar:4.1.9.RELEASE]
	at org.springframework.beans.factory.support.AbstractAutowireCapableBeanFactory.doCreateBean(AbstractAutowireCapableBeanFactory.java:504) ~[spring-beans-4.1.9.RELEASE.jar:4.1.9.RELEASE]
	at org.springframework.beans.factory.support.AbstractAutowireCapableBeanFactory.createBean(AbstractAutowireCapableBeanFactory.java:476) ~[spring-beans-4.1.9.RELEASE.jar:4.1.9.RELEASE]
	at org.springframework.beans.factory.support.BeanDefinitionValueResolver.resolveInnerBean(BeanDefinitionValueResolver.java:299) ~[spring-beans-4.1.9.RELEASE.jar:4.1.9.RELEASE]
	at org.springframework.beans.factory.support.BeanDefinitionValueResolver.resolveValueIfNecessary(BeanDefinitionValueResolver.java:129) ~[spring-beans-4.1.9.RELEASE.jar:4.1.9.RELEASE]
	at org.springframework.beans.factory.support.BeanDefinitionValueResolver.resolveManagedList(BeanDefinitionValueResolver.java:382) ~[spring-beans-4.1.9.RELEASE.jar:4.1.9.RELEASE]
	at org.springframework.beans.factory.support.BeanDefinitionValueResolver.resolveValueIfNecessary(BeanDefinitionValueResolver.java:157) ~[spring-beans-4.1.9.RELEASE.jar:4.1.9.RELEASE]
	at org.springframework.beans.factory.support.AbstractAutowireCapableBeanFactory.applyPropertyValues(AbstractAutowireCapableBeanFactory.java:1475) ~[spring-beans-4.1.9.RELEASE.jar:4.1.9.RELEASE]
	at org.springframework.beans.factory.support.AbstractAutowireCapableBeanFactory.populateBean(AbstractAutowireCapableBeanFactory.java:1220) ~[spring-beans-4.1.9.RELEASE.jar:4.1.9.RELEASE]
	at org.springframework.beans.factory.support.AbstractAutowireCapableBeanFactory.doCreateBean(AbstractAutowireCapableBeanFactory.java:537) ~[spring-beans-4.1.9.RELEASE.jar:4.1.9.RELEASE]
	at org.springframework.beans.factory.support.AbstractAutowireCapableBeanFactory.createBean(AbstractAutowireCapableBeanFactory.java:476) ~[spring-beans-4.1.9.RELEASE.jar:4.1.9.RELEASE]
	at org.springframework.beans.factory.support.AbstractBeanFactory$1.getObject(AbstractBeanFactory.java:303) ~[spring-beans-4.1.9.RELEASE.jar:4.1.9.RELEASE]
	at org.springframework.beans.factory.support.DefaultSingletonBeanRegistry.getSingleton(DefaultSingletonBeanRegistry.java:230) ~[spring-beans-4.1.9.RELEASE.jar:4.1.9.RELEASE]
	at org.springframework.beans.factory.support.AbstractBeanFactory.doGetBean(AbstractBeanFactory.java:299) ~[spring-beans-4.1.9.RELEASE.jar:4.1.9.RELEASE]
	at org.springframework.beans.factory.support.AbstractBeanFactory.getBean(AbstractBeanFactory.java:194) ~[spring-beans-4.1.9.RELEASE.jar:4.1.9.RELEASE]
	at org.springframework.beans.factory.support.DefaultListableBeanFactory.preInstantiateSingletons(DefaultListableBeanFactory.java:753) ~[mule-module-spring-config-3.9.0.jar:4.1.9.RELEASE]
	at org.springframework.context.support.AbstractApplicationContext.finishBeanFactoryInitialization(AbstractApplicationContext.java:762) ~[spring-context-4.1.9.RELEASE.jar:4.1.9.RELEASE]
	at org.springframework.context.support.AbstractApplicationContext.refresh(AbstractApplicationContext.java:480) ~[spring-context-4.1.9.RELEASE.jar:4.1.9.RELEASE]
	at org.mule.config.spring.SpringRegistry.doInitialise(SpringRegistry.java:108) ~[mule-module-spring-config-3.9.0.jar:3.9.0]
	at org.mule.registry.AbstractRegistry.initialise(AbstractRegistry.java:104) ~[mule-core-3.9.0.jar:3.9.0]
	at org.mule.config.spring.SpringXmlConfigurationBuilder.createSpringRegistry(SpringXmlConfigurationBuilder.java:177) ~[mule-module-spring-config-3.9.0.jar:3.9.0]
	at org.mule.config.spring.SpringXmlConfigurationBuilder.doConfigure(SpringXmlConfigurationBuilder.java:100) ~[mule-module-spring-config-3.9.0.jar:3.9.0]
	at org.mule.config.builders.AbstractConfigurationBuilder.configure(AbstractConfigurationBuilder.java:43) ~[mule-core-3.9.0.jar:3.9.0]
	at org.mule.config.builders.AbstractResourceConfigurationBuilder.configure(AbstractResourceConfigurationBuilder.java:69) ~[mule-core-3.9.0.jar:3.9.0]
	at org.mule.config.builders.AutoConfigurationBuilder.autoConfigure(AutoConfigurationBuilder.java:102) ~[mule-core-3.9.0.jar:3.9.0]
	at org.mule.config.builders.AutoConfigurationBuilder.doConfigure(AutoConfigurationBuilder.java:54) ~[mule-core-3.9.0.jar:3.9.0]
	at org.mule.config.builders.AbstractConfigurationBuilder.configure(AbstractConfigurationBuilder.java:43) ~[mule-core-3.9.0.jar:3.9.0]
	at org.mule.config.builders.AbstractResourceConfigurationBuilder.configure(AbstractResourceConfigurationBuilder.java:69) ~[mule-core-3.9.0.jar:3.9.0]
	at org.mule.context.DefaultMuleContextFactory$1.configure(DefaultMuleContextFactory.java:89) ~[mule-core-3.9.0.jar:3.9.0]
	at org.mule.context.DefaultMuleContextFactory.doCreateMuleContext(DefaultMuleContextFactory.java:222) ~[mule-core-3.9.0.jar:3.9.0]
	at org.mule.context.DefaultMuleContextFactory.createMuleContext(DefaultMuleContextFactory.java:81) ~[mule-core-3.9.0.jar:3.9.0]
	at org.mule.module.launcher.application.DefaultMuleApplication.init(DefaultMuleApplication.java:210) ~[mule-module-launcher-3.9.0.jar:3.9.0]
	at org.mule.module.launcher.artifact.ArtifactWrapper$2.execute(ArtifactWrapper.java:64) ~[mule-module-launcher-3.9.0.jar:3.9.0]
	at org.mule.module.launcher.artifact.ArtifactWrapper.executeWithinArtifactClassLoader(ArtifactWrapper.java:137) ~[mule-module-launcher-3.9.0.jar:3.9.0]
	at org.mule.module.launcher.artifact.ArtifactWrapper.init(ArtifactWrapper.java:59) ~[mule-module-launcher-3.9.0.jar:3.9.0]
	at org.mule.module.launcher.DefaultArtifactDeployer.deploy(DefaultArtifactDeployer.java:72) ~[mule-module-launcher-3.9.0.jar:3.9.0]
	at org.mule.module.launcher.DefaultArchiveDeployer.redeploy(DefaultArchiveDeployer.java:501) ~[mule-module-launcher-3.9.0.jar:3.9.0]
	at org.mule.module.launcher.DefaultArchiveDeployer.redeploy(DefaultArchiveDeployer.java:437) ~[mule-module-launcher-3.9.0.jar:3.9.0]
	at org.mule.module.launcher.DeploymentDirectoryWatcher.redeployModifiedArtifacts(DeploymentDirectoryWatcher.java:567) ~[mule-module-launcher-3.9.0.jar:3.9.0]
	at org.mule.module.launcher.DeploymentDirectoryWatcher.redeployModifiedApplications(DeploymentDirectoryWatcher.java:544) ~[mule-module-launcher-3.9.0.jar:3.9.0]
	at org.mule.module.launcher.DeploymentDirectoryWatcher.run(DeploymentDirectoryWatcher.java:356) ~[mule-module-launcher-3.9.0.jar:3.9.0]
	at java.util.concurrent.Executors$RunnableAdapter.call(Executors.java:511) ~[?:1.8.0_45]
	at java.util.concurrent.FutureTask.runAndReset(FutureTask.java:308) ~[?:1.8.0_45]
	at java.util.concurrent.ScheduledThreadPoolExecutor$ScheduledFutureTask.access$301(ScheduledThreadPoolExecutor.java:180) ~[?:1.8.0_45]
	at java.util.concurrent.ScheduledThreadPoolExecutor$ScheduledFutureTask.run(ScheduledThreadPoolExecutor.java:294) ~[?:1.8.0_45]
	at java.util.concurrent.ThreadPoolExecutor.runWorker(ThreadPoolExecutor.java:1142) [?:1.8.0_45]
	at java.util.concurrent.ThreadPoolExecutor$Worker.run(ThreadPoolExecutor.java:617) [?:1.8.0_45]
	at java.lang.Thread.run(Thread.java:745) [?:1.8.0_45]
2017-12-04 08:58:11,256 [Mule.app.deployer.monitor.1.thread.1] INFO  org.mule.module.launcher.application.DefaultMuleApplication - App '77-call-stored-procedure' never started, nothing to dispose of
