2017-12-03 22:00:42,478 [main] INFO  org.mule.module.launcher.application.DefaultMuleApplication - 
++++++++++++++++++++++++++++++++++++++++++++++++++++++++++++
+ Initializing app '85-rest-webservice-consumer'           +
++++++++++++++++++++++++++++++++++++++++++++++++++++++++++++
2017-12-03 22:00:42,975 [main] INFO  org.mule.lifecycle.AbstractLifecycleManager - Initialising RegistryBroker
2017-12-03 22:00:43,294 [main] INFO  org.mule.module.extension.internal.manager.DefaultExtensionManager - Starting discovery of extensions
2017-12-03 22:00:43,602 [main] INFO  org.mule.module.extension.internal.manager.DefaultExtensionManager - Discovered 1 extensions
2017-12-03 22:00:43,602 [main] INFO  org.mule.module.extension.internal.manager.DefaultExtensionManager - Registering extension validation (version 3.9)
2017-12-03 22:00:44,107 [main] INFO  org.mule.config.spring.MuleArtifactContext - Refreshing org.mule.config.spring.MuleArtifactContext@692fd26: startup date [Sun Dec 03 22:00:43 IST 2017]; root of context hierarchy
2017-12-03 22:00:47,421 [main] INFO  org.mule.config.spring.processors.NoDevkitInjectorProcessor - JSR-330 'javax.inject.Inject' annotation found and supported for autowiring
2017-12-03 22:00:49,174 [main] WARN  org.mule.module.ognl.expression.OgnlExpressionEvaluator - OGNL module is deprecated and will be removed in Mule 4.0. Use MEL expressions instead.
2017-12-03 22:00:50,144 [main] INFO  org.mule.util.journal.TransactionJournal - Using files for tx logs F:\workspace_mulesoft1\.mule\.\.mule\85-rest-webservice-consumer\queue-tx-log\tx1.log and F:\workspace_mulesoft1\.mule\.\.mule\85-rest-webservice-consumer\queue-tx-log\tx2.log
2017-12-03 22:00:50,160 [main] INFO  org.mule.util.journal.TransactionJournal - Using files for tx logs F:\workspace_mulesoft1\.mule\.\.mule\85-rest-webservice-consumer\queue-xa-tx-log\tx1.log and F:\workspace_mulesoft1\.mule\.\.mule\85-rest-webservice-consumer\queue-xa-tx-log\tx2.log
2017-12-03 22:00:50,610 [main] INFO  org.mule.lifecycle.AbstractLifecycleManager - Initialising model: _muleSystemModel
2017-12-03 22:00:50,616 [main] INFO  org.mule.construct.FlowConstructLifecycleManager - Initialising flow: 85-rest-webservice-consumerFlow
2017-12-03 22:00:50,617 [main] INFO  org.mule.exception.DefaultMessagingExceptionStrategy - Initialising exception listener: org.mule.exception.DefaultMessagingExceptionStrategy@2e2f20b8
2017-12-03 22:00:50,677 [main] INFO  org.mule.processor.SedaStageLifecycleManager - Initialising service: 85-rest-webservice-consumerFlow.stage1
2017-12-03 22:00:51,346 [main] INFO  org.mule.config.spring.SpringXmlConfigurationBuilder - Configured Mule using "org.mule.config.spring.SpringXmlConfigurationBuilder" with configuration resource(s): "[ConfigResource{resourceName='F:\workspace_mulesoft1\.mule\apps\85-rest-webservice-consumer\85-rest-webservice-consumer.xml'}]"
2017-12-03 22:00:51,347 [main] INFO  org.mule.config.builders.AutoConfigurationBuilder - Configured Mule using "org.mule.config.builders.AutoConfigurationBuilder" with configuration resource(s): "[ConfigResource{resourceName='F:\workspace_mulesoft1\.mule\apps\85-rest-webservice-consumer\85-rest-webservice-consumer.xml'}]"
2017-12-03 22:00:51,361 [main] INFO  org.mule.module.launcher.application.DefaultMuleApplication - 
++++++++++++++++++++++++++++++++++++++++++++++++++++++++++++
+ Starting app '85-rest-webservice-consumer'               +
++++++++++++++++++++++++++++++++++++++++++++++++++++++++++++
2017-12-03 22:00:51,366 [main] INFO  org.mule.util.queue.QueueXaResourceManager - Starting ResourceManager
2017-12-03 22:00:51,366 [main] INFO  org.mule.util.queue.QueueXaResourceManager - Started ResourceManager
2017-12-03 22:00:51,451 [main] INFO  org.mule.module.http.internal.listener.DefaultHttpListenerConfig - Listening for requests on http://0.0.0.0:8083
2017-12-03 22:00:51,456 [main] INFO  org.mule.modules.oauth2.provider.agents.DefaultSplashScreenAgent - 
++++++++++++++++++++++++++++++++++++++++++++++++++++++++++++++++++++++++++++++++
+ DevKit Extensions (0) used in this application 
                             +
++++++++++++++++++++++++++++++++++++++++++++++++++++++++++++++++++++++++++++++++
2017-12-03 22:00:51,457 [main] INFO  org.mule.lifecycle.AbstractLifecycleManager - Starting model: _muleSystemModel
2017-12-03 22:00:51,460 [main] INFO  org.mule.construct.FlowConstructLifecycleManager - Starting flow: 85-rest-webservice-consumerFlow
2017-12-03 22:00:51,461 [main] INFO  org.mule.processor.SedaStageLifecycleManager - Starting service: 85-rest-webservice-consumerFlow.stage1
2017-12-03 22:00:51,879 [main] INFO  org.mule.module.management.agent.WrapperManagerAgent - This JVM hasn't been launched by the wrapper, the agent will not run.
2017-12-03 22:01:01,037 [main] INFO  org.mule.DefaultMuleContext - 
**********************************************************************
* Application: 85-rest-webservice-consumer                           *
* OS encoding: \, Mule encoding: UTF-8                               *
*                                                                    *
* Agents Running:                                                    *
*   Batch module default engine                                      *
*   JMX Agent                                                        *
*   DevKit Extension Information                                     *
*   Wrapper Manager                                                  *
**********************************************************************
2017-12-03 22:01:41,100 [Mule.app.deployer.monitor.1.thread.1] INFO  org.mule.module.launcher.application.DefaultMuleApplication - 
++++++++++++++++++++++++++++++++++++++++++++++++++++++++++++
+ Stopping app '85-rest-webservice-consumer'               +
++++++++++++++++++++++++++++++++++++++++++++++++++++++++++++
2017-12-03 22:01:41,107 [Mule.app.deployer.monitor.1.thread.1] INFO  org.mule.construct.FlowConstructLifecycleManager - Stopping flow: 85-rest-webservice-consumerFlow
2017-12-03 22:01:41,110 [Mule.app.deployer.monitor.1.thread.1] INFO  org.mule.processor.SedaStageLifecycleManager - Stopping service: 85-rest-webservice-consumerFlow.stage1
2017-12-03 22:01:41,187 [Mule.app.deployer.monitor.1.thread.1] INFO  org.mule.lifecycle.AbstractLifecycleManager - Stopping model: _muleSystemModel
2017-12-03 22:01:41,197 [Mule.app.deployer.monitor.1.thread.1] INFO  org.mule.module.http.internal.listener.DefaultHttpListenerConfig - Stopped listener on http://0.0.0.0:8083
2017-12-03 22:01:41,200 [Mule.app.deployer.monitor.1.thread.1] INFO  org.mule.util.queue.QueueXaResourceManager - Stopping ResourceManager
2017-12-03 22:01:41,201 [Mule.app.deployer.monitor.1.thread.1] INFO  org.mule.util.queue.QueueXaResourceManager - Stopped ResourceManager
2017-12-03 22:01:41,219 [Mule.app.deployer.monitor.1.thread.1] INFO  org.mule.module.launcher.application.DefaultMuleApplication - 
++++++++++++++++++++++++++++++++++++++++++++++++++++++++++++
+ Disposing app '85-rest-webservice-consumer'              +
++++++++++++++++++++++++++++++++++++++++++++++++++++++++++++
2017-12-03 22:01:41,220 [Mule.app.deployer.monitor.1.thread.1] INFO  org.mule.lifecycle.AbstractLifecycleManager - Disposing RegistryBroker
2017-12-03 22:01:41,225 [Mule.app.deployer.monitor.1.thread.1] INFO  org.mule.construct.FlowConstructLifecycleManager - Disposing flow: 85-rest-webservice-consumerFlow
2017-12-03 22:01:41,228 [Mule.app.deployer.monitor.1.thread.1] INFO  org.mule.processor.SedaStageLifecycleManager - Disposing service: 85-rest-webservice-consumerFlow.stage1
2017-12-03 22:01:41,235 [Mule.app.deployer.monitor.1.thread.1] INFO  org.mule.lifecycle.AbstractLifecycleManager - Disposing model: _muleSystemModel
2017-12-03 22:01:41,512 [Mule.app.deployer.monitor.1.thread.1] INFO  org.mule.config.spring.MuleArtifactContext - Closing org.mule.config.spring.MuleArtifactContext@692fd26: startup date [Sun Dec 03 22:00:43 IST 2017]; root of context hierarchy
2017-12-03 22:01:41,525 [Mule.app.deployer.monitor.1.thread.1] INFO  org.mule.DefaultMuleContext - 
**********************************************************************
* Application "85-rest-webservice-consumer" shut down normally on:   *
* 12/3/17 10:01 PM                                                   *
* Up for: 0 days, 0 hours, 0 mins, 50.160 sec                        *
**********************************************************************
2017-12-03 22:01:41,799 [Mule.app.deployer.monitor.1.thread.1] INFO  org.mule.module.launcher.application.DefaultMuleApplication - 
++++++++++++++++++++++++++++++++++++++++++++++++++++++++++++
+ Initializing app '85-rest-webservice-consumer'           +
++++++++++++++++++++++++++++++++++++++++++++++++++++++++++++
2017-12-03 22:01:41,832 [Mule.app.deployer.monitor.1.thread.1] INFO  org.mule.lifecycle.AbstractLifecycleManager - Initialising RegistryBroker
2017-12-03 22:01:41,868 [Mule.app.deployer.monitor.1.thread.1] INFO  org.mule.module.extension.internal.manager.DefaultExtensionManager - Starting discovery of extensions
2017-12-03 22:01:41,940 [Mule.app.deployer.monitor.1.thread.1] INFO  org.mule.module.extension.internal.manager.DefaultExtensionManager - Discovered 1 extensions
2017-12-03 22:01:41,940 [Mule.app.deployer.monitor.1.thread.1] INFO  org.mule.module.extension.internal.manager.DefaultExtensionManager - Registering extension validation (version 3.9)
2017-12-03 22:01:41,954 [Mule.app.deployer.monitor.1.thread.1] INFO  org.mule.config.spring.MuleArtifactContext - Refreshing org.mule.config.spring.MuleArtifactContext@cfeef94: startup date [Sun Dec 03 22:01:41 IST 2017]; root of context hierarchy
2017-12-03 22:01:43,408 [Mule.app.deployer.monitor.1.thread.1] INFO  org.mule.config.spring.processors.NoDevkitInjectorProcessor - JSR-330 'javax.inject.Inject' annotation found and supported for autowiring
2017-12-03 22:01:43,703 [Mule.app.deployer.monitor.1.thread.1] INFO  org.mule.util.journal.TransactionJournal - Using files for tx logs F:\workspace_mulesoft1\.mule\.\.mule\85-rest-webservice-consumer\queue-tx-log\tx1.log and F:\workspace_mulesoft1\.mule\.\.mule\85-rest-webservice-consumer\queue-tx-log\tx2.log
2017-12-03 22:01:43,706 [Mule.app.deployer.monitor.1.thread.1] INFO  org.mule.util.journal.TransactionJournal - Using files for tx logs F:\workspace_mulesoft1\.mule\.\.mule\85-rest-webservice-consumer\queue-xa-tx-log\tx1.log and F:\workspace_mulesoft1\.mule\.\.mule\85-rest-webservice-consumer\queue-xa-tx-log\tx2.log
2017-12-03 22:01:43,717 [Mule.app.deployer.monitor.1.thread.1] INFO  org.mule.lifecycle.AbstractLifecycleManager - Initialising model: _muleSystemModel
2017-12-03 22:01:43,718 [Mule.app.deployer.monitor.1.thread.1] INFO  org.mule.construct.FlowConstructLifecycleManager - Initialising flow: 85-rest-webservice-consumerFlow
2017-12-03 22:01:43,719 [Mule.app.deployer.monitor.1.thread.1] INFO  org.mule.exception.DefaultMessagingExceptionStrategy - Initialising exception listener: org.mule.exception.DefaultMessagingExceptionStrategy@e7bd6af
2017-12-03 22:01:43,726 [Mule.app.deployer.monitor.1.thread.1] INFO  org.mule.processor.SedaStageLifecycleManager - Initialising service: 85-rest-webservice-consumerFlow.stage1
2017-12-03 22:01:43,757 [Mule.app.deployer.monitor.1.thread.1] INFO  org.mule.config.spring.SpringXmlConfigurationBuilder - Configured Mule using "org.mule.config.spring.SpringXmlConfigurationBuilder" with configuration resource(s): "[ConfigResource{resourceName='F:\workspace_mulesoft1\.mule\apps\85-rest-webservice-consumer\85-rest-webservice-consumer.xml'}]"
2017-12-03 22:01:43,757 [Mule.app.deployer.monitor.1.thread.1] INFO  org.mule.config.builders.AutoConfigurationBuilder - Configured Mule using "org.mule.config.builders.AutoConfigurationBuilder" with configuration resource(s): "[ConfigResource{resourceName='F:\workspace_mulesoft1\.mule\apps\85-rest-webservice-consumer\85-rest-webservice-consumer.xml'}]"
2017-12-03 22:01:43,760 [Mule.app.deployer.monitor.1.thread.1] INFO  org.mule.module.launcher.application.DefaultMuleApplication - 
++++++++++++++++++++++++++++++++++++++++++++++++++++++++++++
+ Starting app '85-rest-webservice-consumer'               +
++++++++++++++++++++++++++++++++++++++++++++++++++++++++++++
2017-12-03 22:01:43,768 [Mule.app.deployer.monitor.1.thread.1] INFO  org.mule.util.queue.QueueXaResourceManager - Starting ResourceManager
2017-12-03 22:01:43,768 [Mule.app.deployer.monitor.1.thread.1] INFO  org.mule.util.queue.QueueXaResourceManager - Started ResourceManager
2017-12-03 22:01:43,784 [Mule.app.deployer.monitor.1.thread.1] INFO  org.mule.module.http.internal.listener.DefaultHttpListenerConfig - Listening for requests on http://0.0.0.0:8083
2017-12-03 22:01:43,790 [Mule.app.deployer.monitor.1.thread.1] INFO  org.mule.modules.oauth2.provider.agents.DefaultSplashScreenAgent - 
++++++++++++++++++++++++++++++++++++++++++++++++++++++++++++++++++++++++++++++++
+ DevKit Extensions (0) used in this application 
                             +
++++++++++++++++++++++++++++++++++++++++++++++++++++++++++++++++++++++++++++++++
2017-12-03 22:01:43,792 [Mule.app.deployer.monitor.1.thread.1] INFO  org.mule.lifecycle.AbstractLifecycleManager - Starting model: _muleSystemModel
2017-12-03 22:01:43,794 [Mule.app.deployer.monitor.1.thread.1] INFO  org.mule.construct.FlowConstructLifecycleManager - Starting flow: 85-rest-webservice-consumerFlow
2017-12-03 22:01:43,794 [Mule.app.deployer.monitor.1.thread.1] INFO  org.mule.processor.SedaStageLifecycleManager - Starting service: 85-rest-webservice-consumerFlow.stage1
2017-12-03 22:01:43,840 [Mule.app.deployer.monitor.1.thread.1] INFO  org.mule.module.management.agent.WrapperManagerAgent - This JVM hasn't been launched by the wrapper, the agent will not run.
2017-12-03 22:01:43,847 [Mule.app.deployer.monitor.1.thread.1] INFO  org.mule.DefaultMuleContext - 
**********************************************************************
* Application: 85-rest-webservice-consumer                           *
* OS encoding: \, Mule encoding: UTF-8                               *
*                                                                    *
* Agents Running:                                                    *
*   Batch module default engine                                      *
*   JMX Agent                                                        *
*   DevKit Extension Information                                     *
*   Wrapper Manager                                                  *
**********************************************************************
2018-01-19 16:55:09,334 [main] INFO  org.mule.module.launcher.application.DefaultMuleApplication - 
++++++++++++++++++++++++++++++++++++++++++++++++++++++++++++
+ Initializing app '85-rest-webservice-consumer'           +
++++++++++++++++++++++++++++++++++++++++++++++++++++++++++++
2018-01-19 16:55:10,620 [main] INFO  org.mule.lifecycle.AbstractLifecycleManager - Initialising RegistryBroker
2018-01-19 16:55:11,384 [main] INFO  org.mule.module.extension.internal.manager.DefaultExtensionManager - Starting discovery of extensions
2018-01-19 16:55:12,512 [main] INFO  org.mule.module.extension.internal.manager.DefaultExtensionManager - Discovered 1 extensions
2018-01-19 16:55:12,512 [main] INFO  org.mule.module.extension.internal.manager.DefaultExtensionManager - Registering extension validation (version 3.9)
2018-01-19 16:55:13,459 [main] INFO  org.mule.config.spring.MuleArtifactContext - Refreshing org.mule.config.spring.MuleArtifactContext@671facee: startup date [Fri Jan 19 16:55:13 IST 2018]; root of context hierarchy
2018-01-19 16:55:17,916 [main] INFO  org.mule.config.spring.processors.NoDevkitInjectorProcessor - JSR-330 'javax.inject.Inject' annotation found and supported for autowiring
2018-01-19 16:55:20,991 [main] WARN  org.mule.module.ognl.expression.OgnlExpressionEvaluator - OGNL module is deprecated and will be removed in Mule 4.0. Use MEL expressions instead.
2018-01-19 16:55:22,730 [main] INFO  org.mule.util.journal.TransactionJournal - Using files for tx logs F:\workspace_mulesoft1\.mule\.\.mule\85-rest-webservice-consumer\queue-tx-log\tx1.log and F:\workspace_mulesoft1\.mule\.\.mule\85-rest-webservice-consumer\queue-tx-log\tx2.log
2018-01-19 16:55:22,767 [main] INFO  org.mule.util.journal.TransactionJournal - Using files for tx logs F:\workspace_mulesoft1\.mule\.\.mule\85-rest-webservice-consumer\queue-xa-tx-log\tx1.log and F:\workspace_mulesoft1\.mule\.\.mule\85-rest-webservice-consumer\queue-xa-tx-log\tx2.log
2018-01-19 16:55:23,131 [main] INFO  org.mule.lifecycle.AbstractLifecycleManager - Initialising model: _muleSystemModel
2018-01-19 16:55:23,146 [main] INFO  org.mule.construct.FlowConstructLifecycleManager - Initialising flow: 85-rest-webservice-consumerFlow
2018-01-19 16:55:23,146 [main] INFO  org.mule.exception.DefaultMessagingExceptionStrategy - Initialising exception listener: org.mule.exception.DefaultMessagingExceptionStrategy@41938e1e
2018-01-19 16:55:23,231 [main] INFO  org.mule.processor.SedaStageLifecycleManager - Initialising service: 85-rest-webservice-consumerFlow.stage1
2018-01-19 16:55:24,070 [main] INFO  org.mule.config.spring.SpringXmlConfigurationBuilder - Configured Mule using "org.mule.config.spring.SpringXmlConfigurationBuilder" with configuration resource(s): "[ConfigResource{resourceName='F:\workspace_mulesoft1\.mule\apps\85-rest-webservice-consumer\85-rest-webservice-consumer.xml'}]"
2018-01-19 16:55:24,070 [main] INFO  org.mule.config.builders.AutoConfigurationBuilder - Configured Mule using "org.mule.config.builders.AutoConfigurationBuilder" with configuration resource(s): "[ConfigResource{resourceName='F:\workspace_mulesoft1\.mule\apps\85-rest-webservice-consumer\85-rest-webservice-consumer.xml'}]"
2018-01-19 16:55:24,082 [main] INFO  org.mule.module.launcher.application.DefaultMuleApplication - 
++++++++++++++++++++++++++++++++++++++++++++++++++++++++++++
+ Starting app '85-rest-webservice-consumer'               +
++++++++++++++++++++++++++++++++++++++++++++++++++++++++++++
2018-01-19 16:55:24,082 [main] INFO  org.mule.util.queue.QueueXaResourceManager - Starting ResourceManager
2018-01-19 16:55:24,082 [main] INFO  org.mule.util.queue.QueueXaResourceManager - Started ResourceManager
2018-01-19 16:55:24,333 [main] INFO  org.mule.module.http.internal.listener.DefaultHttpListenerConfig - Listening for requests on http://0.0.0.0:8083
2018-01-19 16:55:24,333 [main] INFO  org.mule.modules.oauth2.provider.agents.DefaultSplashScreenAgent - 
++++++++++++++++++++++++++++++++++++++++++++++++++++++++++++++++++++++++++++++++
+ DevKit Extensions (0) used in this application 
                             +
++++++++++++++++++++++++++++++++++++++++++++++++++++++++++++++++++++++++++++++++
2018-01-19 16:55:24,333 [main] INFO  org.mule.lifecycle.AbstractLifecycleManager - Starting model: _muleSystemModel
2018-01-19 16:55:24,349 [main] INFO  org.mule.construct.FlowConstructLifecycleManager - Starting flow: 85-rest-webservice-consumerFlow
2018-01-19 16:55:24,349 [main] INFO  org.mule.processor.SedaStageLifecycleManager - Starting service: 85-rest-webservice-consumerFlow.stage1
2018-01-19 16:55:25,019 [main] INFO  org.mule.module.management.agent.WrapperManagerAgent - This JVM hasn't been launched by the wrapper, the agent will not run.
2018-01-19 16:55:25,073 [main] INFO  org.mule.DefaultMuleContext - 
**********************************************************************
* Application: 85-rest-webservice-consumer                           *
* OS encoding: \, Mule encoding: UTF-8                               *
*                                                                    *
* Agents Running:                                                    *
*   Batch module default engine                                      *
*   JMX Agent                                                        *
*   DevKit Extension Information                                     *
*   Wrapper Manager                                                  *
**********************************************************************
2018-01-19 16:57:20,279 [[85-rest-webservice-consumer].HTTP_Listener_Configuration.worker.01] ERROR org.mule.exception.DefaultMessagingExceptionStrategy - 
********************************************************************************
Message               : Expression {destination} evaluated to null. (java.lang.NullPointerException).
Payload               : {NullPayload}
Payload Type          : org.mule.transport.NullPayload
Element               : /85-rest-webservice-consumerFlow/processors/1 @ 85-rest-webservice-consumer:85-rest-webservice-consumer.xml:15 (HTTP)
Element XML           : <http:request config-ref="HTTP_Request_Configuration" path="/essentials/united/flights/{destination}" method="GET" doc:name="HTTP">
                        <http:request-builder>
                        <http:uri-param paramName="destination" value="#[flowVars.destination]"></http:uri-param>
                        </http:request-builder>
                        </http:request>
--------------------------------------------------------------------------------
Root Exception stack trace:
java.lang.NullPointerException: Expression {destination} evaluated to null.
	at org.mule.module.http.internal.request.HttpRequesterRequestBuilder.replaceUriParams(HttpRequesterRequestBuilder.java:42)
	at org.mule.module.http.internal.request.DefaultHttpRequester.replaceUriParams(DefaultHttpRequester.java:504)
	at org.mule.module.http.internal.request.DefaultHttpRequester.resolveURI(DefaultHttpRequester.java:483)
	at org.mule.module.http.internal.request.DefaultHttpRequester.createHttpRequest(DefaultHttpRequester.java:439)
	at org.mule.module.http.internal.request.DefaultHttpRequester.innerProcess(DefaultHttpRequester.java:378)
	at org.mule.module.http.internal.request.DefaultHttpRequester.processBlocking(DefaultHttpRequester.java:226)
	at org.mule.processor.AbstractNonBlockingMessageProcessor.process(AbstractNonBlockingMessageProcessor.java:43)
	at org.mule.execution.ExceptionToMessagingExceptionExecutionInterceptor.execute(ExceptionToMessagingExceptionExecutionInterceptor.java:27)
	at org.mule.execution.MessageProcessorNotificationExecutionInterceptor.execute(MessageProcessorNotificationExecutionInterceptor.java:111)
	at org.mule.execution.MessageProcessorExecutionTemplate.execute(MessageProcessorExecutionTemplate.java:44)
	at org.mule.processor.BlockingProcessorExecutor.executeNext(BlockingProcessorExecutor.java:88)
	at org.mule.processor.BlockingProcessorExecutor.execute(BlockingProcessorExecutor.java:59)
	at org.mule.execution.ExceptionToMessagingExceptionExecutionInterceptor.execute(ExceptionToMessagingExceptionExecutionInterceptor.java:27)
	at org.mule.execution.MessageProcessorExecutionTemplate.execute(MessageProcessorExecutionTemplate.java:44)
	at org.mule.processor.BlockingProcessorExecutor.executeNext(BlockingProcessorExecutor.java:98)
	at org.mule.processor.BlockingProcessorExecutor.execute(BlockingProcessorExecutor.java:59)
	at org.mule.processor.AsyncInterceptingMessageProcessor.process(AsyncInterceptingMessageProcessor.java:110)
	at org.mule.execution.ExceptionToMessagingExceptionExecutionInterceptor.execute(ExceptionToMessagingExceptionExecutionInterceptor.java:27)
	at org.mule.execution.MessageProcessorNotificationExecutionInterceptor.execute(MessageProcessorNotificationExecutionInterceptor.java:111)
	at org.mule.execution.MessageProcessorExecutionTemplate.execute(MessageProcessorExecutionTemplate.java:44)
	at org.mule.processor.BlockingProcessorExecutor.executeNext(BlockingProcessorExecutor.java:98)
	at org.mule.processor.BlockingProcessorExecutor.execute(BlockingProcessorExecutor.java:59)
	at org.mule.construct.DynamicPipelineMessageProcessor.process(DynamicPipelineMessageProcessor.java:55)
	at org.mule.execution.ExceptionToMessagingExceptionExecutionInterceptor.execute(ExceptionToMessagingExceptionExecutionInterceptor.java:27)
	at org.mule.execution.MessageProcessorNotificationExecutionInterceptor.execute(MessageProcessorNotificationExecutionInterceptor.java:111)
	at org.mule.execution.MessageProcessorExecutionTemplate.execute(MessageProcessorExecutionTemplate.java:44)
	at org.mule.processor.BlockingProcessorExecutor.executeNext(BlockingProcessorExecutor.java:88)
	at org.mule.processor.BlockingProcessorExecutor.execute(BlockingProcessorExecutor.java:59)
	at org.mule.execution.ExceptionToMessagingExceptionExecutionInterceptor.execute(ExceptionToMessagingExceptionExecutionInterceptor.java:27)
	at org.mule.execution.MessageProcessorExecutionTemplate.execute(MessageProcessorExecutionTemplate.java:44)
	at org.mule.processor.BlockingProcessorExecutor.executeNext(BlockingProcessorExecutor.java:98)
	at org.mule.processor.BlockingProcessorExecutor.execute(BlockingProcessorExecutor.java:59)
	at org.mule.interceptor.AbstractEnvelopeInterceptor.processBlocking(AbstractEnvelopeInterceptor.java:59)
	at org.mule.processor.AbstractRequestResponseMessageProcessor.process(AbstractRequestResponseMessageProcessor.java:48)
	at org.mule.execution.ExceptionToMessagingExceptionExecutionInterceptor.execute(ExceptionToMessagingExceptionExecutionInterceptor.java:27)
	at org.mule.execution.MessageProcessorNotificationExecutionInterceptor.execute(MessageProcessorNotificationExecutionInterceptor.java:111)
	at org.mule.execution.MessageProcessorExecutionTemplate.execute(MessageProcessorExecutionTemplate.java:44)
	at org.mule.processor.BlockingProcessorExecutor.executeNext(BlockingProcessorExecutor.java:98)
	at org.mule.processor.BlockingProcessorExecutor.execute(BlockingProcessorExecutor.java:59)
	at org.mule.processor.AbstractFilteringMessageProcessor.process(AbstractFilteringMessageProcessor.java:52)
	at org.mule.execution.ExceptionToMessagingExceptionExecutionInterceptor.execute(ExceptionToMessagingExceptionExecutionInterceptor.java:27)
	at org.mule.execution.MessageProcessorNotificationExecutionInterceptor.execute(MessageProcessorNotificationExecutionInterceptor.java:111)
	at org.mule.execution.MessageProcessorExecutionTemplate.execute(MessageProcessorExecutionTemplate.java:44)
	at org.mule.processor.BlockingProcessorExecutor.executeNext(BlockingProcessorExecutor.java:98)
	at org.mule.processor.BlockingProcessorExecutor.execute(BlockingProcessorExecutor.java:59)
	at org.mule.processor.AbstractRequestResponseMessageProcessor.processBlocking(AbstractRequestResponseMessageProcessor.java:57)
	at org.mule.processor.AbstractRequestResponseMessageProcessor.process(AbstractRequestResponseMessageProcessor.java:48)
	at org.mule.execution.ExceptionToMessagingExceptionExecutionInterceptor.execute(ExceptionToMessagingExceptionExecutionInterceptor.java:27)
	at org.mule.execution.MessageProcessorNotificationExecutionInterceptor.execute(MessageProcessorNotificationExecutionInterceptor.java:111)
	at org.mule.execution.MessageProcessorExecutionTemplate.execute(MessageProcessorExecutionTemplate.java:44)
	at org.mule.processor.BlockingProcessorExecutor.executeNext(BlockingProcessorExecutor.java:88)
	at org.mule.processor.BlockingProcessorExecutor.execute(BlockingProcessorExecutor.java:59)
	at org.mule.execution.ExceptionToMessagingExceptionExecutionInterceptor.execute(ExceptionToMessagingExceptionExecutionInterceptor.java:27)
	at org.mule.execution.MessageProcessorNotificationExecutionInterceptor.execute(MessageProcessorNotificationExecutionInterceptor.java:111)
	at org.mule.execution.MessageProcessorExecutionTemplate.execute(MessageProcessorExecutionTemplate.java:44)
	at org.mule.construct.AbstractPipeline$3.process(AbstractPipeline.java:232)
	at org.mule.module.http.internal.listener.HttpMessageProcessorTemplate.routeEvent(HttpMessageProcessorTemplate.java:73)
	at org.mule.execution.AsyncResponseFlowProcessingPhase$1.process(AsyncResponseFlowProcessingPhase.java:73)
	at org.mule.execution.AsyncResponseFlowProcessingPhase$1.process(AsyncResponseFlowProcessingPhase.java:60)
	at org.mule.execution.ExecuteCallbackInterceptor.execute(ExecuteCallbackInterceptor.java:16)
	at org.mule.execution.CommitTransactionInterceptor.execute(CommitTransactionInterceptor.java:35)
	at org.mule.execution.CommitTransactionInterceptor.execute(CommitTransactionInterceptor.java:22)
	at org.mule.execution.HandleExceptionInterceptor.execute(HandleExceptionInterceptor.java:30)
	at org.mule.execution.HandleExceptionInterceptor.execute(HandleExceptionInterceptor.java:14)
	at org.mule.execution.BeginAndResolveTransactionInterceptor.execute(BeginAndResolveTransactionInterceptor.java:67)
	at org.mule.execution.ResolvePreviousTransactionInterceptor.execute(ResolvePreviousTransactionInterceptor.java:44)
	at org.mule.execution.SuspendXaTransactionInterceptor.execute(SuspendXaTransactionInterceptor.java:50)
	at org.mule.execution.ValidateTransactionalStateInterceptor.execute(ValidateTransactionalStateInterceptor.java:40)
	at org.mule.execution.IsolateCurrentTransactionInterceptor.execute(IsolateCurrentTransactionInterceptor.java:41)
	at org.mule.execution.ExternalTransactionInterceptor.execute(ExternalTransactionInterceptor.java:48)
	at org.mule.execution.RethrowExceptionInterceptor.execute(RethrowExceptionInterceptor.java:28)
	at org.mule.execution.RethrowExceptionInterceptor.execute(RethrowExceptionInterceptor.java:13)
	at org.mule.execution.TransactionalErrorHandlingExecutionTemplate.execute(TransactionalErrorHandlingExecutionTemplate.java:110)
	at org.mule.execution.AsyncResponseFlowProcessingPhase.runPhase(AsyncResponseFlowProcessingPhase.java:59)
	at org.mule.execution.AsyncResponseFlowProcessingPhase.runPhase(AsyncResponseFlowProcessingPhase.java:36)
	at org.mule.execution.PhaseExecutionEngine$InternalPhaseExecutionEngine.phaseSuccessfully(PhaseExecutionEngine.java:65)
	at org.mule.execution.PhaseExecutionEngine$InternalPhaseExecutionEngine.phaseSuccessfully(PhaseExecutionEngine.java:69)
	at com.mulesoft.mule.throttling.ThrottlingPhase.runPhase(ThrottlingPhase.java:187)
	at com.mulesoft.mule.throttling.ThrottlingPhase.runPhase(ThrottlingPhase.java:58)
	at org.mule.execution.PhaseExecutionEngine$InternalPhaseExecutionEngine.phaseSuccessfully(PhaseExecutionEngine.java:65)
	at com.mulesoft.gateway.http.phases.GatewayValidationPhase.runPhase(GatewayValidationPhase.java:93)
	at com.mulesoft.gateway.http.phases.GatewayValidationPhase.runPhase(GatewayValidationPhase.java:49)
	at org.mule.execution.PhaseExecutionEngine$InternalPhaseExecutionEngine.phaseSuccessfully(PhaseExecutionEngine.java:65)
	at org.mule.modules.cors.CorsPhase.runPhase(CorsPhase.java:112)
	at org.mule.modules.cors.CorsPhase.runPhase(CorsPhase.java:39)
	at org.mule.execution.PhaseExecutionEngine$InternalPhaseExecutionEngine.process(PhaseExecutionEngine.java:114)
	at org.mule.execution.PhaseExecutionEngine.process(PhaseExecutionEngine.java:41)
	at org.mule.execution.MuleMessageProcessingManager.processMessage(MuleMessageProcessingManager.java:32)
	at org.mule.module.http.internal.listener.DefaultHttpListener$1.handleRequest(DefaultHttpListener.java:135)
	at org.mule.module.http.internal.listener.grizzly.GrizzlyRequestDispatcherFilter.handleRead(GrizzlyRequestDispatcherFilter.java:100)
	at org.glassfish.grizzly.filterchain.ExecutorResolver$9.execute(ExecutorResolver.java:119)
	at org.glassfish.grizzly.filterchain.DefaultFilterChain.executeFilter(DefaultFilterChain.java:284)
	at org.glassfish.grizzly.filterchain.DefaultFilterChain.executeChainPart(DefaultFilterChain.java:201)
	at org.glassfish.grizzly.filterchain.DefaultFilterChain.execute(DefaultFilterChain.java:133)
	at org.glassfish.grizzly.filterchain.DefaultFilterChain.process(DefaultFilterChain.java:112)
	at org.glassfish.grizzly.ProcessorExecutor.execute(ProcessorExecutor.java:77)
	at org.glassfish.grizzly.nio.transport.TCPNIOTransport.fireIOEvent(TCPNIOTransport.java:539)
	at org.glassfish.grizzly.strategies.AbstractIOStrategy.fireIOEvent(AbstractIOStrategy.java:112)
	at org.mule.module.http.internal.listener.grizzly.ExecutorPerServerAddressIOStrategy.run0(ExecutorPerServerAddressIOStrategy.java:119)
	at org.mule.module.http.internal.listener.grizzly.ExecutorPerServerAddressIOStrategy.access$100(ExecutorPerServerAddressIOStrategy.java:31)
	at org.mule.module.http.internal.listener.grizzly.ExecutorPerServerAddressIOStrategy$WorkerThreadRunnable.run(ExecutorPerServerAddressIOStrategy.java:142)
	at java.util.concurrent.ThreadPoolExecutor.runWorker(ThreadPoolExecutor.java:1142)
	at java.util.concurrent.ThreadPoolExecutor$Worker.run(ThreadPoolExecutor.java:617)
	at java.lang.Thread.run(Thread.java:745)

********************************************************************************

2018-01-19 16:58:21,941 [[85-rest-webservice-consumer].HTTP_Listener_Configuration.worker.01] ERROR org.mule.exception.DefaultMessagingExceptionStrategy - 
********************************************************************************
Message               : Exception while executing: 

^
Unexpected end-of-input at payload@[1:1] (line:column), expected false or true or null or {...} or [...] or number..
Payload               : com.mulesoft.weave.reader.DefaultSeekableStream@41f2045b
Element               : /85-rest-webservice-consumerFlow/processors/2 @ 85-rest-webservice-consumer:85-rest-webservice-consumer.xml:20 (Transform Message)
Element XML           : <dw:transform-message doc:name="Transform Message">
                        <dw:set-payload>%dw 1.0
%output application/json
---
{
	flights:payload
}</dw:set-payload>
                        </dw:transform-message>
--------------------------------------------------------------------------------
Root Exception stack trace:
com.mulesoft.weave.mule.exception.WeaveExecutionException: Exception while executing: 

^
Unexpected end-of-input at payload@[1:1] (line:column), expected false or true or null or {...} or [...] or number..
	at com.mulesoft.weave.mule.exception.WeaveExecutionException$.apply(WeaveExecutionException.scala:10)
	at com.mulesoft.weave.mule.WeaveMessageProcessor.execute(WeaveMessageProcessor.scala:132)
	at com.mulesoft.weave.mule.WeaveMessageProcessor.process(WeaveMessageProcessor.scala:71)
	at org.mule.execution.ExceptionToMessagingExceptionExecutionInterceptor.execute(ExceptionToMessagingExceptionExecutionInterceptor.java:27)
	at org.mule.execution.MessageProcessorNotificationExecutionInterceptor.execute(MessageProcessorNotificationExecutionInterceptor.java:111)
	at org.mule.execution.MessageProcessorExecutionTemplate.execute(MessageProcessorExecutionTemplate.java:44)
	at org.mule.processor.BlockingProcessorExecutor.executeNext(BlockingProcessorExecutor.java:88)
	at org.mule.processor.BlockingProcessorExecutor.execute(BlockingProcessorExecutor.java:59)
	at org.mule.execution.ExceptionToMessagingExceptionExecutionInterceptor.execute(ExceptionToMessagingExceptionExecutionInterceptor.java:27)
	at org.mule.execution.MessageProcessorExecutionTemplate.execute(MessageProcessorExecutionTemplate.java:44)
	at org.mule.processor.BlockingProcessorExecutor.executeNext(BlockingProcessorExecutor.java:98)
	at org.mule.processor.BlockingProcessorExecutor.execute(BlockingProcessorExecutor.java:59)
	at org.mule.processor.AsyncInterceptingMessageProcessor.process(AsyncInterceptingMessageProcessor.java:110)
	at org.mule.execution.ExceptionToMessagingExceptionExecutionInterceptor.execute(ExceptionToMessagingExceptionExecutionInterceptor.java:27)
	at org.mule.execution.MessageProcessorNotificationExecutionInterceptor.execute(MessageProcessorNotificationExecutionInterceptor.java:111)
	at org.mule.execution.MessageProcessorExecutionTemplate.execute(MessageProcessorExecutionTemplate.java:44)
	at org.mule.processor.BlockingProcessorExecutor.executeNext(BlockingProcessorExecutor.java:98)
	at org.mule.processor.BlockingProcessorExecutor.execute(BlockingProcessorExecutor.java:59)
	at org.mule.construct.DynamicPipelineMessageProcessor.process(DynamicPipelineMessageProcessor.java:55)
	at org.mule.execution.ExceptionToMessagingExceptionExecutionInterceptor.execute(ExceptionToMessagingExceptionExecutionInterceptor.java:27)
	at org.mule.execution.MessageProcessorNotificationExecutionInterceptor.execute(MessageProcessorNotificationExecutionInterceptor.java:111)
	at org.mule.execution.MessageProcessorExecutionTemplate.execute(MessageProcessorExecutionTemplate.java:44)
	at org.mule.processor.BlockingProcessorExecutor.executeNext(BlockingProcessorExecutor.java:88)
	at org.mule.processor.BlockingProcessorExecutor.execute(BlockingProcessorExecutor.java:59)
	at org.mule.execution.ExceptionToMessagingExceptionExecutionInterceptor.execute(ExceptionToMessagingExceptionExecutionInterceptor.java:27)
	at org.mule.execution.MessageProcessorExecutionTemplate.execute(MessageProcessorExecutionTemplate.java:44)
	at org.mule.processor.BlockingProcessorExecutor.executeNext(BlockingProcessorExecutor.java:98)
	at org.mule.processor.BlockingProcessorExecutor.execute(BlockingProcessorExecutor.java:59)
	at org.mule.interceptor.AbstractEnvelopeInterceptor.processBlocking(AbstractEnvelopeInterceptor.java:59)
	at org.mule.processor.AbstractRequestResponseMessageProcessor.process(AbstractRequestResponseMessageProcessor.java:48)
	at org.mule.execution.ExceptionToMessagingExceptionExecutionInterceptor.execute(ExceptionToMessagingExceptionExecutionInterceptor.java:27)
	at org.mule.execution.MessageProcessorNotificationExecutionInterceptor.execute(MessageProcessorNotificationExecutionInterceptor.java:111)
	at org.mule.execution.MessageProcessorExecutionTemplate.execute(MessageProcessorExecutionTemplate.java:44)
	at org.mule.processor.BlockingProcessorExecutor.executeNext(BlockingProcessorExecutor.java:98)
	at org.mule.processor.BlockingProcessorExecutor.execute(BlockingProcessorExecutor.java:59)
	at org.mule.processor.AbstractFilteringMessageProcessor.process(AbstractFilteringMessageProcessor.java:52)
	at org.mule.execution.ExceptionToMessagingExceptionExecutionInterceptor.execute(ExceptionToMessagingExceptionExecutionInterceptor.java:27)
	at org.mule.execution.MessageProcessorNotificationExecutionInterceptor.execute(MessageProcessorNotificationExecutionInterceptor.java:111)
	at org.mule.execution.MessageProcessorExecutionTemplate.execute(MessageProcessorExecutionTemplate.java:44)
	at org.mule.processor.BlockingProcessorExecutor.executeNext(BlockingProcessorExecutor.java:98)
	at org.mule.processor.BlockingProcessorExecutor.execute(BlockingProcessorExecutor.java:59)
	at org.mule.processor.AbstractRequestResponseMessageProcessor.processBlocking(AbstractRequestResponseMessageProcessor.java:57)
	at org.mule.processor.AbstractRequestResponseMessageProcessor.process(AbstractRequestResponseMessageProcessor.java:48)
	at org.mule.execution.ExceptionToMessagingExceptionExecutionInterceptor.execute(ExceptionToMessagingExceptionExecutionInterceptor.java:27)
	at org.mule.execution.MessageProcessorNotificationExecutionInterceptor.execute(MessageProcessorNotificationExecutionInterceptor.java:111)
	at org.mule.execution.MessageProcessorExecutionTemplate.execute(MessageProcessorExecutionTemplate.java:44)
	at org.mule.processor.BlockingProcessorExecutor.executeNext(BlockingProcessorExecutor.java:88)
	at org.mule.processor.BlockingProcessorExecutor.execute(BlockingProcessorExecutor.java:59)
	at org.mule.execution.ExceptionToMessagingExceptionExecutionInterceptor.execute(ExceptionToMessagingExceptionExecutionInterceptor.java:27)
	at org.mule.execution.MessageProcessorNotificationExecutionInterceptor.execute(MessageProcessorNotificationExecutionInterceptor.java:111)
	at org.mule.execution.MessageProcessorExecutionTemplate.execute(MessageProcessorExecutionTemplate.java:44)
	at org.mule.construct.AbstractPipeline$3.process(AbstractPipeline.java:232)
	at org.mule.module.http.internal.listener.HttpMessageProcessorTemplate.routeEvent(HttpMessageProcessorTemplate.java:73)
	at org.mule.execution.AsyncResponseFlowProcessingPhase$1.process(AsyncResponseFlowProcessingPhase.java:73)
	at org.mule.execution.AsyncResponseFlowProcessingPhase$1.process(AsyncResponseFlowProcessingPhase.java:60)
	at org.mule.execution.ExecuteCallbackInterceptor.execute(ExecuteCallbackInterceptor.java:16)
	at org.mule.execution.CommitTransactionInterceptor.execute(CommitTransactionInterceptor.java:35)
	at org.mule.execution.CommitTransactionInterceptor.execute(CommitTransactionInterceptor.java:22)
	at org.mule.execution.HandleExceptionInterceptor.execute(HandleExceptionInterceptor.java:30)
	at org.mule.execution.HandleExceptionInterceptor.execute(HandleExceptionInterceptor.java:14)
	at org.mule.execution.BeginAndResolveTransactionInterceptor.execute(BeginAndResolveTransactionInterceptor.java:67)
	at org.mule.execution.ResolvePreviousTransactionInterceptor.execute(ResolvePreviousTransactionInterceptor.java:44)
	at org.mule.execution.SuspendXaTransactionInterceptor.execute(SuspendXaTransactionInterceptor.java:50)
	at org.mule.execution.ValidateTransactionalStateInterceptor.execute(ValidateTransactionalStateInterceptor.java:40)
	at org.mule.execution.IsolateCurrentTransactionInterceptor.execute(IsolateCurrentTransactionInterceptor.java:41)
	at org.mule.execution.ExternalTransactionInterceptor.execute(ExternalTransactionInterceptor.java:48)
	at org.mule.execution.RethrowExceptionInterceptor.execute(RethrowExceptionInterceptor.java:28)
	at org.mule.execution.RethrowExceptionInterceptor.execute(RethrowExceptionInterceptor.java:13)
	at org.mule.execution.TransactionalErrorHandlingExecutionTemplate.execute(TransactionalErrorHandlingExecutionTemplate.java:110)
	at org.mule.execution.AsyncResponseFlowProcessingPhase.runPhase(AsyncResponseFlowProcessingPhase.java:59)
	at org.mule.execution.AsyncResponseFlowProcessingPhase.runPhase(AsyncResponseFlowProcessingPhase.java:36)
	at org.mule.execution.PhaseExecutionEngine$InternalPhaseExecutionEngine.phaseSuccessfully(PhaseExecutionEngine.java:65)
	at org.mule.execution.PhaseExecutionEngine$InternalPhaseExecutionEngine.phaseSuccessfully(PhaseExecutionEngine.java:69)
	at com.mulesoft.mule.throttling.ThrottlingPhase.runPhase(ThrottlingPhase.java:187)
	at com.mulesoft.mule.throttling.ThrottlingPhase.runPhase(ThrottlingPhase.java:58)
	at org.mule.execution.PhaseExecutionEngine$InternalPhaseExecutionEngine.phaseSuccessfully(PhaseExecutionEngine.java:65)
	at com.mulesoft.gateway.http.phases.GatewayValidationPhase.runPhase(GatewayValidationPhase.java:93)
	at com.mulesoft.gateway.http.phases.GatewayValidationPhase.runPhase(GatewayValidationPhase.java:49)
	at org.mule.execution.PhaseExecutionEngine$InternalPhaseExecutionEngine.phaseSuccessfully(PhaseExecutionEngine.java:65)
	at org.mule.modules.cors.CorsPhase.runPhase(CorsPhase.java:112)
	at org.mule.modules.cors.CorsPhase.runPhase(CorsPhase.java:39)
	at org.mule.execution.PhaseExecutionEngine$InternalPhaseExecutionEngine.process(PhaseExecutionEngine.java:114)
	at org.mule.execution.PhaseExecutionEngine.process(PhaseExecutionEngine.java:41)
	at org.mule.execution.MuleMessageProcessingManager.processMessage(MuleMessageProcessingManager.java:32)
	at org.mule.module.http.internal.listener.DefaultHttpListener$1.handleRequest(DefaultHttpListener.java:135)
	at org.mule.module.http.internal.listener.grizzly.GrizzlyRequestDispatcherFilter.handleRead(GrizzlyRequestDispatcherFilter.java:100)
	at org.glassfish.grizzly.filterchain.ExecutorResolver$9.execute(ExecutorResolver.java:119)
	at org.glassfish.grizzly.filterchain.DefaultFilterChain.executeFilter(DefaultFilterChain.java:284)
	at org.glassfish.grizzly.filterchain.DefaultFilterChain.executeChainPart(DefaultFilterChain.java:201)
	at org.glassfish.grizzly.filterchain.DefaultFilterChain.execute(DefaultFilterChain.java:133)
	at org.glassfish.grizzly.filterchain.DefaultFilterChain.process(DefaultFilterChain.java:112)
	at org.glassfish.grizzly.ProcessorExecutor.execute(ProcessorExecutor.java:77)
	at org.glassfish.grizzly.nio.transport.TCPNIOTransport.fireIOEvent(TCPNIOTransport.java:539)
	at org.glassfish.grizzly.strategies.AbstractIOStrategy.fireIOEvent(AbstractIOStrategy.java:112)
	at org.mule.module.http.internal.listener.grizzly.ExecutorPerServerAddressIOStrategy.run0(ExecutorPerServerAddressIOStrategy.java:119)
	at org.mule.module.http.internal.listener.grizzly.ExecutorPerServerAddressIOStrategy.access$100(ExecutorPerServerAddressIOStrategy.java:31)
	at org.mule.module.http.internal.listener.grizzly.ExecutorPerServerAddressIOStrategy$WorkerThreadRunnable.run(ExecutorPerServerAddressIOStrategy.java:142)
	at java.util.concurrent.ThreadPoolExecutor.runWorker(ThreadPoolExecutor.java:1142)
	at java.util.concurrent.ThreadPoolExecutor$Worker.run(ThreadPoolExecutor.java:617)
	at java.lang.Thread.run(Thread.java:745)

********************************************************************************

2018-01-19 18:35:53,941 [main] INFO  org.mule.module.launcher.application.DefaultMuleApplication - 
++++++++++++++++++++++++++++++++++++++++++++++++++++++++++++
+ Initializing app '85-rest-webservice-consumer'           +
++++++++++++++++++++++++++++++++++++++++++++++++++++++++++++
2018-01-19 18:35:55,097 [main] INFO  org.mule.lifecycle.AbstractLifecycleManager - Initialising RegistryBroker
2018-01-19 18:35:55,558 [main] INFO  org.mule.module.extension.internal.manager.DefaultExtensionManager - Starting discovery of extensions
2018-01-19 18:35:56,004 [main] INFO  org.mule.module.extension.internal.manager.DefaultExtensionManager - Discovered 1 extensions
2018-01-19 18:35:56,004 [main] INFO  org.mule.module.extension.internal.manager.DefaultExtensionManager - Registering extension validation (version 3.9)
2018-01-19 18:35:56,742 [main] INFO  org.mule.config.spring.MuleArtifactContext - Refreshing org.mule.config.spring.MuleArtifactContext@7186333e: startup date [Fri Jan 19 18:35:56 IST 2018]; root of context hierarchy
2018-01-19 18:36:02,497 [main] INFO  org.mule.config.spring.processors.NoDevkitInjectorProcessor - JSR-330 'javax.inject.Inject' annotation found and supported for autowiring
2018-01-19 18:36:05,205 [main] WARN  org.mule.module.ognl.expression.OgnlExpressionEvaluator - OGNL module is deprecated and will be removed in Mule 4.0. Use MEL expressions instead.
2018-01-19 18:36:06,986 [main] INFO  org.mule.util.journal.TransactionJournal - Using files for tx logs F:\workspace_mulesoft1\.mule\.\.mule\85-rest-webservice-consumer\queue-tx-log\tx1.log and F:\workspace_mulesoft1\.mule\.\.mule\85-rest-webservice-consumer\queue-tx-log\tx2.log
2018-01-19 18:36:07,027 [main] INFO  org.mule.util.journal.TransactionJournal - Using files for tx logs F:\workspace_mulesoft1\.mule\.\.mule\85-rest-webservice-consumer\queue-xa-tx-log\tx1.log and F:\workspace_mulesoft1\.mule\.\.mule\85-rest-webservice-consumer\queue-xa-tx-log\tx2.log
2018-01-19 18:36:07,398 [main] INFO  org.mule.lifecycle.AbstractLifecycleManager - Initialising model: _muleSystemModel
2018-01-19 18:36:07,409 [main] INFO  org.mule.construct.FlowConstructLifecycleManager - Initialising flow: 85-rest-webservice-consumerFlow
2018-01-19 18:36:07,410 [main] INFO  org.mule.exception.DefaultMessagingExceptionStrategy - Initialising exception listener: org.mule.exception.DefaultMessagingExceptionStrategy@55222ee9
2018-01-19 18:36:07,564 [main] INFO  org.mule.processor.SedaStageLifecycleManager - Initialising service: 85-rest-webservice-consumerFlow.stage1
2018-01-19 18:36:08,308 [main] INFO  org.mule.config.spring.SpringXmlConfigurationBuilder - Configured Mule using "org.mule.config.spring.SpringXmlConfigurationBuilder" with configuration resource(s): "[ConfigResource{resourceName='F:\workspace_mulesoft1\.mule\apps\85-rest-webservice-consumer\85-rest-webservice-consumer.xml'}]"
2018-01-19 18:36:08,308 [main] INFO  org.mule.config.builders.AutoConfigurationBuilder - Configured Mule using "org.mule.config.builders.AutoConfigurationBuilder" with configuration resource(s): "[ConfigResource{resourceName='F:\workspace_mulesoft1\.mule\apps\85-rest-webservice-consumer\85-rest-webservice-consumer.xml'}]"
2018-01-19 18:36:08,319 [main] INFO  org.mule.module.launcher.application.DefaultMuleApplication - 
++++++++++++++++++++++++++++++++++++++++++++++++++++++++++++
+ Starting app '85-rest-webservice-consumer'               +
++++++++++++++++++++++++++++++++++++++++++++++++++++++++++++
2018-01-19 18:36:08,326 [main] INFO  org.mule.util.queue.QueueXaResourceManager - Starting ResourceManager
2018-01-19 18:36:08,326 [main] INFO  org.mule.util.queue.QueueXaResourceManager - Started ResourceManager
2018-01-19 18:36:08,420 [main] INFO  org.mule.module.http.internal.listener.DefaultHttpListenerConfig - Listening for requests on http://0.0.0.0:8083
2018-01-19 18:36:08,427 [main] INFO  org.mule.modules.oauth2.provider.agents.DefaultSplashScreenAgent - 
++++++++++++++++++++++++++++++++++++++++++++++++++++++++++++++++++++++++++++++++
+ DevKit Extensions (0) used in this application 
                             +
++++++++++++++++++++++++++++++++++++++++++++++++++++++++++++++++++++++++++++++++
2018-01-19 18:36:08,428 [main] INFO  org.mule.lifecycle.AbstractLifecycleManager - Starting model: _muleSystemModel
2018-01-19 18:36:08,431 [main] INFO  org.mule.construct.FlowConstructLifecycleManager - Starting flow: 85-rest-webservice-consumerFlow
2018-01-19 18:36:08,432 [main] INFO  org.mule.processor.SedaStageLifecycleManager - Starting service: 85-rest-webservice-consumerFlow.stage1
2018-01-19 18:36:09,643 [main] INFO  org.mule.module.management.agent.WrapperManagerAgent - This JVM hasn't been launched by the wrapper, the agent will not run.
2018-01-19 18:36:09,694 [main] INFO  org.mule.DefaultMuleContext - 
**********************************************************************
* Application: 85-rest-webservice-consumer                           *
* OS encoding: \, Mule encoding: UTF-8                               *
*                                                                    *
* Agents Running:                                                    *
*   Batch module default engine                                      *
*   JMX Agent                                                        *
*   DevKit Extension Information                                     *
*   Wrapper Manager                                                  *
**********************************************************************
2018-01-19 18:43:17,976 [[85-rest-webservice-consumer].HTTP_Listener_Configuration.worker.01] INFO  com.mulesoft.weave.mule.utils.MuleWeaveFactory$ - MimeType was not resolved '*/*' delegating to Java.
2018-02-25 19:52:48,225 [main] INFO  org.mule.module.launcher.application.DefaultMuleApplication - 
++++++++++++++++++++++++++++++++++++++++++++++++++++++++++++
+ Initializing app '85-rest-webservice-consumer'           +
++++++++++++++++++++++++++++++++++++++++++++++++++++++++++++
2018-02-25 19:52:48,688 [main] INFO  org.mule.lifecycle.AbstractLifecycleManager - Initialising RegistryBroker
2018-02-25 19:52:49,031 [main] INFO  org.mule.module.extension.internal.manager.DefaultExtensionManager - Starting discovery of extensions
2018-02-25 19:52:49,495 [main] INFO  org.mule.module.extension.internal.manager.DefaultExtensionManager - Discovered 1 extensions
2018-02-25 19:52:49,495 [main] INFO  org.mule.module.extension.internal.manager.DefaultExtensionManager - Registering extension validation (version 3.9)
2018-02-25 19:52:50,209 [main] INFO  org.mule.config.spring.MuleArtifactContext - Refreshing org.mule.config.spring.MuleArtifactContext@26a2f7f9: startup date [Sun Feb 25 19:52:50 IST 2018]; root of context hierarchy
2018-02-25 19:52:53,536 [main] INFO  org.mule.config.spring.processors.NoDevkitInjectorProcessor - JSR-330 'javax.inject.Inject' annotation found and supported for autowiring
2018-02-25 19:52:55,935 [main] WARN  org.mule.module.ognl.expression.OgnlExpressionEvaluator - OGNL module is deprecated and will be removed in Mule 4.0. Use MEL expressions instead.
2018-02-25 19:52:57,186 [main] INFO  org.mule.util.journal.TransactionJournal - Using files for tx logs F:\workspace_mulesoft1\.mule\.\.mule\85-rest-webservice-consumer\queue-tx-log\tx1.log and F:\workspace_mulesoft1\.mule\.\.mule\85-rest-webservice-consumer\queue-tx-log\tx2.log
2018-02-25 19:52:57,246 [main] INFO  org.mule.util.journal.TransactionJournal - Using files for tx logs F:\workspace_mulesoft1\.mule\.\.mule\85-rest-webservice-consumer\queue-xa-tx-log\tx1.log and F:\workspace_mulesoft1\.mule\.\.mule\85-rest-webservice-consumer\queue-xa-tx-log\tx2.log
2018-02-25 19:52:57,491 [main] INFO  org.mule.lifecycle.AbstractLifecycleManager - Initialising model: _muleSystemModel
2018-02-25 19:52:57,506 [main] INFO  org.mule.construct.FlowConstructLifecycleManager - Initialising flow: 85-rest-webservice-consumerFlow
2018-02-25 19:52:57,511 [main] INFO  org.mule.exception.DefaultMessagingExceptionStrategy - Initialising exception listener: org.mule.exception.DefaultMessagingExceptionStrategy@5e67a490
2018-02-25 19:52:57,591 [main] INFO  org.mule.processor.SedaStageLifecycleManager - Initialising service: 85-rest-webservice-consumerFlow.stage1
2018-02-25 19:52:58,402 [main] INFO  org.mule.config.spring.SpringXmlConfigurationBuilder - Configured Mule using "org.mule.config.spring.SpringXmlConfigurationBuilder" with configuration resource(s): "[ConfigResource{resourceName='F:\workspace_mulesoft1\.mule\apps\85-rest-webservice-consumer\85-rest-webservice-consumer.xml'}]"
2018-02-25 19:52:58,402 [main] INFO  org.mule.config.builders.AutoConfigurationBuilder - Configured Mule using "org.mule.config.builders.AutoConfigurationBuilder" with configuration resource(s): "[ConfigResource{resourceName='F:\workspace_mulesoft1\.mule\apps\85-rest-webservice-consumer\85-rest-webservice-consumer.xml'}]"
2018-02-25 19:52:58,417 [main] INFO  org.mule.module.launcher.application.DefaultMuleApplication - 
++++++++++++++++++++++++++++++++++++++++++++++++++++++++++++
+ Starting app '85-rest-webservice-consumer'               +
++++++++++++++++++++++++++++++++++++++++++++++++++++++++++++
2018-02-25 19:52:58,422 [main] INFO  org.mule.util.queue.QueueXaResourceManager - Starting ResourceManager
2018-02-25 19:52:58,422 [main] INFO  org.mule.util.queue.QueueXaResourceManager - Started ResourceManager
2018-02-25 19:52:58,537 [main] ERROR org.mule.module.launcher.application.DefaultMuleApplication - 
********************************************************************************
Message               : Failed to invoke lifecycle phase "start" on object: org.mule.module.http.internal.listener.DefaultHttpListenerConfig@242ff747
Element               : /HTTP_Listener_Configuration @ app:85-rest-webservice-consumer.xml:10 (HTTP Listener Configuration)
--------------------------------------------------------------------------------
Root Exception stack trace:
java.net.BindException: Address already in use: bind
	at sun.nio.ch.Net.bind0(Native Method)
	at sun.nio.ch.Net.bind(Net.java:437)
	at sun.nio.ch.Net.bind(Net.java:429)
	at sun.nio.ch.ServerSocketChannelImpl.bind(ServerSocketChannelImpl.java:223)
	at sun.nio.ch.ServerSocketAdaptor.bind(ServerSocketAdaptor.java:74)
	at org.glassfish.grizzly.nio.transport.TCPNIOBindingHandler.bindToChannelAndAddress(TCPNIOBindingHandler.java:131)
	at org.glassfish.grizzly.nio.transport.TCPNIOBindingHandler.bind(TCPNIOBindingHandler.java:88)
	at org.glassfish.grizzly.nio.transport.TCPNIOTransport.bind(TCPNIOTransport.java:239)
	at org.glassfish.grizzly.nio.transport.TCPNIOTransport.bind(TCPNIOTransport.java:219)
	at org.glassfish.grizzly.nio.transport.TCPNIOTransport.bind(TCPNIOTransport.java:210)
	at org.mule.module.http.internal.listener.grizzly.GrizzlyServer.start(GrizzlyServer.java:41)
	at org.mule.module.http.internal.listener.DefaultHttpListenerConfig.start(DefaultHttpListenerConfig.java:274)
	at sun.reflect.NativeMethodAccessorImpl.invoke0(Native Method)
	at sun.reflect.NativeMethodAccessorImpl.invoke(NativeMethodAccessorImpl.java:62)
	at sun.reflect.DelegatingMethodAccessorImpl.invoke(DelegatingMethodAccessorImpl.java:43)
	at java.lang.reflect.Method.invoke(Method.java:497)
	at org.mule.lifecycle.phases.DefaultLifecyclePhase.applyLifecycle(DefaultLifecyclePhase.java:230)
	at org.mule.lifecycle.RegistryLifecycleCallback.doApplyLifecycle(RegistryLifecycleCallback.java:108)
	at org.mule.lifecycle.RegistryLifecycleCallback.onTransition(RegistryLifecycleCallback.java:78)
	at org.mule.lifecycle.AbstractLifecycleManager.invokePhase(AbstractLifecycleManager.java:146)
	at org.mule.lifecycle.RegistryLifecycleManager.fireLifecycle(RegistryLifecycleManager.java:134)
	at org.mule.registry.AbstractRegistryBroker.fireLifecycle(AbstractRegistryBroker.java:88)
	at org.mule.registry.MuleRegistryHelper.fireLifecycle(MuleRegistryHelper.java:141)
	at org.mule.lifecycle.MuleContextLifecycleManager$MuleContextLifecycleCallback.onTransition(MuleContextLifecycleManager.java:74)
	at org.mule.lifecycle.MuleContextLifecycleManager$MuleContextLifecycleCallback.onTransition(MuleContextLifecycleManager.java:70)
	at org.mule.lifecycle.AbstractLifecycleManager.invokePhase(AbstractLifecycleManager.java:146)
	at org.mule.lifecycle.MuleContextLifecycleManager.fireLifecycle(MuleContextLifecycleManager.java:62)
	at org.mule.DefaultMuleContext.start(DefaultMuleContext.java:320)
	at org.mule.module.launcher.application.DefaultMuleApplication.start(DefaultMuleApplication.java:146)
	at org.mule.module.launcher.artifact.ArtifactWrapper$4.execute(ArtifactWrapper.java:106)
	at org.mule.module.launcher.artifact.ArtifactWrapper.executeWithinArtifactClassLoader(ArtifactWrapper.java:137)
	at org.mule.module.launcher.artifact.ArtifactWrapper.start(ArtifactWrapper.java:101)
	at org.mule.module.launcher.DefaultArtifactDeployer.deploy(DefaultArtifactDeployer.java:73)
	at org.mule.module.launcher.DefaultArchiveDeployer.deployArtifact(DefaultArchiveDeployer.java:536)
	at org.mule.module.launcher.DefaultArchiveDeployer.deployArtifact(DefaultArchiveDeployer.java:333)
	at org.mule.module.launcher.DefaultArchiveDeployer.deployPackagedArtifact(DefaultArchiveDeployer.java:193)
	at org.mule.module.launcher.DefaultArchiveDeployer.deployPackagedArtifact(DefaultArchiveDeployer.java:282)
	at org.mule.module.launcher.DefaultArchiveDeployer.deployPackagedArtifact(DefaultArchiveDeployer.java:80)
	at org.mule.module.launcher.DefaultArchiveDeployer.deployPackagedArtifact(DefaultArchiveDeployer.java:566)
	at org.mule.module.launcher.DeploymentDirectoryWatcher.deployPackedApps(DeploymentDirectoryWatcher.java:283)
	at org.mule.module.launcher.DeploymentDirectoryWatcher.start(DeploymentDirectoryWatcher.java:155)
	at org.mule.module.launcher.MuleDeploymentService.start(MuleDeploymentService.java:139)
	at org.mule.module.launcher.MuleContainer.start(MuleContainer.java:172)
	at sun.reflect.NativeMethodAccessorImpl.invoke0(Native Method)
	at sun.reflect.NativeMethodAccessorImpl.invoke(NativeMethodAccessorImpl.java:62)
	at sun.reflect.DelegatingMethodAccessorImpl.invoke(DelegatingMethodAccessorImpl.java:43)
	at java.lang.reflect.Method.invoke(Method.java:497)
	at org.mule.tooling.server.application.ApplicationDeployer.main(ApplicationDeployer.java:33)

********************************************************************************

2018-02-25 19:52:58,547 [main] INFO  org.mule.module.launcher.application.DefaultMuleApplication - 
++++++++++++++++++++++++++++++++++++++++++++++++++++++++++++
+ Disposing app '85-rest-webservice-consumer'              +
++++++++++++++++++++++++++++++++++++++++++++++++++++++++++++
2018-02-25 19:52:58,547 [main] INFO  org.mule.construct.FlowConstructLifecycleManager - Stopping flow: 85-rest-webservice-consumerFlow
2018-02-25 19:52:58,547 [main] INFO  org.mule.processor.SedaStageLifecycleManager - Stopping service: 85-rest-webservice-consumerFlow.stage1
2018-02-25 19:52:58,552 [main] INFO  org.mule.lifecycle.AbstractLifecycleManager - Stopping model: _muleSystemModel
2018-02-25 19:52:58,557 [main] INFO  org.mule.util.queue.QueueXaResourceManager - Stopping ResourceManager
2018-02-25 19:52:58,557 [main] INFO  org.mule.util.queue.QueueXaResourceManager - Stopped ResourceManager
2018-02-25 19:52:58,569 [main] ERROR org.mule.DefaultMuleContext - Failed to stop Mule context
org.mule.api.lifecycle.LifecycleException: Failed to invoke lifecycle phase "stop" on object: org.mule.module.http.internal.request.DefaultHttpRequesterConfig@28e94c2
	at org.mule.lifecycle.phases.DefaultLifecyclePhase.applyLifecycle(DefaultLifecyclePhase.java:243) ~[mule-core-3.9.0.jar:3.9.0]
	at org.mule.lifecycle.RegistryLifecycleCallback.doApplyLifecycle(RegistryLifecycleCallback.java:108) ~[mule-core-3.9.0.jar:3.9.0]
	at org.mule.lifecycle.RegistryLifecycleCallback.onTransition(RegistryLifecycleCallback.java:78) ~[mule-core-3.9.0.jar:3.9.0]
	at org.mule.lifecycle.AbstractLifecycleManager.invokePhase(AbstractLifecycleManager.java:146) ~[mule-core-3.9.0.jar:3.9.0]
	at org.mule.lifecycle.RegistryLifecycleManager.fireLifecycle(RegistryLifecycleManager.java:134) ~[mule-core-3.9.0.jar:3.9.0]
	at org.mule.registry.AbstractRegistryBroker.fireLifecycle(AbstractRegistryBroker.java:88) ~[mule-core-3.9.0.jar:3.9.0]
	at org.mule.registry.MuleRegistryHelper.fireLifecycle(MuleRegistryHelper.java:141) ~[mule-core-3.9.0.jar:3.9.0]
	at org.mule.lifecycle.MuleContextLifecycleManager$MuleContextLifecycleCallback.onTransition(MuleContextLifecycleManager.java:74) ~[mule-core-3.9.0.jar:3.9.0]
	at org.mule.lifecycle.MuleContextLifecycleManager$MuleContextLifecycleCallback.onTransition(MuleContextLifecycleManager.java:70) ~[mule-core-3.9.0.jar:3.9.0]
	at org.mule.lifecycle.AbstractLifecycleManager.invokePhase(AbstractLifecycleManager.java:146) ~[mule-core-3.9.0.jar:3.9.0]
	at org.mule.lifecycle.MuleContextLifecycleManager.fireLifecycle(MuleContextLifecycleManager.java:62) ~[mule-core-3.9.0.jar:3.9.0]
	at org.mule.DefaultMuleContext.stop(DefaultMuleContext.java:413) ~[mule-core-3.9.0.jar:3.9.0]
	at org.mule.DefaultMuleContext.dispose(DefaultMuleContext.java:426) ~[mule-core-3.9.0.jar:3.9.0]
	at org.mule.module.launcher.application.DefaultMuleApplication.doDispose(DefaultMuleApplication.java:439) ~[mule-module-launcher-3.9.0.jar:3.9.0]
	at org.mule.module.launcher.application.DefaultMuleApplication.dispose(DefaultMuleApplication.java:324) ~[mule-module-launcher-3.9.0.jar:3.9.0]
	at org.mule.module.launcher.artifact.ArtifactWrapper$1.execute(ArtifactWrapper.java:41) ~[mule-module-launcher-3.9.0.jar:3.9.0]
	at org.mule.module.launcher.artifact.ArtifactWrapper.executeWithinArtifactClassLoader(ArtifactWrapper.java:137) ~[mule-module-launcher-3.9.0.jar:3.9.0]
	at org.mule.module.launcher.artifact.ArtifactWrapper.dispose(ArtifactWrapper.java:36) ~[mule-module-launcher-3.9.0.jar:3.9.0]
	at org.mule.module.launcher.DefaultArtifactDeployer.deploy(DefaultArtifactDeployer.java:77) ~[mule-module-launcher-3.9.0.jar:3.9.0]
	at org.mule.module.launcher.DefaultArchiveDeployer.deployArtifact(DefaultArchiveDeployer.java:536) ~[mule-module-launcher-3.9.0.jar:3.9.0]
	at org.mule.module.launcher.DefaultArchiveDeployer.deployArtifact(DefaultArchiveDeployer.java:333) ~[mule-module-launcher-3.9.0.jar:3.9.0]
	at org.mule.module.launcher.DefaultArchiveDeployer.deployPackagedArtifact(DefaultArchiveDeployer.java:193) ~[mule-module-launcher-3.9.0.jar:3.9.0]
	at org.mule.module.launcher.DefaultArchiveDeployer.deployPackagedArtifact(DefaultArchiveDeployer.java:282) ~[mule-module-launcher-3.9.0.jar:3.9.0]
	at org.mule.module.launcher.DefaultArchiveDeployer.deployPackagedArtifact(DefaultArchiveDeployer.java:80) ~[mule-module-launcher-3.9.0.jar:3.9.0]
	at org.mule.module.launcher.DefaultArchiveDeployer.deployPackagedArtifact(DefaultArchiveDeployer.java:566) ~[mule-module-launcher-3.9.0.jar:3.9.0]
	at org.mule.module.launcher.DeploymentDirectoryWatcher.deployPackedApps(DeploymentDirectoryWatcher.java:283) ~[mule-module-launcher-3.9.0.jar:3.9.0]
	at org.mule.module.launcher.DeploymentDirectoryWatcher.start(DeploymentDirectoryWatcher.java:155) ~[mule-module-launcher-3.9.0.jar:3.9.0]
	at org.mule.module.launcher.MuleDeploymentService.start(MuleDeploymentService.java:139) ~[mule-module-launcher-3.9.0.jar:3.9.0]
	at org.mule.module.launcher.MuleContainer.start(MuleContainer.java:172) ~[mule-module-launcher-3.9.0.jar:3.9.0]
	at sun.reflect.NativeMethodAccessorImpl.invoke0(Native Method) ~[?:1.8.0_45]
	at sun.reflect.NativeMethodAccessorImpl.invoke(NativeMethodAccessorImpl.java:62) ~[?:1.8.0_45]
	at sun.reflect.DelegatingMethodAccessorImpl.invoke(DelegatingMethodAccessorImpl.java:43) ~[?:1.8.0_45]
	at java.lang.reflect.Method.invoke(Method.java:497) ~[?:1.8.0_45]
	at org.mule.tooling.server.application.ApplicationDeployer.main(ApplicationDeployer.java:33) ~[tooling-support-3.9.0.jar:?]
Caused by: java.lang.NullPointerException
	at org.mule.module.http.internal.request.grizzly.GrizzlyHttpClient.stop(GrizzlyHttpClient.java:612) ~[mule-module-http-3.9.0.jar:3.9.0]
	at org.mule.module.http.internal.request.DefaultHttpRequesterConfig.stop(DefaultHttpRequesterConfig.java:155) ~[mule-module-http-3.9.0.jar:3.9.0]
	at sun.reflect.NativeMethodAccessorImpl.invoke0(Native Method) ~[?:1.8.0_45]
	at sun.reflect.NativeMethodAccessorImpl.invoke(NativeMethodAccessorImpl.java:62) ~[?:1.8.0_45]
	at sun.reflect.DelegatingMethodAccessorImpl.invoke(DelegatingMethodAccessorImpl.java:43) ~[?:1.8.0_45]
	at java.lang.reflect.Method.invoke(Method.java:497) ~[?:1.8.0_45]
	at org.mule.lifecycle.phases.DefaultLifecyclePhase.applyLifecycle(DefaultLifecyclePhase.java:230) ~[mule-core-3.9.0.jar:3.9.0]
	... 33 more
2018-02-25 19:52:58,570 [main] INFO  org.mule.lifecycle.AbstractLifecycleManager - Disposing RegistryBroker
2018-02-25 19:52:58,571 [main] INFO  org.mule.construct.FlowConstructLifecycleManager - Disposing flow: 85-rest-webservice-consumerFlow
2018-02-25 19:52:58,571 [main] INFO  org.mule.processor.SedaStageLifecycleManager - Disposing service: 85-rest-webservice-consumerFlow.stage1
2018-02-25 19:52:58,571 [main] INFO  org.mule.lifecycle.AbstractLifecycleManager - Disposing model: _muleSystemModel
2018-02-25 19:52:58,847 [main] INFO  org.mule.config.spring.MuleArtifactContext - Closing org.mule.config.spring.MuleArtifactContext@26a2f7f9: startup date [Sun Feb 25 19:52:50 IST 2018]; root of context hierarchy
2018-02-25 19:52:58,872 [main] INFO  org.mule.DefaultMuleContext - 
**********************************************************************
* Application "85-rest-webservice-consumer" shut down normally on:   *
* 2/25/18 7:52 PM                                                    *
* Up for: 0 days, 0 hours, 0 mins, 0.454 sec                         *
**********************************************************************
2018-04-18 20:00:04,478 [main] INFO  org.mule.module.launcher.application.DefaultMuleApplication - 
++++++++++++++++++++++++++++++++++++++++++++++++++++++++++++
+ Initializing app 'rest-webservice-consumer'              +
++++++++++++++++++++++++++++++++++++++++++++++++++++++++++++
2018-04-18 20:00:06,047 [main] INFO  org.mule.lifecycle.AbstractLifecycleManager - Initialising RegistryBroker
2018-04-18 20:00:06,726 [main] INFO  org.mule.module.extension.internal.manager.DefaultExtensionManager - Starting discovery of extensions
2018-04-18 20:00:07,505 [main] INFO  org.mule.module.extension.internal.manager.DefaultExtensionManager - Discovered 1 extensions
2018-04-18 20:00:07,505 [main] INFO  org.mule.module.extension.internal.manager.DefaultExtensionManager - Registering extension validation (version 3.9)
2018-04-18 20:00:08,633 [main] INFO  org.mule.config.spring.MuleArtifactContext - Refreshing org.mule.config.spring.MuleArtifactContext@f2ce6b: startup date [Wed Apr 18 20:00:08 IST 2018]; root of context hierarchy
2018-04-18 20:00:15,051 [main] INFO  org.mule.config.spring.processors.NoDevkitInjectorProcessor - JSR-330 'javax.inject.Inject' annotation found and supported for autowiring
2018-04-18 20:00:19,745 [main] WARN  org.mule.module.ognl.expression.OgnlExpressionEvaluator - OGNL module is deprecated and will be removed in Mule 4.0. Use MEL expressions instead.
2018-04-18 20:00:22,190 [main] INFO  org.mule.util.journal.TransactionJournal - Using files for tx logs F:\workspace_mulesoft1\.mule\.\.mule\rest-webservice-consumer\queue-tx-log\tx1.log and F:\workspace_mulesoft1\.mule\.\.mule\rest-webservice-consumer\queue-tx-log\tx2.log
2018-04-18 20:00:22,224 [main] INFO  org.mule.util.journal.TransactionJournal - Using files for tx logs F:\workspace_mulesoft1\.mule\.\.mule\rest-webservice-consumer\queue-xa-tx-log\tx1.log and F:\workspace_mulesoft1\.mule\.\.mule\rest-webservice-consumer\queue-xa-tx-log\tx2.log
2018-04-18 20:00:22,704 [main] INFO  org.mule.lifecycle.AbstractLifecycleManager - Initialising model: _muleSystemModel
2018-04-18 20:00:22,714 [main] INFO  org.mule.construct.FlowConstructLifecycleManager - Initialising flow: 85-rest-webservice-consumerFlow
2018-04-18 20:00:22,714 [main] INFO  org.mule.exception.DefaultMessagingExceptionStrategy - Initialising exception listener: org.mule.exception.DefaultMessagingExceptionStrategy@58601e7a
2018-04-18 20:00:22,868 [main] INFO  org.mule.processor.SedaStageLifecycleManager - Initialising service: 85-rest-webservice-consumerFlow.stage1
2018-04-18 20:00:24,144 [main] INFO  org.mule.config.spring.SpringXmlConfigurationBuilder - Configured Mule using "org.mule.config.spring.SpringXmlConfigurationBuilder" with configuration resource(s): "[ConfigResource{resourceName='F:\workspace_mulesoft1\.mule\apps\rest-webservice-consumer\85-rest-webservice-consumer.xml'}]"
2018-04-18 20:00:24,144 [main] INFO  org.mule.config.builders.AutoConfigurationBuilder - Configured Mule using "org.mule.config.builders.AutoConfigurationBuilder" with configuration resource(s): "[ConfigResource{resourceName='F:\workspace_mulesoft1\.mule\apps\rest-webservice-consumer\85-rest-webservice-consumer.xml'}]"
2018-04-18 20:00:24,160 [main] INFO  org.mule.module.launcher.application.DefaultMuleApplication - 
++++++++++++++++++++++++++++++++++++++++++++++++++++++++++++
+ Starting app 'rest-webservice-consumer'                  +
++++++++++++++++++++++++++++++++++++++++++++++++++++++++++++
2018-04-18 20:00:24,166 [main] INFO  org.mule.util.queue.QueueXaResourceManager - Starting ResourceManager
2018-04-18 20:00:24,166 [main] INFO  org.mule.util.queue.QueueXaResourceManager - Started ResourceManager
2018-04-18 20:00:24,373 [main] INFO  org.mule.module.http.internal.listener.DefaultHttpListenerConfig - Listening for requests on http://0.0.0.0:8083
2018-04-18 20:00:24,381 [main] INFO  org.mule.modules.oauth2.provider.agents.DefaultSplashScreenAgent - 
++++++++++++++++++++++++++++++++++++++++++++++++++++++++++++++++++++++++++++++++
+ DevKit Extensions (0) used in this application 
                             +
++++++++++++++++++++++++++++++++++++++++++++++++++++++++++++++++++++++++++++++++
2018-04-18 20:00:24,383 [main] INFO  org.mule.lifecycle.AbstractLifecycleManager - Starting model: _muleSystemModel
2018-04-18 20:00:24,387 [main] INFO  org.mule.construct.FlowConstructLifecycleManager - Starting flow: 85-rest-webservice-consumerFlow
2018-04-18 20:00:24,389 [main] INFO  org.mule.processor.SedaStageLifecycleManager - Starting service: 85-rest-webservice-consumerFlow.stage1
2018-04-18 20:00:25,812 [main] INFO  org.mule.module.management.agent.WrapperManagerAgent - This JVM hasn't been launched by the wrapper, the agent will not run.
2018-04-18 20:00:30,471 [main] INFO  org.mule.DefaultMuleContext - 
**********************************************************************
* Application: rest-webservice-consumer                              *
* OS encoding: \, Mule encoding: UTF-8                               *
*                                                                    *
* Agents Running:                                                    *
*   Batch module default engine                                      *
*   JMX Agent                                                        *
*   DevKit Extension Information                                     *
*   Wrapper Manager                                                  *
**********************************************************************
2018-04-21 17:19:03,559 [Mule.app.deployer.monitor.1.thread.1] INFO  org.mule.module.launcher.application.DefaultMuleApplication - 
++++++++++++++++++++++++++++++++++++++++++++++++++++++++++++
+ Stopping app 'rest-webservice-consumer'                  +
++++++++++++++++++++++++++++++++++++++++++++++++++++++++++++
2018-04-21 17:19:03,654 [Mule.app.deployer.monitor.1.thread.1] INFO  org.mule.construct.FlowConstructLifecycleManager - Stopping flow: 85-rest-webservice-consumerFlow
2018-04-21 17:19:03,659 [Mule.app.deployer.monitor.1.thread.1] INFO  org.mule.processor.SedaStageLifecycleManager - Stopping service: 85-rest-webservice-consumerFlow.stage1
2018-04-21 17:19:03,859 [Mule.app.deployer.monitor.1.thread.1] INFO  org.mule.lifecycle.AbstractLifecycleManager - Stopping model: _muleSystemModel
2018-04-21 17:19:03,914 [Mule.app.deployer.monitor.1.thread.1] INFO  org.mule.module.http.internal.listener.DefaultHttpListenerConfig - Stopped listener on http://0.0.0.0:8083
2018-04-21 17:19:03,920 [Mule.app.deployer.monitor.1.thread.1] INFO  org.mule.util.queue.QueueXaResourceManager - Stopping ResourceManager
2018-04-21 17:19:03,920 [Mule.app.deployer.monitor.1.thread.1] INFO  org.mule.util.queue.QueueXaResourceManager - Stopped ResourceManager
2018-04-21 17:19:03,944 [Mule.app.deployer.monitor.1.thread.1] INFO  org.mule.module.launcher.application.DefaultMuleApplication - 
++++++++++++++++++++++++++++++++++++++++++++++++++++++++++++
+ Disposing app 'rest-webservice-consumer'                 +
++++++++++++++++++++++++++++++++++++++++++++++++++++++++++++
2018-04-21 17:19:04,099 [Mule.app.deployer.monitor.1.thread.1] INFO  org.mule.lifecycle.AbstractLifecycleManager - Disposing RegistryBroker
2018-04-21 17:19:04,154 [Mule.app.deployer.monitor.1.thread.1] INFO  org.mule.construct.FlowConstructLifecycleManager - Disposing flow: 85-rest-webservice-consumerFlow
2018-04-21 17:19:04,159 [Mule.app.deployer.monitor.1.thread.1] INFO  org.mule.processor.SedaStageLifecycleManager - Disposing service: 85-rest-webservice-consumerFlow.stage1
2018-04-21 17:19:04,164 [Mule.app.deployer.monitor.1.thread.1] INFO  org.mule.lifecycle.AbstractLifecycleManager - Disposing model: _muleSystemModel
2018-04-21 17:19:04,660 [Mule.app.deployer.monitor.1.thread.1] INFO  org.mule.config.spring.MuleArtifactContext - Closing org.mule.config.spring.MuleArtifactContext@f2ce6b: startup date [Wed Apr 18 20:00:08 IST 2018]; root of context hierarchy
2018-04-21 17:19:04,710 [Mule.app.deployer.monitor.1.thread.1] INFO  org.mule.DefaultMuleContext - 
**********************************************************************
* Application "rest-webservice-consumer" shut down normally on:      *
* 4/21/18 5:19 PM                                                    *
* Up for: 2 days, 21 hours, 18 mins, 40.505 sec                      *
**********************************************************************
2018-04-21 17:19:05,281 [Mule.app.deployer.monitor.1.thread.1] INFO  org.mule.module.launcher.application.DefaultMuleApplication - 
++++++++++++++++++++++++++++++++++++++++++++++++++++++++++++
+ Initializing app 'rest-webservice-consumer'              +
++++++++++++++++++++++++++++++++++++++++++++++++++++++++++++
2018-04-21 17:19:05,336 [Mule.app.deployer.monitor.1.thread.1] INFO  org.mule.lifecycle.AbstractLifecycleManager - Initialising RegistryBroker
2018-04-21 17:19:05,434 [Mule.app.deployer.monitor.1.thread.1] INFO  org.mule.module.extension.internal.manager.DefaultExtensionManager - Starting discovery of extensions
2018-04-21 17:19:05,471 [Mule.app.deployer.monitor.1.thread.1] INFO  org.mule.module.extension.internal.manager.DefaultExtensionManager - Discovered 1 extensions
2018-04-21 17:19:05,471 [Mule.app.deployer.monitor.1.thread.1] INFO  org.mule.module.extension.internal.manager.DefaultExtensionManager - Registering extension validation (version 3.9)
2018-04-21 17:19:05,476 [Mule.app.deployer.monitor.1.thread.1] INFO  org.mule.config.spring.MuleArtifactContext - Refreshing org.mule.config.spring.MuleArtifactContext@72665250: startup date [Sat Apr 21 17:19:05 IST 2018]; root of context hierarchy
2018-04-21 17:19:06,659 [Mule.app.deployer.monitor.1.thread.1] INFO  org.mule.config.spring.processors.NoDevkitInjectorProcessor - JSR-330 'javax.inject.Inject' annotation found and supported for autowiring
2018-04-21 17:19:07,057 [Mule.app.deployer.monitor.1.thread.1] INFO  org.mule.util.journal.TransactionJournal - Using files for tx logs F:\workspace_mulesoft1\.mule\.\.mule\rest-webservice-consumer\queue-tx-log\tx1.log and F:\workspace_mulesoft1\.mule\.\.mule\rest-webservice-consumer\queue-tx-log\tx2.log
2018-04-21 17:19:07,117 [Mule.app.deployer.monitor.1.thread.1] INFO  org.mule.util.journal.TransactionJournal - Using files for tx logs F:\workspace_mulesoft1\.mule\.\.mule\rest-webservice-consumer\queue-xa-tx-log\tx1.log and F:\workspace_mulesoft1\.mule\.\.mule\rest-webservice-consumer\queue-xa-tx-log\tx2.log
2018-04-21 17:19:07,162 [Mule.app.deployer.monitor.1.thread.1] INFO  org.mule.lifecycle.AbstractLifecycleManager - Initialising model: _muleSystemModel
2018-04-21 17:19:07,167 [Mule.app.deployer.monitor.1.thread.1] INFO  org.mule.construct.FlowConstructLifecycleManager - Initialising flow: 85-rest-webservice-consumerFlow
2018-04-21 17:19:07,167 [Mule.app.deployer.monitor.1.thread.1] INFO  org.mule.exception.DefaultMessagingExceptionStrategy - Initialising exception listener: org.mule.exception.DefaultMessagingExceptionStrategy@144f0f86
2018-04-21 17:19:07,180 [Mule.app.deployer.monitor.1.thread.1] INFO  org.mule.processor.SedaStageLifecycleManager - Initialising service: 85-rest-webservice-consumerFlow.stage1
2018-04-21 17:19:07,252 [Mule.app.deployer.monitor.1.thread.1] INFO  org.mule.config.spring.SpringXmlConfigurationBuilder - Configured Mule using "org.mule.config.spring.SpringXmlConfigurationBuilder" with configuration resource(s): "[ConfigResource{resourceName='F:\workspace_mulesoft1\.mule\apps\rest-webservice-consumer\85-rest-webservice-consumer.xml'}]"
2018-04-21 17:19:07,252 [Mule.app.deployer.monitor.1.thread.1] INFO  org.mule.config.builders.AutoConfigurationBuilder - Configured Mule using "org.mule.config.builders.AutoConfigurationBuilder" with configuration resource(s): "[ConfigResource{resourceName='F:\workspace_mulesoft1\.mule\apps\rest-webservice-consumer\85-rest-webservice-consumer.xml'}]"
2018-04-21 17:19:07,257 [Mule.app.deployer.monitor.1.thread.1] INFO  org.mule.module.launcher.application.DefaultMuleApplication - 
++++++++++++++++++++++++++++++++++++++++++++++++++++++++++++
+ Starting app 'rest-webservice-consumer'                  +
++++++++++++++++++++++++++++++++++++++++++++++++++++++++++++
2018-04-21 17:19:07,262 [Mule.app.deployer.monitor.1.thread.1] INFO  org.mule.util.queue.QueueXaResourceManager - Starting ResourceManager
2018-04-21 17:19:07,262 [Mule.app.deployer.monitor.1.thread.1] INFO  org.mule.util.queue.QueueXaResourceManager - Started ResourceManager
2018-04-21 17:19:07,302 [Mule.app.deployer.monitor.1.thread.1] INFO  org.mule.module.http.internal.listener.DefaultHttpListenerConfig - Listening for requests on http://0.0.0.0:8083
2018-04-21 17:19:07,307 [Mule.app.deployer.monitor.1.thread.1] INFO  org.mule.modules.oauth2.provider.agents.DefaultSplashScreenAgent - 
++++++++++++++++++++++++++++++++++++++++++++++++++++++++++++++++++++++++++++++++
+ DevKit Extensions (0) used in this application 
                             +
++++++++++++++++++++++++++++++++++++++++++++++++++++++++++++++++++++++++++++++++
2018-04-21 17:19:07,312 [Mule.app.deployer.monitor.1.thread.1] INFO  org.mule.lifecycle.AbstractLifecycleManager - Starting model: _muleSystemModel
2018-04-21 17:19:07,312 [Mule.app.deployer.monitor.1.thread.1] INFO  org.mule.construct.FlowConstructLifecycleManager - Starting flow: 85-rest-webservice-consumerFlow
2018-04-21 17:19:07,312 [Mule.app.deployer.monitor.1.thread.1] INFO  org.mule.processor.SedaStageLifecycleManager - Starting service: 85-rest-webservice-consumerFlow.stage1
2018-04-21 17:19:07,472 [Mule.app.deployer.monitor.1.thread.1] INFO  org.mule.module.management.agent.WrapperManagerAgent - This JVM hasn't been launched by the wrapper, the agent will not run.
2018-04-21 17:19:07,487 [Mule.app.deployer.monitor.1.thread.1] INFO  org.mule.DefaultMuleContext - 
**********************************************************************
* Application: rest-webservice-consumer                              *
* OS encoding: \, Mule encoding: UTF-8                               *
*                                                                    *
* Agents Running:                                                    *
*   Batch module default engine                                      *
*   JMX Agent                                                        *
*   DevKit Extension Information                                     *
*   Wrapper Manager                                                  *
**********************************************************************
