2017-11-30 15:32:31,271 [main] INFO  org.mule.module.launcher.application.DefaultMuleApplication - 
++++++++++++++++++++++++++++++++++++++++++++++++++++++++++++
+ Initializing app '97-cache_management_app'               +
++++++++++++++++++++++++++++++++++++++++++++++++++++++++++++
2017-11-30 15:32:31,761 [main] INFO  org.mule.lifecycle.AbstractLifecycleManager - Initialising RegistryBroker
2017-11-30 15:32:32,081 [main] INFO  org.mule.module.extension.internal.manager.DefaultExtensionManager - Starting discovery of extensions
2017-11-30 15:32:32,353 [main] INFO  org.mule.module.extension.internal.manager.DefaultExtensionManager - Discovered 1 extensions
2017-11-30 15:32:32,355 [main] INFO  org.mule.module.extension.internal.manager.DefaultExtensionManager - Registering extension validation (version 3.9)
2017-11-30 15:32:32,902 [main] INFO  org.mule.config.spring.MuleArtifactContext - Refreshing org.mule.config.spring.MuleArtifactContext@39e67516: startup date [Thu Nov 30 15:32:32 IST 2017]; root of context hierarchy
2017-11-30 15:32:36,304 [main] INFO  org.mule.config.spring.processors.NoDevkitInjectorProcessor - JSR-330 'javax.inject.Inject' annotation found and supported for autowiring
2017-11-30 15:32:38,037 [main] WARN  org.mule.module.ognl.expression.OgnlExpressionEvaluator - OGNL module is deprecated and will be removed in Mule 4.0. Use MEL expressions instead.
2017-11-30 15:32:39,490 [main] INFO  org.mule.util.journal.TransactionJournal - Using files for tx logs F:\workspace_mulesoft1\.mule\.\.mule\97-cache_management_app\queue-tx-log\tx1.log and F:\workspace_mulesoft1\.mule\.\.mule\97-cache_management_app\queue-tx-log\tx2.log
2017-11-30 15:32:39,535 [main] INFO  org.mule.util.journal.TransactionJournal - Using files for tx logs F:\workspace_mulesoft1\.mule\.\.mule\97-cache_management_app\queue-xa-tx-log\tx1.log and F:\workspace_mulesoft1\.mule\.\.mule\97-cache_management_app\queue-xa-tx-log\tx2.log
2017-11-30 15:32:40,065 [main] INFO  org.mule.lifecycle.AbstractLifecycleManager - Initialising model: _muleSystemModel
2017-11-30 15:32:40,073 [main] INFO  org.mule.construct.FlowConstructLifecycleManager - Initialising flow: 97-cache_management_appFlow
2017-11-30 15:32:40,074 [main] INFO  org.mule.exception.DefaultMessagingExceptionStrategy - Initialising exception listener: org.mule.exception.DefaultMessagingExceptionStrategy@6793f752
2017-11-30 15:32:40,136 [main] INFO  org.mule.processor.SedaStageLifecycleManager - Initialising service: 97-cache_management_appFlow.stage1
2017-11-30 15:32:40,747 [main] INFO  org.mule.config.spring.SpringXmlConfigurationBuilder - Configured Mule using "org.mule.config.spring.SpringXmlConfigurationBuilder" with configuration resource(s): "[ConfigResource{resourceName='F:\workspace_mulesoft1\.mule\apps\97-cache_management_app\97-cache_management_app.xml'}]"
2017-11-30 15:32:40,747 [main] INFO  org.mule.config.builders.AutoConfigurationBuilder - Configured Mule using "org.mule.config.builders.AutoConfigurationBuilder" with configuration resource(s): "[ConfigResource{resourceName='F:\workspace_mulesoft1\.mule\apps\97-cache_management_app\97-cache_management_app.xml'}]"
2017-11-30 15:32:40,758 [main] INFO  org.mule.module.launcher.application.DefaultMuleApplication - 
++++++++++++++++++++++++++++++++++++++++++++++++++++++++++++
+ Starting app '97-cache_management_app'                   +
++++++++++++++++++++++++++++++++++++++++++++++++++++++++++++
2017-11-30 15:32:40,762 [main] INFO  org.mule.util.queue.QueueXaResourceManager - Starting ResourceManager
2017-11-30 15:32:40,762 [main] INFO  org.mule.util.queue.QueueXaResourceManager - Started ResourceManager
2017-11-30 15:32:40,856 [main] INFO  org.mule.module.http.internal.listener.DefaultHttpListenerConfig - Listening for requests on http://0.0.0.0:8083
2017-11-30 15:32:40,861 [main] INFO  org.mule.modules.oauth2.provider.agents.DefaultSplashScreenAgent - 
++++++++++++++++++++++++++++++++++++++++++++++++++++++++++++++++++++++++++++++++
+ DevKit Extensions (0) used in this application 
                             +
++++++++++++++++++++++++++++++++++++++++++++++++++++++++++++++++++++++++++++++++
2017-11-30 15:32:40,863 [main] INFO  org.mule.lifecycle.AbstractLifecycleManager - Starting model: _muleSystemModel
2017-11-30 15:32:40,865 [main] INFO  org.mule.construct.FlowConstructLifecycleManager - Starting flow: 97-cache_management_appFlow
2017-11-30 15:32:40,866 [main] INFO  org.mule.processor.SedaStageLifecycleManager - Starting service: 97-cache_management_appFlow.stage1
2017-11-30 15:32:40,956 [main] INFO  org.mule.module.management.agent.WrapperManagerAgent - This JVM hasn't been launched by the wrapper, the agent will not run.
2017-11-30 15:32:41,001 [main] INFO  org.mule.DefaultMuleContext - 
**********************************************************************
* Application: 97-cache_management_app                               *
* OS encoding: \, Mule encoding: UTF-8                               *
*                                                                    *
* Agents Running:                                                    *
*   Batch module default engine                                      *
*   JMX Agent                                                        *
*   DevKit Extension Information                                     *
*   Wrapper Manager                                                  *
**********************************************************************
2017-11-30 15:32:46,410 [[97-cache_management_app].HTTP_Listener_Configuration.worker.01] WARN  com.mulesoft.mule.cache.ObjectStoreCachingStrategy - Message will be processed without cache: payload is consumable
2017-11-30 15:32:46,433 [[97-cache_management_app].HTTP_Listener_Configuration.worker.01] INFO  org.mule.api.processor.LoggerMessageProcessor - org.glassfish.grizzly.utils.BufferInputStream@fba10bc
2017-11-30 15:33:00,764 [[97-cache_management_app].HTTP_Listener_Configuration.worker.01] WARN  com.mulesoft.mule.cache.ObjectStoreCachingStrategy - Message will be processed without cache: payload is consumable
2017-11-30 15:33:07,145 [[97-cache_management_app].HTTP_Listener_Configuration.worker.01] INFO  org.mule.api.processor.LoggerMessageProcessor - org.glassfish.grizzly.utils.BufferInputStream@44dd7ec6
2017-11-30 15:37:51,246 [Mule.app.deployer.monitor.1.thread.1] INFO  org.mule.module.launcher.application.DefaultMuleApplication - 
++++++++++++++++++++++++++++++++++++++++++++++++++++++++++++
+ Stopping app '97-cache_management_app'                   +
++++++++++++++++++++++++++++++++++++++++++++++++++++++++++++
2017-11-30 15:37:51,255 [Mule.app.deployer.monitor.1.thread.1] INFO  org.mule.construct.FlowConstructLifecycleManager - Stopping flow: 97-cache_management_appFlow
2017-11-30 15:37:51,259 [Mule.app.deployer.monitor.1.thread.1] INFO  org.mule.processor.SedaStageLifecycleManager - Stopping service: 97-cache_management_appFlow.stage1
2017-11-30 15:37:51,286 [Mule.app.deployer.monitor.1.thread.1] INFO  org.mule.lifecycle.AbstractLifecycleManager - Stopping model: _muleSystemModel
2017-11-30 15:37:51,300 [Mule.app.deployer.monitor.1.thread.1] INFO  org.mule.module.http.internal.listener.DefaultHttpListenerConfig - Stopped listener on http://0.0.0.0:8083
2017-11-30 15:37:51,303 [Mule.app.deployer.monitor.1.thread.1] INFO  org.mule.util.queue.QueueXaResourceManager - Stopping ResourceManager
2017-11-30 15:37:51,304 [Mule.app.deployer.monitor.1.thread.1] INFO  org.mule.util.queue.QueueXaResourceManager - Stopped ResourceManager
2017-11-30 15:37:51,313 [Mule.app.deployer.monitor.1.thread.1] INFO  org.mule.module.launcher.application.DefaultMuleApplication - 
++++++++++++++++++++++++++++++++++++++++++++++++++++++++++++
+ Disposing app '97-cache_management_app'                  +
++++++++++++++++++++++++++++++++++++++++++++++++++++++++++++
2017-11-30 15:37:51,315 [Mule.app.deployer.monitor.1.thread.1] INFO  org.mule.lifecycle.AbstractLifecycleManager - Disposing RegistryBroker
2017-11-30 15:37:51,317 [Mule.app.deployer.monitor.1.thread.1] INFO  org.mule.construct.FlowConstructLifecycleManager - Disposing flow: 97-cache_management_appFlow
2017-11-30 15:37:51,318 [Mule.app.deployer.monitor.1.thread.1] INFO  org.mule.processor.SedaStageLifecycleManager - Disposing service: 97-cache_management_appFlow.stage1
2017-11-30 15:37:51,323 [Mule.app.deployer.monitor.1.thread.1] INFO  org.mule.lifecycle.AbstractLifecycleManager - Disposing model: _muleSystemModel
2017-11-30 15:37:51,572 [Mule.app.deployer.monitor.1.thread.1] INFO  org.mule.config.spring.MuleArtifactContext - Closing org.mule.config.spring.MuleArtifactContext@39e67516: startup date [Thu Nov 30 15:32:32 IST 2017]; root of context hierarchy
2017-11-30 15:37:51,584 [Mule.app.deployer.monitor.1.thread.1] INFO  org.mule.DefaultMuleContext - 
**********************************************************************
* Application "97-cache_management_app" shut down normally on:       *
* 11/30/17 3:37 PM                                                   *
* Up for: 0 days, 0 hours, 5 mins, 10.822 sec                        *
**********************************************************************
2017-11-30 15:37:51,795 [Mule.app.deployer.monitor.1.thread.1] INFO  org.mule.module.launcher.application.DefaultMuleApplication - 
++++++++++++++++++++++++++++++++++++++++++++++++++++++++++++
+ Initializing app '97-cache_management_app'               +
++++++++++++++++++++++++++++++++++++++++++++++++++++++++++++
2017-11-30 15:37:51,811 [Mule.app.deployer.monitor.1.thread.1] INFO  org.mule.lifecycle.AbstractLifecycleManager - Initialising RegistryBroker
2017-11-30 15:37:51,822 [Mule.app.deployer.monitor.1.thread.1] INFO  org.mule.module.extension.internal.manager.DefaultExtensionManager - Starting discovery of extensions
2017-11-30 15:37:51,846 [Mule.app.deployer.monitor.1.thread.1] INFO  org.mule.module.extension.internal.manager.DefaultExtensionManager - Discovered 1 extensions
2017-11-30 15:37:51,846 [Mule.app.deployer.monitor.1.thread.1] INFO  org.mule.module.extension.internal.manager.DefaultExtensionManager - Registering extension validation (version 3.9)
2017-11-30 15:37:51,850 [Mule.app.deployer.monitor.1.thread.1] INFO  org.mule.config.spring.MuleArtifactContext - Refreshing org.mule.config.spring.MuleArtifactContext@53ed342d: startup date [Thu Nov 30 15:37:51 IST 2017]; root of context hierarchy
2017-11-30 15:37:52,494 [Mule.app.deployer.monitor.1.thread.1] INFO  org.mule.config.spring.processors.NoDevkitInjectorProcessor - JSR-330 'javax.inject.Inject' annotation found and supported for autowiring
2017-11-30 15:37:52,783 [Mule.app.deployer.monitor.1.thread.1] INFO  org.mule.util.journal.TransactionJournal - Using files for tx logs F:\workspace_mulesoft1\.mule\.\.mule\97-cache_management_app\queue-tx-log\tx1.log and F:\workspace_mulesoft1\.mule\.\.mule\97-cache_management_app\queue-tx-log\tx2.log
2017-11-30 15:37:52,789 [Mule.app.deployer.monitor.1.thread.1] INFO  org.mule.util.journal.TransactionJournal - Using files for tx logs F:\workspace_mulesoft1\.mule\.\.mule\97-cache_management_app\queue-xa-tx-log\tx1.log and F:\workspace_mulesoft1\.mule\.\.mule\97-cache_management_app\queue-xa-tx-log\tx2.log
2017-11-30 15:37:52,819 [Mule.app.deployer.monitor.1.thread.1] INFO  org.mule.lifecycle.AbstractLifecycleManager - Initialising model: _muleSystemModel
2017-11-30 15:37:52,823 [Mule.app.deployer.monitor.1.thread.1] INFO  org.mule.construct.FlowConstructLifecycleManager - Initialising flow: 97-cache_management_appFlow
2017-11-30 15:37:52,825 [Mule.app.deployer.monitor.1.thread.1] INFO  org.mule.exception.DefaultMessagingExceptionStrategy - Initialising exception listener: org.mule.exception.DefaultMessagingExceptionStrategy@783646ad
2017-11-30 15:37:52,844 [Mule.app.deployer.monitor.1.thread.1] INFO  org.mule.processor.SedaStageLifecycleManager - Initialising service: 97-cache_management_appFlow.stage1
2017-11-30 15:37:52,926 [Mule.app.deployer.monitor.1.thread.1] INFO  org.mule.config.spring.SpringXmlConfigurationBuilder - Configured Mule using "org.mule.config.spring.SpringXmlConfigurationBuilder" with configuration resource(s): "[ConfigResource{resourceName='F:\workspace_mulesoft1\.mule\apps\97-cache_management_app\97-cache_management_app.xml'}]"
2017-11-30 15:37:52,935 [Mule.app.deployer.monitor.1.thread.1] INFO  org.mule.config.builders.AutoConfigurationBuilder - Configured Mule using "org.mule.config.builders.AutoConfigurationBuilder" with configuration resource(s): "[ConfigResource{resourceName='F:\workspace_mulesoft1\.mule\apps\97-cache_management_app\97-cache_management_app.xml'}]"
2017-11-30 15:37:52,938 [Mule.app.deployer.monitor.1.thread.1] INFO  org.mule.module.launcher.application.DefaultMuleApplication - 
++++++++++++++++++++++++++++++++++++++++++++++++++++++++++++
+ Starting app '97-cache_management_app'                   +
++++++++++++++++++++++++++++++++++++++++++++++++++++++++++++
2017-11-30 15:37:52,943 [Mule.app.deployer.monitor.1.thread.1] INFO  org.mule.util.queue.QueueXaResourceManager - Starting ResourceManager
2017-11-30 15:37:52,943 [Mule.app.deployer.monitor.1.thread.1] INFO  org.mule.util.queue.QueueXaResourceManager - Started ResourceManager
2017-11-30 15:37:52,961 [Mule.app.deployer.monitor.1.thread.1] INFO  org.mule.module.http.internal.listener.DefaultHttpListenerConfig - Listening for requests on http://0.0.0.0:8083
2017-11-30 15:37:52,965 [Mule.app.deployer.monitor.1.thread.1] INFO  org.mule.modules.oauth2.provider.agents.DefaultSplashScreenAgent - 
++++++++++++++++++++++++++++++++++++++++++++++++++++++++++++++++++++++++++++++++
+ DevKit Extensions (0) used in this application 
                             +
++++++++++++++++++++++++++++++++++++++++++++++++++++++++++++++++++++++++++++++++
2017-11-30 15:37:52,966 [Mule.app.deployer.monitor.1.thread.1] INFO  org.mule.lifecycle.AbstractLifecycleManager - Starting model: _muleSystemModel
2017-11-30 15:37:52,968 [Mule.app.deployer.monitor.1.thread.1] INFO  org.mule.construct.FlowConstructLifecycleManager - Starting flow: 97-cache_management_appFlow
2017-11-30 15:37:52,968 [Mule.app.deployer.monitor.1.thread.1] INFO  org.mule.processor.SedaStageLifecycleManager - Starting service: 97-cache_management_appFlow.stage1
2017-11-30 15:37:52,987 [Mule.app.deployer.monitor.1.thread.1] INFO  org.mule.module.management.agent.WrapperManagerAgent - This JVM hasn't been launched by the wrapper, the agent will not run.
2017-11-30 15:37:52,997 [Mule.app.deployer.monitor.1.thread.1] INFO  org.mule.DefaultMuleContext - 
**********************************************************************
* Application: 97-cache_management_app                               *
* OS encoding: \, Mule encoding: UTF-8                               *
*                                                                    *
* Agents Running:                                                    *
*   Batch module default engine                                      *
*   JMX Agent                                                        *
*   DevKit Extension Information                                     *
*   Wrapper Manager                                                  *
**********************************************************************
2017-11-30 15:39:53,081 [Mule.app.deployer.monitor.1.thread.1] INFO  org.mule.module.launcher.application.DefaultMuleApplication - 
++++++++++++++++++++++++++++++++++++++++++++++++++++++++++++
+ Stopping app '97-cache_management_app'                   +
++++++++++++++++++++++++++++++++++++++++++++++++++++++++++++
2017-11-30 15:39:53,084 [Mule.app.deployer.monitor.1.thread.1] INFO  org.mule.construct.FlowConstructLifecycleManager - Stopping flow: 97-cache_management_appFlow
2017-11-30 15:39:53,084 [Mule.app.deployer.monitor.1.thread.1] INFO  org.mule.processor.SedaStageLifecycleManager - Stopping service: 97-cache_management_appFlow.stage1
2017-11-30 15:39:53,216 [Mule.app.deployer.monitor.1.thread.1] INFO  org.mule.lifecycle.AbstractLifecycleManager - Stopping model: _muleSystemModel
2017-11-30 15:39:53,226 [Mule.app.deployer.monitor.1.thread.1] INFO  org.mule.module.http.internal.listener.DefaultHttpListenerConfig - Stopped listener on http://0.0.0.0:8083
2017-11-30 15:39:53,232 [Mule.app.deployer.monitor.1.thread.1] INFO  org.mule.util.queue.QueueXaResourceManager - Stopping ResourceManager
2017-11-30 15:39:53,232 [Mule.app.deployer.monitor.1.thread.1] INFO  org.mule.util.queue.QueueXaResourceManager - Stopped ResourceManager
2017-11-30 15:39:53,241 [Mule.app.deployer.monitor.1.thread.1] INFO  org.mule.module.launcher.application.DefaultMuleApplication - 
++++++++++++++++++++++++++++++++++++++++++++++++++++++++++++
+ Disposing app '97-cache_management_app'                  +
++++++++++++++++++++++++++++++++++++++++++++++++++++++++++++
2017-11-30 15:39:53,241 [Mule.app.deployer.monitor.1.thread.1] INFO  org.mule.lifecycle.AbstractLifecycleManager - Disposing RegistryBroker
2017-11-30 15:39:53,244 [Mule.app.deployer.monitor.1.thread.1] INFO  org.mule.construct.FlowConstructLifecycleManager - Disposing flow: 97-cache_management_appFlow
2017-11-30 15:39:53,247 [Mule.app.deployer.monitor.1.thread.1] INFO  org.mule.processor.SedaStageLifecycleManager - Disposing service: 97-cache_management_appFlow.stage1
2017-11-30 15:39:53,251 [Mule.app.deployer.monitor.1.thread.1] INFO  org.mule.lifecycle.AbstractLifecycleManager - Disposing model: _muleSystemModel
2017-11-30 15:39:53,354 [Mule.app.deployer.monitor.1.thread.1] INFO  org.mule.config.spring.MuleArtifactContext - Closing org.mule.config.spring.MuleArtifactContext@53ed342d: startup date [Thu Nov 30 15:37:51 IST 2017]; root of context hierarchy
2017-11-30 15:39:53,419 [Mule.app.deployer.monitor.1.thread.1] INFO  org.mule.DefaultMuleContext - 
**********************************************************************
* Application "97-cache_management_app" shut down normally on:       *
* 11/30/17 3:39 PM                                                   *
* Up for: 0 days, 0 hours, 2 mins, 0.476 sec                         *
**********************************************************************
2017-11-30 15:39:53,639 [Mule.app.deployer.monitor.1.thread.1] INFO  org.mule.module.launcher.application.DefaultMuleApplication - 
++++++++++++++++++++++++++++++++++++++++++++++++++++++++++++
+ Initializing app '97-cache_management_app'               +
++++++++++++++++++++++++++++++++++++++++++++++++++++++++++++
2017-11-30 15:39:53,658 [Mule.app.deployer.monitor.1.thread.1] INFO  org.mule.lifecycle.AbstractLifecycleManager - Initialising RegistryBroker
2017-11-30 15:39:53,674 [Mule.app.deployer.monitor.1.thread.1] INFO  org.mule.module.extension.internal.manager.DefaultExtensionManager - Starting discovery of extensions
2017-11-30 15:39:53,705 [Mule.app.deployer.monitor.1.thread.1] INFO  org.mule.module.extension.internal.manager.DefaultExtensionManager - Discovered 1 extensions
2017-11-30 15:39:53,709 [Mule.app.deployer.monitor.1.thread.1] INFO  org.mule.module.extension.internal.manager.DefaultExtensionManager - Registering extension validation (version 3.9)
2017-11-30 15:39:53,715 [Mule.app.deployer.monitor.1.thread.1] INFO  org.mule.config.spring.MuleArtifactContext - Refreshing org.mule.config.spring.MuleArtifactContext@39f8607: startup date [Thu Nov 30 15:39:53 IST 2017]; root of context hierarchy
2017-11-30 15:39:54,318 [Mule.app.deployer.monitor.1.thread.1] INFO  org.mule.config.spring.processors.NoDevkitInjectorProcessor - JSR-330 'javax.inject.Inject' annotation found and supported for autowiring
2017-11-30 15:39:54,540 [Mule.app.deployer.monitor.1.thread.1] INFO  org.mule.util.journal.TransactionJournal - Using files for tx logs F:\workspace_mulesoft1\.mule\.\.mule\97-cache_management_app\queue-tx-log\tx1.log and F:\workspace_mulesoft1\.mule\.\.mule\97-cache_management_app\queue-tx-log\tx2.log
2017-11-30 15:39:54,542 [Mule.app.deployer.monitor.1.thread.1] INFO  org.mule.util.journal.TransactionJournal - Using files for tx logs F:\workspace_mulesoft1\.mule\.\.mule\97-cache_management_app\queue-xa-tx-log\tx1.log and F:\workspace_mulesoft1\.mule\.\.mule\97-cache_management_app\queue-xa-tx-log\tx2.log
2017-11-30 15:39:54,560 [Mule.app.deployer.monitor.1.thread.1] INFO  org.mule.lifecycle.AbstractLifecycleManager - Initialising model: _muleSystemModel
2017-11-30 15:39:54,562 [Mule.app.deployer.monitor.1.thread.1] INFO  org.mule.construct.FlowConstructLifecycleManager - Initialising flow: 97-cache_management_appFlow
2017-11-30 15:39:54,562 [Mule.app.deployer.monitor.1.thread.1] INFO  org.mule.exception.DefaultMessagingExceptionStrategy - Initialising exception listener: org.mule.exception.DefaultMessagingExceptionStrategy@6e4ed54d
2017-11-30 15:39:54,573 [Mule.app.deployer.monitor.1.thread.1] INFO  org.mule.processor.SedaStageLifecycleManager - Initialising service: 97-cache_management_appFlow.stage1
2017-11-30 15:39:54,613 [Mule.app.deployer.monitor.1.thread.1] INFO  org.mule.config.spring.SpringXmlConfigurationBuilder - Configured Mule using "org.mule.config.spring.SpringXmlConfigurationBuilder" with configuration resource(s): "[ConfigResource{resourceName='F:\workspace_mulesoft1\.mule\apps\97-cache_management_app\97-cache_management_app.xml'}]"
2017-11-30 15:39:54,614 [Mule.app.deployer.monitor.1.thread.1] INFO  org.mule.config.builders.AutoConfigurationBuilder - Configured Mule using "org.mule.config.builders.AutoConfigurationBuilder" with configuration resource(s): "[ConfigResource{resourceName='F:\workspace_mulesoft1\.mule\apps\97-cache_management_app\97-cache_management_app.xml'}]"
2017-11-30 15:39:54,616 [Mule.app.deployer.monitor.1.thread.1] INFO  org.mule.module.launcher.application.DefaultMuleApplication - 
++++++++++++++++++++++++++++++++++++++++++++++++++++++++++++
+ Starting app '97-cache_management_app'                   +
++++++++++++++++++++++++++++++++++++++++++++++++++++++++++++
2017-11-30 15:39:54,622 [Mule.app.deployer.monitor.1.thread.1] INFO  org.mule.util.queue.QueueXaResourceManager - Starting ResourceManager
2017-11-30 15:39:54,624 [Mule.app.deployer.monitor.1.thread.1] INFO  org.mule.util.queue.QueueXaResourceManager - Started ResourceManager
2017-11-30 15:39:54,639 [Mule.app.deployer.monitor.1.thread.1] INFO  org.mule.module.http.internal.listener.DefaultHttpListenerConfig - Listening for requests on http://0.0.0.0:8083
2017-11-30 15:39:54,643 [Mule.app.deployer.monitor.1.thread.1] INFO  org.mule.modules.oauth2.provider.agents.DefaultSplashScreenAgent - 
++++++++++++++++++++++++++++++++++++++++++++++++++++++++++++++++++++++++++++++++
+ DevKit Extensions (0) used in this application 
                             +
++++++++++++++++++++++++++++++++++++++++++++++++++++++++++++++++++++++++++++++++
2017-11-30 15:39:54,644 [Mule.app.deployer.monitor.1.thread.1] INFO  org.mule.lifecycle.AbstractLifecycleManager - Starting model: _muleSystemModel
2017-11-30 15:39:54,645 [Mule.app.deployer.monitor.1.thread.1] INFO  org.mule.construct.FlowConstructLifecycleManager - Starting flow: 97-cache_management_appFlow
2017-11-30 15:39:54,645 [Mule.app.deployer.monitor.1.thread.1] INFO  org.mule.processor.SedaStageLifecycleManager - Starting service: 97-cache_management_appFlow.stage1
2017-11-30 15:39:54,660 [Mule.app.deployer.monitor.1.thread.1] INFO  org.mule.module.management.agent.WrapperManagerAgent - This JVM hasn't been launched by the wrapper, the agent will not run.
2017-11-30 15:39:54,665 [Mule.app.deployer.monitor.1.thread.1] INFO  org.mule.DefaultMuleContext - 
**********************************************************************
* Application: 97-cache_management_app                               *
* OS encoding: \, Mule encoding: UTF-8                               *
*                                                                    *
* Agents Running:                                                    *
*   Batch module default engine                                      *
*   JMX Agent                                                        *
*   DevKit Extension Information                                     *
*   Wrapper Manager                                                  *
**********************************************************************
2017-11-30 15:40:00,281 [[97-cache_management_app].HTTP_Listener_Configuration.worker.01] WARN  com.mulesoft.mule.cache.ObjectStoreCachingStrategy - Message will be processed without cache: payload is consumable
2017-11-30 15:40:06,700 [[97-cache_management_app].HTTP_Listener_Configuration.worker.01] INFO  org.mule.api.processor.LoggerMessageProcessor - i m not getting data from database
2017-11-30 15:59:05,457 [Mule.app.deployer.monitor.1.thread.1] INFO  org.mule.module.launcher.application.DefaultMuleApplication - 
++++++++++++++++++++++++++++++++++++++++++++++++++++++++++++
+ Stopping app '97-cache_management_app'                   +
++++++++++++++++++++++++++++++++++++++++++++++++++++++++++++
2017-11-30 15:59:05,459 [Mule.app.deployer.monitor.1.thread.1] INFO  org.mule.construct.FlowConstructLifecycleManager - Stopping flow: 97-cache_management_appFlow
2017-11-30 15:59:05,459 [Mule.app.deployer.monitor.1.thread.1] INFO  org.mule.processor.SedaStageLifecycleManager - Stopping service: 97-cache_management_appFlow.stage1
2017-11-30 15:59:05,655 [Mule.app.deployer.monitor.1.thread.1] INFO  org.mule.lifecycle.AbstractLifecycleManager - Stopping model: _muleSystemModel
2017-11-30 15:59:05,660 [Mule.app.deployer.monitor.1.thread.1] INFO  org.mule.module.http.internal.listener.DefaultHttpListenerConfig - Stopped listener on http://0.0.0.0:8083
2017-11-30 15:59:05,662 [Mule.app.deployer.monitor.1.thread.1] INFO  org.mule.util.queue.QueueXaResourceManager - Stopping ResourceManager
2017-11-30 15:59:05,664 [Mule.app.deployer.monitor.1.thread.1] INFO  org.mule.util.queue.QueueXaResourceManager - Stopped ResourceManager
2017-11-30 15:59:05,672 [Mule.app.deployer.monitor.1.thread.1] INFO  org.mule.module.launcher.application.DefaultMuleApplication - 
++++++++++++++++++++++++++++++++++++++++++++++++++++++++++++
+ Disposing app '97-cache_management_app'                  +
++++++++++++++++++++++++++++++++++++++++++++++++++++++++++++
2017-11-30 15:59:05,675 [Mule.app.deployer.monitor.1.thread.1] INFO  org.mule.lifecycle.AbstractLifecycleManager - Disposing RegistryBroker
2017-11-30 15:59:05,677 [Mule.app.deployer.monitor.1.thread.1] INFO  org.mule.construct.FlowConstructLifecycleManager - Disposing flow: 97-cache_management_appFlow
2017-11-30 15:59:05,679 [Mule.app.deployer.monitor.1.thread.1] INFO  org.mule.processor.SedaStageLifecycleManager - Disposing service: 97-cache_management_appFlow.stage1
2017-11-30 15:59:05,736 [Mule.app.deployer.monitor.1.thread.1] INFO  org.mule.lifecycle.AbstractLifecycleManager - Disposing model: _muleSystemModel
2017-11-30 15:59:05,772 [Mule.app.deployer.monitor.1.thread.1] INFO  org.mule.config.spring.MuleArtifactContext - Closing org.mule.config.spring.MuleArtifactContext@39f8607: startup date [Thu Nov 30 15:39:53 IST 2017]; root of context hierarchy
2017-11-30 15:59:05,908 [Mule.app.deployer.monitor.1.thread.1] INFO  org.mule.DefaultMuleContext - 
**********************************************************************
* Application "97-cache_management_app" shut down normally on:       *
* 11/30/17 3:59 PM                                                   *
* Up for: 0 days, 0 hours, 19 mins, 11.292 sec                       *
**********************************************************************
2017-11-30 15:59:06,249 [Mule.app.deployer.monitor.1.thread.1] INFO  org.mule.module.launcher.application.DefaultMuleApplication - 
++++++++++++++++++++++++++++++++++++++++++++++++++++++++++++
+ Initializing app '97-cache_management_app'               +
++++++++++++++++++++++++++++++++++++++++++++++++++++++++++++
2017-11-30 15:59:06,412 [Mule.app.deployer.monitor.1.thread.1] INFO  org.mule.lifecycle.AbstractLifecycleManager - Initialising RegistryBroker
2017-11-30 15:59:06,444 [Mule.app.deployer.monitor.1.thread.1] INFO  org.mule.module.extension.internal.manager.DefaultExtensionManager - Starting discovery of extensions
2017-11-30 15:59:06,538 [Mule.app.deployer.monitor.1.thread.1] INFO  org.mule.module.extension.internal.manager.DefaultExtensionManager - Discovered 1 extensions
2017-11-30 15:59:06,540 [Mule.app.deployer.monitor.1.thread.1] INFO  org.mule.module.extension.internal.manager.DefaultExtensionManager - Registering extension validation (version 3.9)
2017-11-30 15:59:06,547 [Mule.app.deployer.monitor.1.thread.1] INFO  org.mule.config.spring.MuleArtifactContext - Refreshing org.mule.config.spring.MuleArtifactContext@3e882876: startup date [Thu Nov 30 15:59:06 IST 2017]; root of context hierarchy
2017-11-30 15:59:07,777 [Mule.app.deployer.monitor.1.thread.1] INFO  org.mule.config.spring.processors.NoDevkitInjectorProcessor - JSR-330 'javax.inject.Inject' annotation found and supported for autowiring
2017-11-30 15:59:08,058 [Mule.app.deployer.monitor.1.thread.1] INFO  org.mule.util.journal.TransactionJournal - Using files for tx logs F:\workspace_mulesoft1\.mule\.\.mule\97-cache_management_app\queue-tx-log\tx1.log and F:\workspace_mulesoft1\.mule\.\.mule\97-cache_management_app\queue-tx-log\tx2.log
2017-11-30 15:59:08,062 [Mule.app.deployer.monitor.1.thread.1] INFO  org.mule.util.journal.TransactionJournal - Using files for tx logs F:\workspace_mulesoft1\.mule\.\.mule\97-cache_management_app\queue-xa-tx-log\tx1.log and F:\workspace_mulesoft1\.mule\.\.mule\97-cache_management_app\queue-xa-tx-log\tx2.log
2017-11-30 15:59:08,080 [Mule.app.deployer.monitor.1.thread.1] INFO  org.mule.lifecycle.AbstractLifecycleManager - Initialising model: _muleSystemModel
2017-11-30 15:59:08,082 [Mule.app.deployer.monitor.1.thread.1] INFO  org.mule.construct.FlowConstructLifecycleManager - Initialising flow: 97-cache_management_appFlow
2017-11-30 15:59:08,082 [Mule.app.deployer.monitor.1.thread.1] INFO  org.mule.exception.DefaultMessagingExceptionStrategy - Initialising exception listener: org.mule.exception.DefaultMessagingExceptionStrategy@7213afae
2017-11-30 15:59:08,092 [Mule.app.deployer.monitor.1.thread.1] INFO  org.mule.processor.SedaStageLifecycleManager - Initialising service: 97-cache_management_appFlow.stage1
2017-11-30 15:59:08,129 [Mule.app.deployer.monitor.1.thread.1] INFO  org.mule.config.spring.SpringXmlConfigurationBuilder - Configured Mule using "org.mule.config.spring.SpringXmlConfigurationBuilder" with configuration resource(s): "[ConfigResource{resourceName='F:\workspace_mulesoft1\.mule\apps\97-cache_management_app\97-cache_management_app.xml'}]"
2017-11-30 15:59:08,142 [Mule.app.deployer.monitor.1.thread.1] INFO  org.mule.config.builders.AutoConfigurationBuilder - Configured Mule using "org.mule.config.builders.AutoConfigurationBuilder" with configuration resource(s): "[ConfigResource{resourceName='F:\workspace_mulesoft1\.mule\apps\97-cache_management_app\97-cache_management_app.xml'}]"
2017-11-30 15:59:08,145 [Mule.app.deployer.monitor.1.thread.1] INFO  org.mule.module.launcher.application.DefaultMuleApplication - 
++++++++++++++++++++++++++++++++++++++++++++++++++++++++++++
+ Starting app '97-cache_management_app'                   +
++++++++++++++++++++++++++++++++++++++++++++++++++++++++++++
2017-11-30 15:59:08,152 [Mule.app.deployer.monitor.1.thread.1] INFO  org.mule.util.queue.QueueXaResourceManager - Starting ResourceManager
2017-11-30 15:59:08,153 [Mule.app.deployer.monitor.1.thread.1] INFO  org.mule.util.queue.QueueXaResourceManager - Started ResourceManager
2017-11-30 15:59:08,180 [Mule.app.deployer.monitor.1.thread.1] INFO  org.mule.module.http.internal.listener.DefaultHttpListenerConfig - Listening for requests on http://0.0.0.0:8083
2017-11-30 15:59:08,187 [Mule.app.deployer.monitor.1.thread.1] INFO  org.mule.modules.oauth2.provider.agents.DefaultSplashScreenAgent - 
++++++++++++++++++++++++++++++++++++++++++++++++++++++++++++++++++++++++++++++++
+ DevKit Extensions (0) used in this application 
                             +
++++++++++++++++++++++++++++++++++++++++++++++++++++++++++++++++++++++++++++++++
2017-11-30 15:59:08,198 [Mule.app.deployer.monitor.1.thread.1] INFO  org.mule.lifecycle.AbstractLifecycleManager - Starting model: _muleSystemModel
2017-11-30 15:59:08,208 [Mule.app.deployer.monitor.1.thread.1] INFO  org.mule.construct.FlowConstructLifecycleManager - Starting flow: 97-cache_management_appFlow
2017-11-30 15:59:08,210 [Mule.app.deployer.monitor.1.thread.1] INFO  org.mule.processor.SedaStageLifecycleManager - Starting service: 97-cache_management_appFlow.stage1
2017-11-30 15:59:08,243 [Mule.app.deployer.monitor.1.thread.1] INFO  org.mule.module.management.agent.WrapperManagerAgent - This JVM hasn't been launched by the wrapper, the agent will not run.
2017-11-30 15:59:08,274 [Mule.app.deployer.monitor.1.thread.1] INFO  org.mule.DefaultMuleContext - 
**********************************************************************
* Application: 97-cache_management_app                               *
* OS encoding: \, Mule encoding: UTF-8                               *
*                                                                    *
* Agents Running:                                                    *
*   Batch module default engine                                      *
*   JMX Agent                                                        *
*   DevKit Extension Information                                     *
*   Wrapper Manager                                                  *
**********************************************************************
2017-11-30 16:00:28,342 [Mule.app.deployer.monitor.1.thread.1] INFO  org.mule.module.launcher.application.DefaultMuleApplication - 
++++++++++++++++++++++++++++++++++++++++++++++++++++++++++++
+ Stopping app '97-cache_management_app'                   +
++++++++++++++++++++++++++++++++++++++++++++++++++++++++++++
2017-11-30 16:00:28,344 [Mule.app.deployer.monitor.1.thread.1] INFO  org.mule.construct.FlowConstructLifecycleManager - Stopping flow: 97-cache_management_appFlow
2017-11-30 16:00:28,345 [Mule.app.deployer.monitor.1.thread.1] INFO  org.mule.processor.SedaStageLifecycleManager - Stopping service: 97-cache_management_appFlow.stage1
2017-11-30 16:00:28,461 [Mule.app.deployer.monitor.1.thread.1] INFO  org.mule.lifecycle.AbstractLifecycleManager - Stopping model: _muleSystemModel
2017-11-30 16:00:28,472 [Mule.app.deployer.monitor.1.thread.1] INFO  org.mule.module.http.internal.listener.DefaultHttpListenerConfig - Stopped listener on http://0.0.0.0:8083
2017-11-30 16:00:28,475 [Mule.app.deployer.monitor.1.thread.1] INFO  org.mule.util.queue.QueueXaResourceManager - Stopping ResourceManager
2017-11-30 16:00:28,475 [Mule.app.deployer.monitor.1.thread.1] INFO  org.mule.util.queue.QueueXaResourceManager - Stopped ResourceManager
2017-11-30 16:00:28,481 [Mule.app.deployer.monitor.1.thread.1] INFO  org.mule.module.launcher.application.DefaultMuleApplication - 
++++++++++++++++++++++++++++++++++++++++++++++++++++++++++++
+ Disposing app '97-cache_management_app'                  +
++++++++++++++++++++++++++++++++++++++++++++++++++++++++++++
2017-11-30 16:00:28,481 [Mule.app.deployer.monitor.1.thread.1] INFO  org.mule.lifecycle.AbstractLifecycleManager - Disposing RegistryBroker
2017-11-30 16:00:28,483 [Mule.app.deployer.monitor.1.thread.1] INFO  org.mule.construct.FlowConstructLifecycleManager - Disposing flow: 97-cache_management_appFlow
2017-11-30 16:00:28,484 [Mule.app.deployer.monitor.1.thread.1] INFO  org.mule.processor.SedaStageLifecycleManager - Disposing service: 97-cache_management_appFlow.stage1
2017-11-30 16:00:28,486 [Mule.app.deployer.monitor.1.thread.1] INFO  org.mule.lifecycle.AbstractLifecycleManager - Disposing model: _muleSystemModel
2017-11-30 16:00:28,522 [Mule.app.deployer.monitor.1.thread.1] INFO  org.mule.config.spring.MuleArtifactContext - Closing org.mule.config.spring.MuleArtifactContext@3e882876: startup date [Thu Nov 30 15:59:06 IST 2017]; root of context hierarchy
2017-11-30 16:00:28,538 [Mule.app.deployer.monitor.1.thread.1] INFO  org.mule.DefaultMuleContext - 
**********************************************************************
* Application "97-cache_management_app" shut down normally on:       *
* 11/30/17 4:00 PM                                                   *
* Up for: 0 days, 0 hours, 1 mins, 20.389 sec                        *
**********************************************************************
2017-11-30 16:00:28,637 [Mule.app.deployer.monitor.1.thread.1] INFO  org.mule.module.launcher.application.DefaultMuleApplication - 
++++++++++++++++++++++++++++++++++++++++++++++++++++++++++++
+ Initializing app '97-cache_management_app'               +
++++++++++++++++++++++++++++++++++++++++++++++++++++++++++++
2017-11-30 16:00:28,646 [Mule.app.deployer.monitor.1.thread.1] INFO  org.mule.lifecycle.AbstractLifecycleManager - Initialising RegistryBroker
2017-11-30 16:00:28,657 [Mule.app.deployer.monitor.1.thread.1] INFO  org.mule.module.extension.internal.manager.DefaultExtensionManager - Starting discovery of extensions
2017-11-30 16:00:28,676 [Mule.app.deployer.monitor.1.thread.1] INFO  org.mule.module.extension.internal.manager.DefaultExtensionManager - Discovered 1 extensions
2017-11-30 16:00:28,676 [Mule.app.deployer.monitor.1.thread.1] INFO  org.mule.module.extension.internal.manager.DefaultExtensionManager - Registering extension validation (version 3.9)
2017-11-30 16:00:28,684 [Mule.app.deployer.monitor.1.thread.1] INFO  org.mule.config.spring.MuleArtifactContext - Refreshing org.mule.config.spring.MuleArtifactContext@54a021fa: startup date [Thu Nov 30 16:00:28 IST 2017]; root of context hierarchy
2017-11-30 16:00:29,124 [Mule.app.deployer.monitor.1.thread.1] INFO  org.mule.config.spring.processors.NoDevkitInjectorProcessor - JSR-330 'javax.inject.Inject' annotation found and supported for autowiring
2017-11-30 16:00:29,310 [Mule.app.deployer.monitor.1.thread.1] INFO  org.mule.util.journal.TransactionJournal - Using files for tx logs F:\workspace_mulesoft1\.mule\.\.mule\97-cache_management_app\queue-tx-log\tx1.log and F:\workspace_mulesoft1\.mule\.\.mule\97-cache_management_app\queue-tx-log\tx2.log
2017-11-30 16:00:29,312 [Mule.app.deployer.monitor.1.thread.1] INFO  org.mule.util.journal.TransactionJournal - Using files for tx logs F:\workspace_mulesoft1\.mule\.\.mule\97-cache_management_app\queue-xa-tx-log\tx1.log and F:\workspace_mulesoft1\.mule\.\.mule\97-cache_management_app\queue-xa-tx-log\tx2.log
2017-11-30 16:00:29,325 [Mule.app.deployer.monitor.1.thread.1] INFO  org.mule.lifecycle.AbstractLifecycleManager - Initialising model: _muleSystemModel
2017-11-30 16:00:29,327 [Mule.app.deployer.monitor.1.thread.1] INFO  org.mule.construct.FlowConstructLifecycleManager - Initialising flow: 97-cache_management_appFlow
2017-11-30 16:00:29,327 [Mule.app.deployer.monitor.1.thread.1] INFO  org.mule.exception.DefaultMessagingExceptionStrategy - Initialising exception listener: org.mule.exception.DefaultMessagingExceptionStrategy@60d7fba6
2017-11-30 16:00:29,336 [Mule.app.deployer.monitor.1.thread.1] INFO  org.mule.processor.SedaStageLifecycleManager - Initialising service: 97-cache_management_appFlow.stage1
2017-11-30 16:00:29,372 [Mule.app.deployer.monitor.1.thread.1] INFO  org.mule.config.spring.SpringXmlConfigurationBuilder - Configured Mule using "org.mule.config.spring.SpringXmlConfigurationBuilder" with configuration resource(s): "[ConfigResource{resourceName='F:\workspace_mulesoft1\.mule\apps\97-cache_management_app\97-cache_management_app.xml'}]"
2017-11-30 16:00:29,372 [Mule.app.deployer.monitor.1.thread.1] INFO  org.mule.config.builders.AutoConfigurationBuilder - Configured Mule using "org.mule.config.builders.AutoConfigurationBuilder" with configuration resource(s): "[ConfigResource{resourceName='F:\workspace_mulesoft1\.mule\apps\97-cache_management_app\97-cache_management_app.xml'}]"
2017-11-30 16:00:29,375 [Mule.app.deployer.monitor.1.thread.1] INFO  org.mule.module.launcher.application.DefaultMuleApplication - 
++++++++++++++++++++++++++++++++++++++++++++++++++++++++++++
+ Starting app '97-cache_management_app'                   +
++++++++++++++++++++++++++++++++++++++++++++++++++++++++++++
2017-11-30 16:00:29,380 [Mule.app.deployer.monitor.1.thread.1] INFO  org.mule.util.queue.QueueXaResourceManager - Starting ResourceManager
2017-11-30 16:00:29,382 [Mule.app.deployer.monitor.1.thread.1] INFO  org.mule.util.queue.QueueXaResourceManager - Started ResourceManager
2017-11-30 16:00:29,402 [Mule.app.deployer.monitor.1.thread.1] INFO  org.mule.module.http.internal.listener.DefaultHttpListenerConfig - Listening for requests on http://0.0.0.0:8083
2017-11-30 16:00:29,408 [Mule.app.deployer.monitor.1.thread.1] INFO  org.mule.modules.oauth2.provider.agents.DefaultSplashScreenAgent - 
++++++++++++++++++++++++++++++++++++++++++++++++++++++++++++++++++++++++++++++++
+ DevKit Extensions (0) used in this application 
                             +
++++++++++++++++++++++++++++++++++++++++++++++++++++++++++++++++++++++++++++++++
2017-11-30 16:00:29,411 [Mule.app.deployer.monitor.1.thread.1] INFO  org.mule.lifecycle.AbstractLifecycleManager - Starting model: _muleSystemModel
2017-11-30 16:00:29,414 [Mule.app.deployer.monitor.1.thread.1] INFO  org.mule.construct.FlowConstructLifecycleManager - Starting flow: 97-cache_management_appFlow
2017-11-30 16:00:29,415 [Mule.app.deployer.monitor.1.thread.1] INFO  org.mule.processor.SedaStageLifecycleManager - Starting service: 97-cache_management_appFlow.stage1
2017-11-30 16:00:29,440 [Mule.app.deployer.monitor.1.thread.1] INFO  org.mule.module.management.agent.WrapperManagerAgent - This JVM hasn't been launched by the wrapper, the agent will not run.
2017-11-30 16:00:29,452 [Mule.app.deployer.monitor.1.thread.1] INFO  org.mule.DefaultMuleContext - 
**********************************************************************
* Application: 97-cache_management_app                               *
* OS encoding: \, Mule encoding: UTF-8                               *
*                                                                    *
* Agents Running:                                                    *
*   Batch module default engine                                      *
*   JMX Agent                                                        *
*   DevKit Extension Information                                     *
*   Wrapper Manager                                                  *
**********************************************************************
2017-11-30 16:01:14,483 [Mule.app.deployer.monitor.1.thread.1] INFO  org.mule.module.launcher.application.DefaultMuleApplication - 
++++++++++++++++++++++++++++++++++++++++++++++++++++++++++++
+ Stopping app '97-cache_management_app'                   +
++++++++++++++++++++++++++++++++++++++++++++++++++++++++++++
2017-11-30 16:01:14,486 [Mule.app.deployer.monitor.1.thread.1] INFO  org.mule.construct.FlowConstructLifecycleManager - Stopping flow: 97-cache_management_appFlow
2017-11-30 16:01:14,487 [Mule.app.deployer.monitor.1.thread.1] INFO  org.mule.processor.SedaStageLifecycleManager - Stopping service: 97-cache_management_appFlow.stage1
2017-11-30 16:01:14,518 [Mule.app.deployer.monitor.1.thread.1] INFO  org.mule.lifecycle.AbstractLifecycleManager - Stopping model: _muleSystemModel
2017-11-30 16:01:14,521 [Mule.app.deployer.monitor.1.thread.1] INFO  org.mule.module.http.internal.listener.DefaultHttpListenerConfig - Stopped listener on http://0.0.0.0:8083
2017-11-30 16:01:14,522 [Mule.app.deployer.monitor.1.thread.1] INFO  org.mule.util.queue.QueueXaResourceManager - Stopping ResourceManager
2017-11-30 16:01:14,522 [Mule.app.deployer.monitor.1.thread.1] INFO  org.mule.util.queue.QueueXaResourceManager - Stopped ResourceManager
2017-11-30 16:01:14,525 [Mule.app.deployer.monitor.1.thread.1] INFO  org.mule.module.launcher.application.DefaultMuleApplication - 
++++++++++++++++++++++++++++++++++++++++++++++++++++++++++++
+ Disposing app '97-cache_management_app'                  +
++++++++++++++++++++++++++++++++++++++++++++++++++++++++++++
2017-11-30 16:01:14,525 [Mule.app.deployer.monitor.1.thread.1] INFO  org.mule.lifecycle.AbstractLifecycleManager - Disposing RegistryBroker
2017-11-30 16:01:14,526 [Mule.app.deployer.monitor.1.thread.1] INFO  org.mule.construct.FlowConstructLifecycleManager - Disposing flow: 97-cache_management_appFlow
2017-11-30 16:01:14,526 [Mule.app.deployer.monitor.1.thread.1] INFO  org.mule.processor.SedaStageLifecycleManager - Disposing service: 97-cache_management_appFlow.stage1
2017-11-30 16:01:14,527 [Mule.app.deployer.monitor.1.thread.1] INFO  org.mule.lifecycle.AbstractLifecycleManager - Disposing model: _muleSystemModel
2017-11-30 16:01:14,546 [Mule.app.deployer.monitor.1.thread.1] INFO  org.mule.config.spring.MuleArtifactContext - Closing org.mule.config.spring.MuleArtifactContext@54a021fa: startup date [Thu Nov 30 16:00:28 IST 2017]; root of context hierarchy
2017-11-30 16:01:14,549 [Mule.app.deployer.monitor.1.thread.1] INFO  org.mule.DefaultMuleContext - 
**********************************************************************
* Application "97-cache_management_app" shut down normally on:       *
* 11/30/17 4:01 PM                                                   *
* Up for: 0 days, 0 hours, 0 mins, 45.173 sec                        *
**********************************************************************
2017-11-30 16:01:14,626 [Mule.app.deployer.monitor.1.thread.1] INFO  org.mule.module.launcher.application.DefaultMuleApplication - 
++++++++++++++++++++++++++++++++++++++++++++++++++++++++++++
+ Initializing app '97-cache_management_app'               +
++++++++++++++++++++++++++++++++++++++++++++++++++++++++++++
2017-11-30 16:01:14,633 [Mule.app.deployer.monitor.1.thread.1] INFO  org.mule.lifecycle.AbstractLifecycleManager - Initialising RegistryBroker
2017-11-30 16:01:14,640 [Mule.app.deployer.monitor.1.thread.1] INFO  org.mule.module.extension.internal.manager.DefaultExtensionManager - Starting discovery of extensions
2017-11-30 16:01:14,659 [Mule.app.deployer.monitor.1.thread.1] INFO  org.mule.module.extension.internal.manager.DefaultExtensionManager - Discovered 1 extensions
2017-11-30 16:01:14,659 [Mule.app.deployer.monitor.1.thread.1] INFO  org.mule.module.extension.internal.manager.DefaultExtensionManager - Registering extension validation (version 3.9)
2017-11-30 16:01:14,666 [Mule.app.deployer.monitor.1.thread.1] INFO  org.mule.config.spring.MuleArtifactContext - Refreshing org.mule.config.spring.MuleArtifactContext@60ce6c21: startup date [Thu Nov 30 16:01:14 IST 2017]; root of context hierarchy
2017-11-30 16:01:15,220 [Mule.app.deployer.monitor.1.thread.1] INFO  org.mule.config.spring.processors.NoDevkitInjectorProcessor - JSR-330 'javax.inject.Inject' annotation found and supported for autowiring
2017-11-30 16:01:15,406 [Mule.app.deployer.monitor.1.thread.1] INFO  org.mule.util.journal.TransactionJournal - Using files for tx logs F:\workspace_mulesoft1\.mule\.\.mule\97-cache_management_app\queue-tx-log\tx1.log and F:\workspace_mulesoft1\.mule\.\.mule\97-cache_management_app\queue-tx-log\tx2.log
2017-11-30 16:01:15,407 [Mule.app.deployer.monitor.1.thread.1] INFO  org.mule.util.journal.TransactionJournal - Using files for tx logs F:\workspace_mulesoft1\.mule\.\.mule\97-cache_management_app\queue-xa-tx-log\tx1.log and F:\workspace_mulesoft1\.mule\.\.mule\97-cache_management_app\queue-xa-tx-log\tx2.log
2017-11-30 16:01:15,420 [Mule.app.deployer.monitor.1.thread.1] INFO  org.mule.lifecycle.AbstractLifecycleManager - Initialising model: _muleSystemModel
2017-11-30 16:01:15,422 [Mule.app.deployer.monitor.1.thread.1] INFO  org.mule.construct.FlowConstructLifecycleManager - Initialising flow: 97-cache_management_appFlow
2017-11-30 16:01:15,422 [Mule.app.deployer.monitor.1.thread.1] INFO  org.mule.exception.DefaultMessagingExceptionStrategy - Initialising exception listener: org.mule.exception.DefaultMessagingExceptionStrategy@1819e5b4
2017-11-30 16:01:15,431 [Mule.app.deployer.monitor.1.thread.1] INFO  org.mule.processor.SedaStageLifecycleManager - Initialising service: 97-cache_management_appFlow.stage1
2017-11-30 16:01:15,470 [Mule.app.deployer.monitor.1.thread.1] INFO  org.mule.config.spring.SpringXmlConfigurationBuilder - Configured Mule using "org.mule.config.spring.SpringXmlConfigurationBuilder" with configuration resource(s): "[ConfigResource{resourceName='F:\workspace_mulesoft1\.mule\apps\97-cache_management_app\97-cache_management_app.xml'}]"
2017-11-30 16:01:15,471 [Mule.app.deployer.monitor.1.thread.1] INFO  org.mule.config.builders.AutoConfigurationBuilder - Configured Mule using "org.mule.config.builders.AutoConfigurationBuilder" with configuration resource(s): "[ConfigResource{resourceName='F:\workspace_mulesoft1\.mule\apps\97-cache_management_app\97-cache_management_app.xml'}]"
2017-11-30 16:01:15,473 [Mule.app.deployer.monitor.1.thread.1] INFO  org.mule.module.launcher.application.DefaultMuleApplication - 
++++++++++++++++++++++++++++++++++++++++++++++++++++++++++++
+ Starting app '97-cache_management_app'                   +
++++++++++++++++++++++++++++++++++++++++++++++++++++++++++++
2017-11-30 16:01:15,479 [Mule.app.deployer.monitor.1.thread.1] INFO  org.mule.util.queue.QueueXaResourceManager - Starting ResourceManager
2017-11-30 16:01:15,481 [Mule.app.deployer.monitor.1.thread.1] INFO  org.mule.util.queue.QueueXaResourceManager - Started ResourceManager
2017-11-30 16:01:15,500 [Mule.app.deployer.monitor.1.thread.1] INFO  org.mule.module.http.internal.listener.DefaultHttpListenerConfig - Listening for requests on http://0.0.0.0:8083
2017-11-30 16:01:15,503 [Mule.app.deployer.monitor.1.thread.1] INFO  org.mule.modules.oauth2.provider.agents.DefaultSplashScreenAgent - 
++++++++++++++++++++++++++++++++++++++++++++++++++++++++++++++++++++++++++++++++
+ DevKit Extensions (0) used in this application 
                             +
++++++++++++++++++++++++++++++++++++++++++++++++++++++++++++++++++++++++++++++++
2017-11-30 16:01:15,504 [Mule.app.deployer.monitor.1.thread.1] INFO  org.mule.lifecycle.AbstractLifecycleManager - Starting model: _muleSystemModel
2017-11-30 16:01:15,505 [Mule.app.deployer.monitor.1.thread.1] INFO  org.mule.construct.FlowConstructLifecycleManager - Starting flow: 97-cache_management_appFlow
2017-11-30 16:01:15,505 [Mule.app.deployer.monitor.1.thread.1] INFO  org.mule.processor.SedaStageLifecycleManager - Starting service: 97-cache_management_appFlow.stage1
2017-11-30 16:01:15,524 [Mule.app.deployer.monitor.1.thread.1] INFO  org.mule.module.management.agent.WrapperManagerAgent - This JVM hasn't been launched by the wrapper, the agent will not run.
2017-11-30 16:01:15,530 [Mule.app.deployer.monitor.1.thread.1] INFO  org.mule.DefaultMuleContext - 
**********************************************************************
* Application: 97-cache_management_app                               *
* OS encoding: \, Mule encoding: UTF-8                               *
*                                                                    *
* Agents Running:                                                    *
*   Batch module default engine                                      *
*   JMX Agent                                                        *
*   DevKit Extension Information                                     *
*   Wrapper Manager                                                  *
**********************************************************************
2017-11-30 16:01:20,543 [Mule.app.deployer.monitor.1.thread.1] INFO  org.mule.module.launcher.application.DefaultMuleApplication - 
++++++++++++++++++++++++++++++++++++++++++++++++++++++++++++
+ Stopping app '97-cache_management_app'                   +
++++++++++++++++++++++++++++++++++++++++++++++++++++++++++++
2017-11-30 16:01:20,546 [Mule.app.deployer.monitor.1.thread.1] INFO  org.mule.construct.FlowConstructLifecycleManager - Stopping flow: 97-cache_management_appFlow
2017-11-30 16:01:20,546 [Mule.app.deployer.monitor.1.thread.1] INFO  org.mule.processor.SedaStageLifecycleManager - Stopping service: 97-cache_management_appFlow.stage1
2017-11-30 16:01:20,724 [Mule.app.deployer.monitor.1.thread.1] INFO  org.mule.lifecycle.AbstractLifecycleManager - Stopping model: _muleSystemModel
2017-11-30 16:01:20,732 [Mule.app.deployer.monitor.1.thread.1] INFO  org.mule.module.http.internal.listener.DefaultHttpListenerConfig - Stopped listener on http://0.0.0.0:8083
2017-11-30 16:01:20,735 [Mule.app.deployer.monitor.1.thread.1] INFO  org.mule.util.queue.QueueXaResourceManager - Stopping ResourceManager
2017-11-30 16:01:20,736 [Mule.app.deployer.monitor.1.thread.1] INFO  org.mule.util.queue.QueueXaResourceManager - Stopped ResourceManager
2017-11-30 16:01:20,747 [Mule.app.deployer.monitor.1.thread.1] INFO  org.mule.module.launcher.application.DefaultMuleApplication - 
++++++++++++++++++++++++++++++++++++++++++++++++++++++++++++
+ Disposing app '97-cache_management_app'                  +
++++++++++++++++++++++++++++++++++++++++++++++++++++++++++++
2017-11-30 16:01:20,759 [Mule.app.deployer.monitor.1.thread.1] INFO  org.mule.lifecycle.AbstractLifecycleManager - Disposing RegistryBroker
2017-11-30 16:01:20,762 [Mule.app.deployer.monitor.1.thread.1] INFO  org.mule.construct.FlowConstructLifecycleManager - Disposing flow: 97-cache_management_appFlow
2017-11-30 16:01:20,762 [Mule.app.deployer.monitor.1.thread.1] INFO  org.mule.processor.SedaStageLifecycleManager - Disposing service: 97-cache_management_appFlow.stage1
2017-11-30 16:01:20,764 [Mule.app.deployer.monitor.1.thread.1] INFO  org.mule.lifecycle.AbstractLifecycleManager - Disposing model: _muleSystemModel
2017-11-30 16:01:20,800 [Mule.app.deployer.monitor.1.thread.1] INFO  org.mule.config.spring.MuleArtifactContext - Closing org.mule.config.spring.MuleArtifactContext@60ce6c21: startup date [Thu Nov 30 16:01:14 IST 2017]; root of context hierarchy
2017-11-30 16:01:20,807 [Mule.app.deployer.monitor.1.thread.1] INFO  org.mule.DefaultMuleContext - 
**********************************************************************
* Application "97-cache_management_app" shut down normally on:       *
* 11/30/17 4:01 PM                                                   *
* Up for: 0 days, 0 hours, 0 mins, 5.331 sec                         *
**********************************************************************
2017-11-30 16:01:20,908 [Mule.app.deployer.monitor.1.thread.1] INFO  org.mule.module.launcher.application.DefaultMuleApplication - 
++++++++++++++++++++++++++++++++++++++++++++++++++++++++++++
+ Initializing app '97-cache_management_app'               +
++++++++++++++++++++++++++++++++++++++++++++++++++++++++++++
2017-11-30 16:01:20,918 [Mule.app.deployer.monitor.1.thread.1] INFO  org.mule.lifecycle.AbstractLifecycleManager - Initialising RegistryBroker
2017-11-30 16:01:20,933 [Mule.app.deployer.monitor.1.thread.1] INFO  org.mule.module.extension.internal.manager.DefaultExtensionManager - Starting discovery of extensions
2017-11-30 16:01:20,958 [Mule.app.deployer.monitor.1.thread.1] INFO  org.mule.module.extension.internal.manager.DefaultExtensionManager - Discovered 1 extensions
2017-11-30 16:01:20,959 [Mule.app.deployer.monitor.1.thread.1] INFO  org.mule.module.extension.internal.manager.DefaultExtensionManager - Registering extension validation (version 3.9)
2017-11-30 16:01:20,966 [Mule.app.deployer.monitor.1.thread.1] INFO  org.mule.config.spring.MuleArtifactContext - Refreshing org.mule.config.spring.MuleArtifactContext@3e22f67f: startup date [Thu Nov 30 16:01:20 IST 2017]; root of context hierarchy
2017-11-30 16:01:21,333 [Mule.app.deployer.monitor.1.thread.1] INFO  org.mule.config.spring.processors.NoDevkitInjectorProcessor - JSR-330 'javax.inject.Inject' annotation found and supported for autowiring
2017-11-30 16:01:21,495 [Mule.app.deployer.monitor.1.thread.1] INFO  org.mule.util.journal.TransactionJournal - Using files for tx logs F:\workspace_mulesoft1\.mule\.\.mule\97-cache_management_app\queue-tx-log\tx1.log and F:\workspace_mulesoft1\.mule\.\.mule\97-cache_management_app\queue-tx-log\tx2.log
2017-11-30 16:01:21,497 [Mule.app.deployer.monitor.1.thread.1] INFO  org.mule.util.journal.TransactionJournal - Using files for tx logs F:\workspace_mulesoft1\.mule\.\.mule\97-cache_management_app\queue-xa-tx-log\tx1.log and F:\workspace_mulesoft1\.mule\.\.mule\97-cache_management_app\queue-xa-tx-log\tx2.log
2017-11-30 16:01:21,507 [Mule.app.deployer.monitor.1.thread.1] INFO  org.mule.lifecycle.AbstractLifecycleManager - Initialising model: _muleSystemModel
2017-11-30 16:01:21,509 [Mule.app.deployer.monitor.1.thread.1] INFO  org.mule.construct.FlowConstructLifecycleManager - Initialising flow: 97-cache_management_appFlow
2017-11-30 16:01:21,509 [Mule.app.deployer.monitor.1.thread.1] INFO  org.mule.exception.DefaultMessagingExceptionStrategy - Initialising exception listener: org.mule.exception.DefaultMessagingExceptionStrategy@38e2e358
2017-11-30 16:01:21,517 [Mule.app.deployer.monitor.1.thread.1] INFO  org.mule.processor.SedaStageLifecycleManager - Initialising service: 97-cache_management_appFlow.stage1
2017-11-30 16:01:21,549 [Mule.app.deployer.monitor.1.thread.1] INFO  org.mule.config.spring.SpringXmlConfigurationBuilder - Configured Mule using "org.mule.config.spring.SpringXmlConfigurationBuilder" with configuration resource(s): "[ConfigResource{resourceName='F:\workspace_mulesoft1\.mule\apps\97-cache_management_app\97-cache_management_app.xml'}]"
2017-11-30 16:01:21,549 [Mule.app.deployer.monitor.1.thread.1] INFO  org.mule.config.builders.AutoConfigurationBuilder - Configured Mule using "org.mule.config.builders.AutoConfigurationBuilder" with configuration resource(s): "[ConfigResource{resourceName='F:\workspace_mulesoft1\.mule\apps\97-cache_management_app\97-cache_management_app.xml'}]"
2017-11-30 16:01:21,551 [Mule.app.deployer.monitor.1.thread.1] INFO  org.mule.module.launcher.application.DefaultMuleApplication - 
++++++++++++++++++++++++++++++++++++++++++++++++++++++++++++
+ Starting app '97-cache_management_app'                   +
++++++++++++++++++++++++++++++++++++++++++++++++++++++++++++
2017-11-30 16:01:21,553 [Mule.app.deployer.monitor.1.thread.1] INFO  org.mule.util.queue.QueueXaResourceManager - Starting ResourceManager
2017-11-30 16:01:21,553 [Mule.app.deployer.monitor.1.thread.1] INFO  org.mule.util.queue.QueueXaResourceManager - Started ResourceManager
2017-11-30 16:01:21,565 [Mule.app.deployer.monitor.1.thread.1] INFO  org.mule.module.http.internal.listener.DefaultHttpListenerConfig - Listening for requests on http://0.0.0.0:8083
2017-11-30 16:01:21,569 [Mule.app.deployer.monitor.1.thread.1] INFO  org.mule.modules.oauth2.provider.agents.DefaultSplashScreenAgent - 
++++++++++++++++++++++++++++++++++++++++++++++++++++++++++++++++++++++++++++++++
+ DevKit Extensions (0) used in this application 
                             +
++++++++++++++++++++++++++++++++++++++++++++++++++++++++++++++++++++++++++++++++
2017-11-30 16:01:21,570 [Mule.app.deployer.monitor.1.thread.1] INFO  org.mule.lifecycle.AbstractLifecycleManager - Starting model: _muleSystemModel
2017-11-30 16:01:21,572 [Mule.app.deployer.monitor.1.thread.1] INFO  org.mule.construct.FlowConstructLifecycleManager - Starting flow: 97-cache_management_appFlow
2017-11-30 16:01:21,572 [Mule.app.deployer.monitor.1.thread.1] INFO  org.mule.processor.SedaStageLifecycleManager - Starting service: 97-cache_management_appFlow.stage1
2017-11-30 16:01:21,594 [Mule.app.deployer.monitor.1.thread.1] INFO  org.mule.module.management.agent.WrapperManagerAgent - This JVM hasn't been launched by the wrapper, the agent will not run.
2017-11-30 16:01:21,597 [Mule.app.deployer.monitor.1.thread.1] INFO  org.mule.DefaultMuleContext - 
**********************************************************************
* Application: 97-cache_management_app                               *
* OS encoding: \, Mule encoding: UTF-8                               *
*                                                                    *
* Agents Running:                                                    *
*   Batch module default engine                                      *
*   JMX Agent                                                        *
*   DevKit Extension Information                                     *
*   Wrapper Manager                                                  *
**********************************************************************
2017-11-30 16:02:26,636 [Mule.app.deployer.monitor.1.thread.1] INFO  org.mule.module.launcher.application.DefaultMuleApplication - 
++++++++++++++++++++++++++++++++++++++++++++++++++++++++++++
+ Stopping app '97-cache_management_app'                   +
++++++++++++++++++++++++++++++++++++++++++++++++++++++++++++
2017-11-30 16:02:26,639 [Mule.app.deployer.monitor.1.thread.1] INFO  org.mule.construct.FlowConstructLifecycleManager - Stopping flow: 97-cache_management_appFlow
2017-11-30 16:02:26,639 [Mule.app.deployer.monitor.1.thread.1] INFO  org.mule.processor.SedaStageLifecycleManager - Stopping service: 97-cache_management_appFlow.stage1
2017-11-30 16:02:26,765 [Mule.app.deployer.monitor.1.thread.1] INFO  org.mule.lifecycle.AbstractLifecycleManager - Stopping model: _muleSystemModel
2017-11-30 16:02:26,773 [Mule.app.deployer.monitor.1.thread.1] INFO  org.mule.module.http.internal.listener.DefaultHttpListenerConfig - Stopped listener on http://0.0.0.0:8083
2017-11-30 16:02:26,775 [Mule.app.deployer.monitor.1.thread.1] INFO  org.mule.util.queue.QueueXaResourceManager - Stopping ResourceManager
2017-11-30 16:02:26,776 [Mule.app.deployer.monitor.1.thread.1] INFO  org.mule.util.queue.QueueXaResourceManager - Stopped ResourceManager
2017-11-30 16:02:26,784 [Mule.app.deployer.monitor.1.thread.1] INFO  org.mule.module.launcher.application.DefaultMuleApplication - 
++++++++++++++++++++++++++++++++++++++++++++++++++++++++++++
+ Disposing app '97-cache_management_app'                  +
++++++++++++++++++++++++++++++++++++++++++++++++++++++++++++
2017-11-30 16:02:26,784 [Mule.app.deployer.monitor.1.thread.1] INFO  org.mule.lifecycle.AbstractLifecycleManager - Disposing RegistryBroker
2017-11-30 16:02:26,786 [Mule.app.deployer.monitor.1.thread.1] INFO  org.mule.construct.FlowConstructLifecycleManager - Disposing flow: 97-cache_management_appFlow
2017-11-30 16:02:26,786 [Mule.app.deployer.monitor.1.thread.1] INFO  org.mule.processor.SedaStageLifecycleManager - Disposing service: 97-cache_management_appFlow.stage1
2017-11-30 16:02:26,789 [Mule.app.deployer.monitor.1.thread.1] INFO  org.mule.lifecycle.AbstractLifecycleManager - Disposing model: _muleSystemModel
2017-11-30 16:02:26,813 [Mule.app.deployer.monitor.1.thread.1] INFO  org.mule.config.spring.MuleArtifactContext - Closing org.mule.config.spring.MuleArtifactContext@3e22f67f: startup date [Thu Nov 30 16:01:20 IST 2017]; root of context hierarchy
2017-11-30 16:02:26,819 [Mule.app.deployer.monitor.1.thread.1] INFO  org.mule.DefaultMuleContext - 
**********************************************************************
* Application "97-cache_management_app" shut down normally on:       *
* 11/30/17 4:02 PM                                                   *
* Up for: 0 days, 0 hours, 1 mins, 5.266 sec                         *
**********************************************************************
2017-11-30 16:02:26,909 [Mule.app.deployer.monitor.1.thread.1] INFO  org.mule.module.launcher.application.DefaultMuleApplication - 
++++++++++++++++++++++++++++++++++++++++++++++++++++++++++++
+ Initializing app '97-cache_management_app'               +
++++++++++++++++++++++++++++++++++++++++++++++++++++++++++++
2017-11-30 16:02:26,916 [Mule.app.deployer.monitor.1.thread.1] INFO  org.mule.lifecycle.AbstractLifecycleManager - Initialising RegistryBroker
2017-11-30 16:02:26,922 [Mule.app.deployer.monitor.1.thread.1] INFO  org.mule.module.extension.internal.manager.DefaultExtensionManager - Starting discovery of extensions
2017-11-30 16:02:26,936 [Mule.app.deployer.monitor.1.thread.1] INFO  org.mule.module.extension.internal.manager.DefaultExtensionManager - Discovered 1 extensions
2017-11-30 16:02:26,936 [Mule.app.deployer.monitor.1.thread.1] INFO  org.mule.module.extension.internal.manager.DefaultExtensionManager - Registering extension validation (version 3.9)
2017-11-30 16:02:26,940 [Mule.app.deployer.monitor.1.thread.1] INFO  org.mule.config.spring.MuleArtifactContext - Refreshing org.mule.config.spring.MuleArtifactContext@20f3344a: startup date [Thu Nov 30 16:02:26 IST 2017]; root of context hierarchy
2017-11-30 16:02:27,284 [Mule.app.deployer.monitor.1.thread.1] INFO  org.mule.config.spring.processors.NoDevkitInjectorProcessor - JSR-330 'javax.inject.Inject' annotation found and supported for autowiring
2017-11-30 16:02:27,449 [Mule.app.deployer.monitor.1.thread.1] INFO  org.mule.util.journal.TransactionJournal - Using files for tx logs F:\workspace_mulesoft1\.mule\.\.mule\97-cache_management_app\queue-tx-log\tx1.log and F:\workspace_mulesoft1\.mule\.\.mule\97-cache_management_app\queue-tx-log\tx2.log
2017-11-30 16:02:27,450 [Mule.app.deployer.monitor.1.thread.1] INFO  org.mule.util.journal.TransactionJournal - Using files for tx logs F:\workspace_mulesoft1\.mule\.\.mule\97-cache_management_app\queue-xa-tx-log\tx1.log and F:\workspace_mulesoft1\.mule\.\.mule\97-cache_management_app\queue-xa-tx-log\tx2.log
2017-11-30 16:02:27,458 [Mule.app.deployer.monitor.1.thread.1] INFO  org.mule.lifecycle.AbstractLifecycleManager - Initialising model: _muleSystemModel
2017-11-30 16:02:27,460 [Mule.app.deployer.monitor.1.thread.1] INFO  org.mule.construct.FlowConstructLifecycleManager - Initialising flow: 97-cache_management_appFlow
2017-11-30 16:02:27,460 [Mule.app.deployer.monitor.1.thread.1] INFO  org.mule.exception.DefaultMessagingExceptionStrategy - Initialising exception listener: org.mule.exception.DefaultMessagingExceptionStrategy@53b952d1
2017-11-30 16:02:27,469 [Mule.app.deployer.monitor.1.thread.1] INFO  org.mule.processor.SedaStageLifecycleManager - Initialising service: 97-cache_management_appFlow.stage1
2017-11-30 16:02:27,494 [Mule.app.deployer.monitor.1.thread.1] INFO  org.mule.config.spring.SpringXmlConfigurationBuilder - Configured Mule using "org.mule.config.spring.SpringXmlConfigurationBuilder" with configuration resource(s): "[ConfigResource{resourceName='F:\workspace_mulesoft1\.mule\apps\97-cache_management_app\97-cache_management_app.xml'}]"
2017-11-30 16:02:27,494 [Mule.app.deployer.monitor.1.thread.1] INFO  org.mule.config.builders.AutoConfigurationBuilder - Configured Mule using "org.mule.config.builders.AutoConfigurationBuilder" with configuration resource(s): "[ConfigResource{resourceName='F:\workspace_mulesoft1\.mule\apps\97-cache_management_app\97-cache_management_app.xml'}]"
2017-11-30 16:02:27,495 [Mule.app.deployer.monitor.1.thread.1] INFO  org.mule.module.launcher.application.DefaultMuleApplication - 
++++++++++++++++++++++++++++++++++++++++++++++++++++++++++++
+ Starting app '97-cache_management_app'                   +
++++++++++++++++++++++++++++++++++++++++++++++++++++++++++++
2017-11-30 16:02:27,498 [Mule.app.deployer.monitor.1.thread.1] INFO  org.mule.util.queue.QueueXaResourceManager - Starting ResourceManager
2017-11-30 16:02:27,498 [Mule.app.deployer.monitor.1.thread.1] INFO  org.mule.util.queue.QueueXaResourceManager - Started ResourceManager
2017-11-30 16:02:27,511 [Mule.app.deployer.monitor.1.thread.1] INFO  org.mule.module.http.internal.listener.DefaultHttpListenerConfig - Listening for requests on http://0.0.0.0:8083
2017-11-30 16:02:27,515 [Mule.app.deployer.monitor.1.thread.1] INFO  org.mule.modules.oauth2.provider.agents.DefaultSplashScreenAgent - 
++++++++++++++++++++++++++++++++++++++++++++++++++++++++++++++++++++++++++++++++
+ DevKit Extensions (0) used in this application 
                             +
++++++++++++++++++++++++++++++++++++++++++++++++++++++++++++++++++++++++++++++++
2017-11-30 16:02:27,516 [Mule.app.deployer.monitor.1.thread.1] INFO  org.mule.lifecycle.AbstractLifecycleManager - Starting model: _muleSystemModel
2017-11-30 16:02:27,517 [Mule.app.deployer.monitor.1.thread.1] INFO  org.mule.construct.FlowConstructLifecycleManager - Starting flow: 97-cache_management_appFlow
2017-11-30 16:02:27,517 [Mule.app.deployer.monitor.1.thread.1] INFO  org.mule.processor.SedaStageLifecycleManager - Starting service: 97-cache_management_appFlow.stage1
2017-11-30 16:02:27,532 [Mule.app.deployer.monitor.1.thread.1] INFO  org.mule.module.management.agent.WrapperManagerAgent - This JVM hasn't been launched by the wrapper, the agent will not run.
2017-11-30 16:02:27,536 [Mule.app.deployer.monitor.1.thread.1] INFO  org.mule.DefaultMuleContext - 
**********************************************************************
* Application: 97-cache_management_app                               *
* OS encoding: \, Mule encoding: UTF-8                               *
*                                                                    *
* Agents Running:                                                    *
*   Batch module default engine                                      *
*   JMX Agent                                                        *
*   DevKit Extension Information                                     *
*   Wrapper Manager                                                  *
**********************************************************************
2017-11-30 16:03:12,568 [Mule.app.deployer.monitor.1.thread.1] INFO  org.mule.module.launcher.application.DefaultMuleApplication - 
++++++++++++++++++++++++++++++++++++++++++++++++++++++++++++
+ Stopping app '97-cache_management_app'                   +
++++++++++++++++++++++++++++++++++++++++++++++++++++++++++++
2017-11-30 16:03:12,572 [Mule.app.deployer.monitor.1.thread.1] INFO  org.mule.construct.FlowConstructLifecycleManager - Stopping flow: 97-cache_management_appFlow
2017-11-30 16:03:12,572 [Mule.app.deployer.monitor.1.thread.1] INFO  org.mule.processor.SedaStageLifecycleManager - Stopping service: 97-cache_management_appFlow.stage1
2017-11-30 16:03:12,589 [Mule.app.deployer.monitor.1.thread.1] INFO  org.mule.lifecycle.AbstractLifecycleManager - Stopping model: _muleSystemModel
2017-11-30 16:03:12,600 [Mule.app.deployer.monitor.1.thread.1] INFO  org.mule.module.http.internal.listener.DefaultHttpListenerConfig - Stopped listener on http://0.0.0.0:8083
2017-11-30 16:03:12,603 [Mule.app.deployer.monitor.1.thread.1] INFO  org.mule.util.queue.QueueXaResourceManager - Stopping ResourceManager
2017-11-30 16:03:12,603 [Mule.app.deployer.monitor.1.thread.1] INFO  org.mule.util.queue.QueueXaResourceManager - Stopped ResourceManager
2017-11-30 16:03:12,607 [Mule.app.deployer.monitor.1.thread.1] INFO  org.mule.module.launcher.application.DefaultMuleApplication - 
++++++++++++++++++++++++++++++++++++++++++++++++++++++++++++
+ Disposing app '97-cache_management_app'                  +
++++++++++++++++++++++++++++++++++++++++++++++++++++++++++++
2017-11-30 16:03:12,607 [Mule.app.deployer.monitor.1.thread.1] INFO  org.mule.lifecycle.AbstractLifecycleManager - Disposing RegistryBroker
2017-11-30 16:03:12,608 [Mule.app.deployer.monitor.1.thread.1] INFO  org.mule.construct.FlowConstructLifecycleManager - Disposing flow: 97-cache_management_appFlow
2017-11-30 16:03:12,608 [Mule.app.deployer.monitor.1.thread.1] INFO  org.mule.processor.SedaStageLifecycleManager - Disposing service: 97-cache_management_appFlow.stage1
2017-11-30 16:03:12,610 [Mule.app.deployer.monitor.1.thread.1] INFO  org.mule.lifecycle.AbstractLifecycleManager - Disposing model: _muleSystemModel
2017-11-30 16:03:12,635 [Mule.app.deployer.monitor.1.thread.1] INFO  org.mule.config.spring.MuleArtifactContext - Closing org.mule.config.spring.MuleArtifactContext@20f3344a: startup date [Thu Nov 30 16:02:26 IST 2017]; root of context hierarchy
2017-11-30 16:03:12,637 [Mule.app.deployer.monitor.1.thread.1] INFO  org.mule.DefaultMuleContext - 
**********************************************************************
* Application "97-cache_management_app" shut down normally on:       *
* 11/30/17 4:03 PM                                                   *
* Up for: 0 days, 0 hours, 0 mins, 45.142 sec                        *
**********************************************************************
2017-11-30 16:03:13,263 [Mule.app.deployer.monitor.1.thread.1] INFO  org.mule.module.launcher.application.DefaultMuleApplication - 
++++++++++++++++++++++++++++++++++++++++++++++++++++++++++++
+ Initializing app '97-cache_management_app'               +
++++++++++++++++++++++++++++++++++++++++++++++++++++++++++++
2017-11-30 16:03:13,276 [Mule.app.deployer.monitor.1.thread.1] INFO  org.mule.lifecycle.AbstractLifecycleManager - Initialising RegistryBroker
2017-11-30 16:03:13,294 [Mule.app.deployer.monitor.1.thread.1] INFO  org.mule.module.extension.internal.manager.DefaultExtensionManager - Starting discovery of extensions
2017-11-30 16:03:13,320 [Mule.app.deployer.monitor.1.thread.1] INFO  org.mule.module.extension.internal.manager.DefaultExtensionManager - Discovered 1 extensions
2017-11-30 16:03:13,320 [Mule.app.deployer.monitor.1.thread.1] INFO  org.mule.module.extension.internal.manager.DefaultExtensionManager - Registering extension validation (version 3.9)
2017-11-30 16:03:13,324 [Mule.app.deployer.monitor.1.thread.1] INFO  org.mule.config.spring.MuleArtifactContext - Refreshing org.mule.config.spring.MuleArtifactContext@20b7d87e: startup date [Thu Nov 30 16:03:13 IST 2017]; root of context hierarchy
2017-11-30 16:03:13,787 [Mule.app.deployer.monitor.1.thread.1] INFO  org.mule.config.spring.processors.NoDevkitInjectorProcessor - JSR-330 'javax.inject.Inject' annotation found and supported for autowiring
2017-11-30 16:03:13,980 [Mule.app.deployer.monitor.1.thread.1] INFO  org.mule.util.journal.TransactionJournal - Using files for tx logs F:\workspace_mulesoft1\.mule\.\.mule\97-cache_management_app\queue-tx-log\tx1.log and F:\workspace_mulesoft1\.mule\.\.mule\97-cache_management_app\queue-tx-log\tx2.log
2017-11-30 16:03:13,981 [Mule.app.deployer.monitor.1.thread.1] INFO  org.mule.util.journal.TransactionJournal - Using files for tx logs F:\workspace_mulesoft1\.mule\.\.mule\97-cache_management_app\queue-xa-tx-log\tx1.log and F:\workspace_mulesoft1\.mule\.\.mule\97-cache_management_app\queue-xa-tx-log\tx2.log
2017-11-30 16:03:13,990 [Mule.app.deployer.monitor.1.thread.1] INFO  org.mule.lifecycle.AbstractLifecycleManager - Initialising model: _muleSystemModel
2017-11-30 16:03:13,992 [Mule.app.deployer.monitor.1.thread.1] INFO  org.mule.construct.FlowConstructLifecycleManager - Initialising flow: 97-cache_management_appFlow
2017-11-30 16:03:13,992 [Mule.app.deployer.monitor.1.thread.1] INFO  org.mule.exception.DefaultMessagingExceptionStrategy - Initialising exception listener: org.mule.exception.DefaultMessagingExceptionStrategy@6be54301
2017-11-30 16:03:13,999 [Mule.app.deployer.monitor.1.thread.1] INFO  org.mule.processor.SedaStageLifecycleManager - Initialising service: 97-cache_management_appFlow.stage1
2017-11-30 16:03:14,034 [Mule.app.deployer.monitor.1.thread.1] INFO  org.mule.config.spring.SpringXmlConfigurationBuilder - Configured Mule using "org.mule.config.spring.SpringXmlConfigurationBuilder" with configuration resource(s): "[ConfigResource{resourceName='F:\workspace_mulesoft1\.mule\apps\97-cache_management_app\97-cache_management_app.xml'}]"
2017-11-30 16:03:14,034 [Mule.app.deployer.monitor.1.thread.1] INFO  org.mule.config.builders.AutoConfigurationBuilder - Configured Mule using "org.mule.config.builders.AutoConfigurationBuilder" with configuration resource(s): "[ConfigResource{resourceName='F:\workspace_mulesoft1\.mule\apps\97-cache_management_app\97-cache_management_app.xml'}]"
2017-11-30 16:03:14,041 [Mule.app.deployer.monitor.1.thread.1] INFO  org.mule.module.launcher.application.DefaultMuleApplication - 
++++++++++++++++++++++++++++++++++++++++++++++++++++++++++++
+ Starting app '97-cache_management_app'                   +
++++++++++++++++++++++++++++++++++++++++++++++++++++++++++++
2017-11-30 16:03:14,048 [Mule.app.deployer.monitor.1.thread.1] INFO  org.mule.util.queue.QueueXaResourceManager - Starting ResourceManager
2017-11-30 16:03:14,051 [Mule.app.deployer.monitor.1.thread.1] INFO  org.mule.util.queue.QueueXaResourceManager - Started ResourceManager
2017-11-30 16:03:14,069 [Mule.app.deployer.monitor.1.thread.1] INFO  org.mule.module.http.internal.listener.DefaultHttpListenerConfig - Listening for requests on http://0.0.0.0:8083
2017-11-30 16:03:14,075 [Mule.app.deployer.monitor.1.thread.1] INFO  org.mule.modules.oauth2.provider.agents.DefaultSplashScreenAgent - 
++++++++++++++++++++++++++++++++++++++++++++++++++++++++++++++++++++++++++++++++
+ DevKit Extensions (0) used in this application 
                             +
++++++++++++++++++++++++++++++++++++++++++++++++++++++++++++++++++++++++++++++++
2017-11-30 16:03:14,077 [Mule.app.deployer.monitor.1.thread.1] INFO  org.mule.lifecycle.AbstractLifecycleManager - Starting model: _muleSystemModel
2017-11-30 16:03:14,079 [Mule.app.deployer.monitor.1.thread.1] INFO  org.mule.construct.FlowConstructLifecycleManager - Starting flow: 97-cache_management_appFlow
2017-11-30 16:03:14,079 [Mule.app.deployer.monitor.1.thread.1] INFO  org.mule.processor.SedaStageLifecycleManager - Starting service: 97-cache_management_appFlow.stage1
2017-11-30 16:03:14,101 [Mule.app.deployer.monitor.1.thread.1] INFO  org.mule.module.management.agent.WrapperManagerAgent - This JVM hasn't been launched by the wrapper, the agent will not run.
2017-11-30 16:03:14,115 [Mule.app.deployer.monitor.1.thread.1] INFO  org.mule.DefaultMuleContext - 
**********************************************************************
* Application: 97-cache_management_app                               *
* OS encoding: \, Mule encoding: UTF-8                               *
*                                                                    *
* Agents Running:                                                    *
*   Batch module default engine                                      *
*   JMX Agent                                                        *
*   DevKit Extension Information                                     *
*   Wrapper Manager                                                  *
**********************************************************************
2017-11-30 16:03:55,105 [[97-cache_management_app].HTTP_Listener_Configuration.worker.01] WARN  com.mulesoft.mule.cache.ObjectStoreCachingStrategy - Message will be processed without cache: payload is consumable
2017-11-30 16:03:58,757 [[97-cache_management_app].HTTP_Listener_Configuration.worker.01] INFO  org.mule.api.processor.LoggerMessageProcessor - i m not getting data from database
2017-11-30 16:04:07,702 [[97-cache_management_app].HTTP_Listener_Configuration.worker.01] WARN  com.mulesoft.mule.cache.ObjectStoreCachingStrategy - Message will be processed without cache: payload is consumable
2017-11-30 16:04:14,910 [[97-cache_management_app].HTTP_Listener_Configuration.worker.01] INFO  org.mule.api.processor.LoggerMessageProcessor - i m not getting data from database
2017-11-30 16:04:24,802 [[97-cache_management_app].HTTP_Listener_Configuration.worker.01] WARN  com.mulesoft.mule.cache.ObjectStoreCachingStrategy - Message will be processed without cache: payload is consumable
2017-11-30 16:04:36,862 [[97-cache_management_app].HTTP_Listener_Configuration.worker.01] INFO  org.mule.api.processor.LoggerMessageProcessor - i m not getting data from database
2017-11-30 16:05:30,989 [[97-cache_management_app].HTTP_Listener_Configuration.worker.01] WARN  com.mulesoft.mule.cache.ObjectStoreCachingStrategy - Message will be processed without cache: payload is consumable
2017-11-30 16:05:37,499 [[97-cache_management_app].HTTP_Listener_Configuration.worker.01] INFO  org.mule.api.processor.LoggerMessageProcessor - i m not getting data from database
2017-11-30 16:06:41,532 [[97-cache_management_app].HTTP_Listener_Configuration.worker.01] WARN  com.mulesoft.mule.cache.ObjectStoreCachingStrategy - Message will be processed without cache: payload is consumable
2017-11-30 16:06:43,468 [[97-cache_management_app].HTTP_Listener_Configuration.worker.01] INFO  org.mule.api.processor.LoggerMessageProcessor - i m not getting data from database
2017-11-30 16:06:52,983 [[97-cache_management_app].HTTP_Listener_Configuration.worker.01] WARN  com.mulesoft.mule.cache.ObjectStoreCachingStrategy - Message will be processed without cache: payload is consumable
2017-11-30 16:06:57,455 [[97-cache_management_app].HTTP_Listener_Configuration.worker.01] INFO  org.mule.api.processor.LoggerMessageProcessor - i m not getting data from database
